# lattice-best-path --lm-scale=8 --word-symbol-table=exp/tri1/graph/words.txt "ark:gunzip -c exp/tri1/decode/lat.*.gz|" ark,t:exp/tri1/decode/scoring/8.tra 
# Started at Sat Apr  3 02:14:26 IST 2021
#
lattice-best-path --lm-scale=8 --word-symbol-table=exp/tri1/graph/words.txt 'ark:gunzip -c exp/tri1/decode/lat.*.gz|' ark,t:exp/tri1/decode/scoring/8.tra 
LOG (lattice-best-path[5.5.891~1-37628]:main():lattice-best-path.cc:99) For utterance knf_00001_00413020320, best cost 604.413 + 47860.1 = 48464.5 over 501 frames.
knf_00001_00413020320 ಈ ಶಾಖೆಯ ಕಾಯಿದೆ ಹೆಸರಿಗೆ ಕಾಯಿದೆ 
LOG (lattice-best-path[5.5.891~1-37628]:main():lattice-best-path.cc:99) For utterance knf_00001_00977247973, best cost 643.271 + 73823.1 = 74466.4 over 792 frames.
knf_00001_00977247973 ರಾಷ್ಟ್ರೀಯ ಹಾಗು ಅಂತಾರಾಷ್ಟ್ರೀಯ ನಿಯತಕಾಲಿಕಗಳು ಸಿಗುತ್ತವೆ 
LOG (lattice-best-path[5.5.891~1-37628]:main():lattice-best-path.cc:99) For utterance knf_00001_01200920211, best cost 564.412 + 51625.3 = 52189.7 over 544 frames.
knf_00001_01200920211 ಅಂತಾರಾಷ್ಟ್ರೀಯ ಕಾರ್ಟೆಲ್ಲುಗಳಲ್ಲಿ ಎರಡು ವಿದಾಯ ಈ 
LOG (lattice-best-path[5.5.891~1-37628]:main():lattice-best-path.cc:99) For utterance knf_00001_01610070590, best cost 761.41 + 76872.6 = 77634.1 over 826 frames.
knf_00001_01610070590 ಒಂದು ಸಾರ್ತಿ ಈ ಪಾರ್ಶ್ವಚಿತ್ರ ನಿರ್ಧಾರಣಾ ವಾದ ನಂತರ 
LOG (lattice-best-path[5.5.891~1-37628]:main():lattice-best-path.cc:99) For utterance knf_00001_01623910163, best cost 1336.08 + 92853.7 = 94189.8 over 945 frames.
knf_00001_01623910163 ಸರಣಿಯನ್ನು ಸಾಗಿಸುವ ಮೂವತ್ತಾರು ನಲ್ಲಿ ವಿಪರೀತ ಕಂಪನ ಮತ್ತು ಹಳೆ ಕರೆಂಟ್ ಸ್ಟೇಟ್ ಗಳು ಕಾಣಿಸಿಕೊಂಡವು 
LOG (lattice-best-path[5.5.891~1-37628]:main():lattice-best-path.cc:99) For utterance knf_00001_01676291107, best cost 508.501 + 67260.3 = 67768.8 over 689 frames.
knf_00001_01676291107 ಅದರಿಂದಲೇ ಶರೀರಕ್ರಿಯಾವಿಜ್ಞಾನವನ್ನು ನೋಡಬೇಕು 
LOG (lattice-best-path[5.5.891~1-37628]:main():lattice-best-path.cc:99) For utterance knf_00254_00142887464, best cost 2030.65 + 121840 = 123870 over 1124 frames.
knf_00254_00142887464 ನೈಟ್ರೊಜನ್ ಮೇ ನ ಕೊರತೆಯ ತೀವ್ರತೆಯನ್ನು ಕಂಡುಕೊಳ್ಳಬೇಕಾದರೆ ಅದರ ಅಂಶ ಅ ಸಸ್ಯಾಂಗದ ಯಾವ ಭಾಗದಲ್ಲಿ ಪ್ರಪ್ರಥಮ ಆ ಕಡಿಮೆಯಾಗಿರುತ್ತದೆ ಯು ಅಲ್ಲಿ ಪರೀಕ್ಷೆ ಮಾಡಬೇಕು 
LOG (lattice-best-path[5.5.891~1-37628]:main():lattice-best-path.cc:99) For utterance knf_00254_00386694014, best cost 1360.42 + 96090.1 = 97450.5 over 885 frames.
knf_00254_00386694014 ಅಲ್ಲದೆ ಜ್ವೆಜ್ದ ಹೊರಾಂಗಣದ ಮೇಲಿರುವ ಆಂಟೆನಗಳ ಮೂಲಕ ಅರ್ಥವೂ ನಿಯಂತ್ರಣಾ ಕಕ್ಷಾ ಸಂಪರ್ಕ ಕೇಂದ್ರಗಳಿಗೆ ಕಳಿಸಲಾಗುತ್ತಿದೆ 
LOG (lattice-best-path[5.5.891~1-37628]:main():lattice-best-path.cc:99) For utterance knf_00254_00422041099, best cost 1272.57 + 81200.7 = 82473.2 over 757 frames.
knf_00254_00422041099 ಈ ವಲಯದ ಮೂಲಕವೇ ನೆಲದಮೇಲೆ ಬಿತ್ತನೆ ಇರುವ ನಿಧಾನ ಗತಿಯಲ್ಲಿ ಜಿನುಗಿ ಅಂತರ್ಜಲ ಭಂಡಾರವಾಗುತ್ತದೆ 
LOG (lattice-best-path[5.5.891~1-37628]:main():lattice-best-path.cc:99) For utterance knf_00254_00567573707, best cost 447.133 + 27945.7 = 28392.8 over 280 frames.
knf_00254_00567573707 ಇದರ ಸ್ಥಾಪಕ ವಿಲ್ಹೆಮ್ ಉಂಟು 
LOG (lattice-best-path[5.5.891~1-37628]:main():lattice-best-path.cc:99) For utterance knf_00254_00872855172, best cost 185.311 + 17722.7 = 17908 over 203 frames.
knf_00254_00872855172 ರೈಲ್ವೆ 
LOG (lattice-best-path[5.5.891~1-37628]:main():lattice-best-path.cc:99) For utterance knf_00254_01109646751, best cost 1662.51 + 116345 = 118008 over 1065 frames.
knf_00254_01109646751 ಈ ಸಂಸ್ಥೆ ತನ್ನ ಬಂಡವಾಳ ವಿನಿಯೋಗದ ಜೊತೆಗೆ ದೇಶದ ಆರ್ಥಿಕ ಬೆಳವಣಿಗೆಗೆ ಅಗತ್ಯವಾದ ಎಲ್ಲ ಅಂಶಗಳನ್ನು ಏರ್ಪಾಟುಗಳನ್ನೂ ವಿಮರ್ಶೆಮಾಡುವ ಹೊಣೆಗಾರಿಕೆಯನ್ನು ಹೊತ್ತಿದೆ 
LOG (lattice-best-path[5.5.891~1-37628]:main():lattice-best-path.cc:99) For utterance knf_00254_01445391292, best cost 677.539 + 41544 = 42221.5 over 399 frames.
knf_00254_01445391292 ಅಲ್ಲದೇ ಅವುಗಳನ್ನು ಅಲ್ಲಿನ ಅಡುಗೆ ಮನೆಯಲ್ಲಿ ಬೇಯಿಸುತ್ತಾರೆ 
LOG (lattice-best-path[5.5.891~1-37628]:main():lattice-best-path.cc:99) For utterance knf_00254_01541969378, best cost 1071.76 + 104166 = 105238 over 1005 frames.
knf_00254_01541969378 ಸರ್ಕಾರದ ಖಜಾನೆಯ ಇಷ್ಟಾನುಸಾರವಾಗಿ ಎಚ್ಚರ ವ್ಯಾಪಕವಾದ ಬಹಿರಂಗಪಡಿಸುವಿಕೆಯ ಅವಶ್ಯಕತೆಯು ಕಂಡುಬರಬಹುದು 
LOG (lattice-best-path[5.5.891~1-37628]:main():lattice-best-path.cc:99) For utterance knf_00254_01647525555, best cost 736.508 + 35836.4 = 36572.9 over 339 frames.
knf_00254_01647525555 ಭದ್ರ ಡ್ಯಾಂ ಎಂಬುದು ಒಂದು ಪ್ರವಾಸ ಇ ಕೇಂದ್ರವಾಗಿದೆ 
LOG (lattice-best-path[5.5.891~1-37628]:main():lattice-best-path.cc:99) For utterance knf_00254_01705277091, best cost 947.592 + 84836.9 = 85784.4 over 834 frames.
knf_00254_01705277091 ವ್ಯವಸ್ಥಾಪಕ ನಿರ್ದೇಶಕರನ್ನು ನಿರ್ಧರಿಸುವ ಕಾರ್ಯನಿರ್ವಾಹಕ ನಿರ್ದೇಶಕರನ್ನು ಆಳಕ್ಕೆ ಮಾಡಲಾಗುತ್ತದೆ 
LOG (lattice-best-path[5.5.891~1-37628]:main():lattice-best-path.cc:99) For utterance knf_00557_00470699635, best cost 457.197 + 50683.2 = 51140.4 over 510 frames.
knf_00557_00470699635 ಅಂಗುತ್ತರವೆಂದರೆ ಇನ್ನೊಂದು ಅಂಗವೆಂದರ್ಥ 
LOG (lattice-best-path[5.5.891~1-37628]:main():lattice-best-path.cc:99) For utterance knf_00557_00693422845, best cost 848.326 + 68612.7 = 69461 over 706 frames.
knf_00557_00693422845 ಇಂದ್ರನಂತೆ ನೂರಾರು ಕುದುರೆಗಳು ಹೂಡಿದ ರಥದಲ್ಲಿ ಸಂಚರಿಸುವವನು ಅ 
LOG (lattice-best-path[5.5.891~1-37628]:main():lattice-best-path.cc:99) For utterance knf_00557_01097230618, best cost 625.853 + 50121.9 = 50747.8 over 501 frames.
knf_00557_01097230618 ಪರ್ವತಗಳು ವಾಯುವೂ ಅನುಗುಣವಾಗಿದೆ ಕಂಪಿಸುವುವು 
LOG (lattice-best-path[5.5.891~1-37628]:main():lattice-best-path.cc:99) For utterance knf_00557_01128272548, best cost 321.84 + 29005.8 = 29327.6 over 314 frames.
knf_00557_01128272548 ಸರ್ಪವೇದ ಅ 
LOG (lattice-best-path[5.5.891~1-37628]:main():lattice-best-path.cc:99) For utterance knf_00557_01945435360, best cost 550.19 + 46682.1 = 47232.3 over 442 frames.
knf_00557_01945435360 ಹೂಗೊಂಚಲಿನಲ್ಲಿ ಹಣ್ಣು ಅವುಗಳು ಮಾತ್ರವಿದೆ 
LOG (lattice-best-path[5.5.891~1-37628]:main():lattice-best-path.cc:99) For utterance knf_01493_00404659685, best cost 1323.96 + 108599 = 109923 over 1090 frames.
knf_01493_00404659685 ಈ ವಿದ್ಯುನ್ಮಂಡಲದಲ್ಲಿ ವಿದ್ಯುತ್ತಿನಿಂದ ವಿದ್ಯುತ್ ಪೂರಣವಾದ ಅಣುವಿನ ಸ್ಥಾಯೀ ಈ ವಿದ್ಯುತ್ತಿನ ಅಂತಸ್ಥ ಶಕ್ತಿಯಾಗಿದೆ 
LOG (lattice-best-path[5.5.891~1-37628]:main():lattice-best-path.cc:99) For utterance knf_01493_00497544022, best cost 783.805 + 65282.1 = 66065.9 over 664 frames.
knf_01493_00497544022 ಈ ತತ್ವವನ್ನು ಭಾರತದಲ್ಲಿ ವ್ಯವಸಾಯ ಕ್ಷೇತ್ರದಲ್ಲಿ ಬಹಳವಾಗಿ ಉಪಯೋಗಿಸುತ್ತಾರೆ 
LOG (lattice-best-path[5.5.891~1-37628]:main():lattice-best-path.cc:99) For utterance knf_01493_01634609182, best cost 796.126 + 58707.2 = 59503.3 over 587 frames.
knf_01493_01634609182 ಇದು ನಿಲ್ದಾಣ ಗಾಜು ನಾನಾ ಯೋಜನೆಗಳಿಗೆ ತಾತ್ಕಾಲಿಕ ತಡೆಯೊಡ್ಡಿತು 
LOG (lattice-best-path[5.5.891~1-37628]:main():lattice-best-path.cc:99) For utterance knf_01493_01656566847, best cost 781.18 + 54442.9 = 55224.1 over 544 frames.
knf_01493_01656566847 ಹತ್ತಿಯನ್ನು ಬೆಳೆದು ಎಲ್ಲವನ್ನೂ ಹೊರದೇಶಗಳಿಗೆ ರಫ್ತು ಮಾಡುತ್ತಾರೆ 
LOG (lattice-best-path[5.5.891~1-37628]:main():lattice-best-path.cc:99) For utterance knf_01493_01861639807, best cost 1122.63 + 75562.1 = 76684.7 over 749 frames.
knf_01493_01861639807 ಹಸುಗೂಸಿನಲ್ಲಿ ಕಾಣಬರುವ ರಕ್ತ ಕೊರತೆ ಬಹುಮಟ್ಟಿನ ಕಾರಣ ರೋಗದ ಜನ ತಂದೆ 
LOG (lattice-best-path[5.5.891~1-37628]:main():lattice-best-path.cc:99) For utterance knf_01493_01995951894, best cost 1234.22 + 97056.6 = 98290.8 over 988 frames.
knf_01493_01995951894 ಜಗತ್ಕಾರಣವಾದ ಪರತತ್ತ್ವವೇ ಹೀಗೆ ಬೇರೆ ಬೇರೆ ರೂಪಗಳಲ್ಲಿ ನಮ್ಮನ್ನು ಕೈಹಿಡಿದು ನಡೆಸುತ್ತದೆ ಎಂದು ವರ್ಣಿಸಿದ್ದಾರೆ 
LOG (lattice-best-path[5.5.891~1-37628]:main():lattice-best-path.cc:99) For utterance knf_01779_01043659655, best cost 1025.87 + 79228.7 = 80254.6 over 792 frames.
knf_01779_01043659655 ಅಂಜದೀವ್ನ ಬಳಿ ಭಾರತದ ಜಲನೌಕೆಗಳು ಮೊದಲಾದ ಪೋರ್ಚುಗೀಸ್ ಪಡೆಗಳು ಶರಣಾಗತವಾದವು 
LOG (lattice-best-path[5.5.891~1-37628]:main():lattice-best-path.cc:99) For utterance knf_01779_01102803566, best cost 491.829 + 49526.6 = 50018.4 over 527 frames.
knf_01779_01102803566 ಮೊದಲು ಇದು ಪೋರ್ಚುಗೀಸರ ಸ್ವಾಧೀನದಲ್ಲಿತ್ತು 
LOG (lattice-best-path[5.5.891~1-37628]:main():lattice-best-path.cc:99) For utterance knf_01779_01391037344, best cost 980.59 + 76661.2 = 77641.8 over 766 frames.
knf_01779_01391037344 ಉದಾಹರಣೆಗೆ ಎರಡು ತಂಡಗಳು ಪರಸ್ಪರ ಎದುರುಬದರಾಗಿ ಸಂಧಿಸಿ ಮಂದವಾದ ಭಾರತವೂ 
LOG (lattice-best-path[5.5.891~1-37628]:main():lattice-best-path.cc:99) For utterance knf_01779_02024713720, best cost 761.03 + 66367.3 = 67128.3 over 681 frames.
knf_01779_02024713720 ಅಂತರ್ಜಾಲ ಸೌಲಭ್ಯ ಇಲ್ಲದವರಿಗೆ ಅಂತಾರಾಷ್ಟ್ರೀಯ ಧನಾದೇಶ ಸ್ವೀಕೃತಿ 
LOG (lattice-best-path[5.5.891~1-37628]:main():lattice-best-path.cc:99) For utterance knf_01796_00681401725, best cost 963.882 + 67956.6 = 68920.5 over 664 frames.
knf_01796_00681401725 ಆದರು ಕೂಡಾ ಈ ಅಂದಾಜನ್ನು ಅಪೋಲೋ ಪ್ರೋಗ್ರಾಂನ ಕಾಗದದ ಮೇಲೆ ಮಾಡಲಾಗಿದ್ದು 
LOG (lattice-best-path[5.5.891~1-37628]:main():lattice-best-path.cc:99) For utterance knf_01796_00821693610, best cost 1281.81 + 100282 = 101564 over 1031 frames.
knf_01796_00821693610 ಆಲದ ಇಂತಹ ಶಿಲೆಗಳಲ್ಲಿ ಹೆಚ್ಚಿನ ವೇಳೆ ಬಿರುಕುಗಳಿರುವುದರಿಂದ ಇವುಗಳ ಮೂಲಕ ನೀರು ನೆಲದಾಳಕ್ಕೆ ಇಳಿಯುತ್ತದೆ 
LOG (lattice-best-path[5.5.891~1-37628]:main():lattice-best-path.cc:99) For utterance knf_01796_01050913875, best cost 2438.5 + 193153 = 195592 over 1918 frames.
knf_01796_01050913875 ಸಮಯಸಾಧಕ ಮುಂದಾಳುಗಳು ಈ ಅಂತಾರಾಷ್ಟ್ರೀಯದ ಕಡೆಯ ವರ್ಷಗಳಲ್ಲಿ ಸಮಾಜವಾದಿ ತತ್ವವನ್ನು ಕೈಬಿಟ್ಟು ಗುಜರಾತ್ ಸುಧಾರಣಾ ನೀತಿಗೆ ಮಾರುಹೋಗಿ ಅದರ ಕ್ರಾಂತಿಕಾರಿ ನೀತಿಯನ್ನು ಮಟ್ಟಕ್ಕು ಅ ಮಾಡಿದರು 
LOG (lattice-best-path[5.5.891~1-37628]:main():lattice-best-path.cc:99) For utterance knf_02049_00114697512, best cost 1611.14 + 130794 = 132405 over 1210 frames.
knf_02049_00114697512 ಅಲ್ಲದೇ ಒಂದು ಗಗನಯಾತ್ರೆಯ ಕಮಾಂಡರ್ ಮತ್ತು ಗಗನಯಾತ್ರೆಯ ಕಮಾಂಡರ್ ಗೆ ನಿಲ್ದಾಣವನ್ನು ಅಧಿಕೃತವಾಗಿ ಒಪ್ಪಿಸಿದ ನಂತರದ ಗಗನಯಾತ್ರೆಯನ್ನು ಪ್ರಾರಂಭಿಸಲಾಗುತ್ತದೆ 
LOG (lattice-best-path[5.5.891~1-37628]:main():lattice-best-path.cc:99) For utterance knf_02049_00235999111, best cost 494.882 + 36009.2 = 36504.1 over 356 frames.
knf_02049_00235999111 ಇದರ ರಾಜ ವಿಶ್ವದಷ್ಟು ವಿಸ್ತಾರ 
LOG (lattice-best-path[5.5.891~1-37628]:main():lattice-best-path.cc:99) For utterance knf_02049_01735356079, best cost 561.134 + 59903 = 60464.1 over 587 frames.
knf_02049_01735356079 ಇದರಿಂದಾಗಿ ದ್ವಿತೀಯ ಅಂತಾರಾಷ್ಟ್ರೀಯ ಅವಸಾನಗೊಂಡಿತು 
LOG (lattice-best-path[5.5.891~1-37628]:main():lattice-best-path.cc:99) For utterance knf_02049_01784472631, best cost 878.86 + 77859.4 = 78738.2 over 732 frames.
knf_02049_01784472631 ವೈಜ್ಞಾನಿಕವಾಗಿ ಪೂರಕ ಪ್ರದೇಶದಿಂದ ವಿಸರ್ಜಕ ಪ್ರದೇಶಗಳೆಡೆಗೆ ಹರಿಯುತ್ತದೆ 
LOG (lattice-best-path[5.5.891~1-37628]:main():lattice-best-path.cc:99) For utterance knf_02049_01955479682, best cost 1101.77 + 77238.1 = 78339.8 over 715 frames.
knf_02049_01955479682 ಹಗಲಿನ ಶಸ್ತ್ರಚಿಕಿತ್ಸಾ ಕೇಂದ್ರಗಳ ಮೂಲಕ ಅನೇಕ ರೋಗಿಗಳ ಅಫ್ ನಿಗಾವಣೆ ನಡೆಯುತ್ತಿದ್ದು 
LOG (lattice-best-path[5.5.891~1-37628]:main():lattice-best-path.cc:99) For utterance knf_02049_02025772085, best cost 777.432 + 70699.6 = 71477 over 664 frames.
knf_02049_02025772085 ಇವುಗಳನ್ನು ಮೂಲವಾಗಿಟ್ಟುಕೊಂಡು ಎಲ್ಲ ಜಟಿಲವಾದ ಸಮಸ್ಯೆಗಳನ್ನು ಬಗೆಹರಿಸಬಹುದು 
LOG (lattice-best-path[5.5.891~1-37628]:main():lattice-best-path.cc:99) For utterance knf_02173_00088208001, best cost 279.237 + 24777.8 = 25057 over 271 frames.
knf_02173_00088208001 ಎಂಟ್ನೂರು ಮೀಟರ್‌ಗಳಲ್ಲಿ 
LOG (lattice-best-path[5.5.891~1-37628]:main():lattice-best-path.cc:99) For utterance knf_02173_00798528092, best cost 346.893 + 23767 = 24113.8 over 245 frames.
knf_02173_00798528092 ರಾಂಪ್‌ನಲ್ಲಿ ಬಲಕ್ಕೆ ತಿರುಗಿ 
LOG (lattice-best-path[5.5.891~1-37628]:main():lattice-best-path.cc:99) For utterance knf_02173_02031667415, best cost 274.723 + 25319.8 = 25594.5 over 280 frames.
knf_02173_02031667415 ನಾಲ್ನೂರು ಗಜಗಳಲ್ಲಿ 
LOG (lattice-best-path[5.5.891~1-37628]:main():lattice-best-path.cc:99) For utterance knf_03271_00149014152, best cost 989.732 + 67934.8 = 68924.5 over 681 frames.
knf_03271_00149014152 ಫ್ರೆಂಚ್ ಮತ್ತು ಜರ್ಮನ್ ಮಾರ್ಕ್ಸ್ ವಾದಿಗಳು ಇದರ ಸ್ಥಾಪನೆಯ ಕಾಲದಲ್ಲಿ ಪ್ರಭಾವಶಾಲಿಗಳಾಗಿದ್ದರು 
LOG (lattice-best-path[5.5.891~1-37628]:main():lattice-best-path.cc:99) For utterance knf_03271_01280046274, best cost 732.601 + 53696.7 = 54429.3 over 527 frames.
knf_03271_01280046274 ಮಣ್ಣು ಹಾಗು ಸಂಪುಟದ ನಡುವಿನ ಜಾಗವನ್ನು ಒತ್ತಡಕ್ಕೊಳಪಡಿಸಿರುತ್ತಾರೆ 
LOG (lattice-best-path[5.5.891~1-37628]:main():lattice-best-path.cc:99) For utterance knf_03271_01629528503, best cost 1046.62 + 63344.3 = 64390.9 over 612 frames.
knf_03271_01629528503 ಚಿತ್ರವನ್ನು ಕೆಲವೊಮ್ಮೆ ವಾರ್ನಿಷ್ ಅಥವಾ ಕೆಲವು ಇತರ ಮುದ್ರಕಗಳನ್ನು ರಕ್ಷಣೆಯಾಗಿ ಲೇಪನ ಮಾಡಲಾಗುತ್ತದೆ 
LOG (lattice-best-path[5.5.891~1-37628]:main():lattice-best-path.cc:99) For utterance knf_03271_02015774897, best cost 1551.81 + 100641 = 102193 over 979 frames.
knf_03271_02015774897 ಸಸ್ಯದಲ್ಲಿ ತಗ್ಗಿದ ಉಷ್ಣತೆ ಚಿಕಿತ್ಸೆ ಹೆಚ್ಚಾದಂತೆ ಬಿತ್ತನೆ ಮಾಡುವುದಕ್ಕೂ ಮತ್ತು ಕೊಯಿಲು ಮಾಡುವುದಕ್ಕೂ ಮತ್ತೆ ಇರುವ ಕಾಲವು ಕಡಿಮೆಯಾಗುತ್ತದೆ 
LOG (lattice-best-path[5.5.891~1-37628]:main():lattice-best-path.cc:99) For utterance knf_03271_02018138424, best cost 1152.6 + 82532.6 = 83685.2 over 800 frames.
knf_03271_02018138424 ರಂದ್ರಯುಕ್ತಿಗಳ ಕ್ರಿಯಾತ್ಮಕ ಗುಂಪು ನಿರ್ದಿಷ್ಟ ಅಂಗಾಂಶಗಳಿಗೆ ಚಿಕ್ಕ ಅಣುಗಳ ಸಾಗಾಣಿಕೆಯಲ್ಲಿ ಉಪಯೋಗವಾಗಬಹುದು 
LOG (lattice-best-path[5.5.891~1-37628]:main():lattice-best-path.cc:99) For utterance knf_03467_00276108653, best cost 631.065 + 50534 = 51165.1 over 519 frames.
knf_03467_00276108653 ಪೂರ್ವ ಮತ್ತು ಪಶ್ಚಿಮ ಭಾಗಗಳ ನಡುವಿನ ಪ್ರಸ್ಥಭೂಮಿ 
LOG (lattice-best-path[5.5.891~1-37628]:main():lattice-best-path.cc:99) For utterance knf_03467_00296369160, best cost 663.614 + 72810.6 = 73474.2 over 809 frames.
knf_03467_00296369160 ಪ್ರಕೃತಿಯ ರೌದ್ರ ಸ್ವರೂಪವನ್ನು ಇವನು ಪ್ರತಿನಿಧಿಸುತ್ತಾನೆ 
LOG (lattice-best-path[5.5.891~1-37628]:main():lattice-best-path.cc:99) For utterance knf_03467_00425446801, best cost 624.046 + 63536.3 = 64160.4 over 664 frames.
knf_03467_00425446801 ಅಂತಾರಾಷ್ಟ್ರೀಯ ವ್ಯವಹಾರವು ಅಂತರಾಷ್ಟ್ರೀಯ ವ್ಯಾಪಾರಕ್ಕಿಂತ ವಿಶಾಲವಾಗಿದೆ 
LOG (lattice-best-path[5.5.891~1-37628]:main():lattice-best-path.cc:99) For utterance knf_03467_00623433865, best cost 1880.48 + 166841 = 168721 over 1696 frames.
knf_03467_00623433865 ಅಂತರ್ಜಾಲಗಳು ಬಳಕೆದಾರನ ನಿರ್ದಿಷ್ಟ ಒ ಉದ್ದೇಶದ ಮೇಲೆ ಅವಲಂಬಿತವಾಗಿರುವುದರಿಂದ ನಿಯೋಗವು ಯಾರೊಂದಿಗೆ ಮುಖಾಮುಖಿ ಮಾಡುತ್ತಿರುವಿರೆಂದು ನಿಮಗೆ ನಿರ್ದಿಷ್ಟವಾಗಿ ತಿಳಿದಿರುತ್ತದೆ 
LOG (lattice-best-path[5.5.891~1-37628]:main():lattice-best-path.cc:99) For utterance knf_03467_01959641002, best cost 1410.35 + 110117 = 111527 over 1133 frames.
knf_03467_01959641002 ಸರ್ಕಾರಿ ಕ್ಷೇತ್ರಕ್ಕೆ ಸೇರಿದ ಉದ್ಯಮಗಳಿಗೆ ಅಥವಾ ವಿಶೇಷವಾಗಿ ಸರ್ಕಾರಿ ಪ್ರಭಾವಕ್ಕೆ ಒಳಪಟ್ಟಿರುವ ಸಂಸ್ಥೆಗಳಿಗೆ ನೆರವು ಸಿಗುವುದಿಲ್ಲ 
LOG (lattice-best-path[5.5.891~1-37628]:main():lattice-best-path.cc:99) For utterance knf_03574_00145342156, best cost 907.685 + 50234.1 = 51141.8 over 501 frames.
knf_03574_00145342156 ಹಚ್ಚುವ ಮೊದಲು ಲೋಕಗಳ ಮೈಯನ್ನು ಉಜ್ಜಿ ಒರಟು ಮಾಡುವುದು ಒಳ್ಳೆಯದು 
LOG (lattice-best-path[5.5.891~1-37628]:main():lattice-best-path.cc:99) For utterance knf_03574_00156386493, best cost 614.135 + 45453.5 = 46067.7 over 467 frames.
knf_03574_00156386493 ಒಂದನೆಯ ಮಹಾಯುದ್ಧಕ್ಕೂ ಇದೇ ಮೂಲವೆನ್ನುವವರೂ ಇದ್ದಾರೆ 
LOG (lattice-best-path[5.5.891~1-37628]:main():lattice-best-path.cc:99) For utterance knf_03574_00338085389, best cost 1526.75 + 106325 = 107852 over 1065 frames.
knf_03574_00338085389 ಅಂತರ್ಜಾಲದ ಬಳಕೆ ಮತ್ತು ಹೊಸ ಆ ತಂತ್ರಜ್ಞಾನಗಳು ಕಾಲಾನುಕ್ರಮದಲ್ಲಿ ವಿಕಸಿತವಾಗುತ್ತ ಆ ಹೋದಂತೆ ಈ ವಿಧಾನಗಳೂ ಕೂಡಾ ಬದಲಾಗುತ್ತಿವೆ 
LOG (lattice-best-path[5.5.891~1-37628]:main():lattice-best-path.cc:99) For utterance knf_03574_01609069976, best cost 654.108 + 42883.2 = 43537.3 over 442 frames.
knf_03574_01609069976 ಅಲ್ಲದೆ ಅದಕ್ಕೆ ಅಗತ್ಯ ತರಬೇತಿ ವ್ಯವಸ್ಥೆ ಮಾಡಿದರು 
LOG (lattice-best-path[5.5.891~1-37628]:main():lattice-best-path.cc:99) For utterance knf_03755_00398180127, best cost 980.801 + 74363.1 = 75343.9 over 766 frames.
knf_03755_00398180127 ಹಗಲಿನ ವೇಳೆಯಲ್ಲಿನ ಭೂಮಿಯ ಮೇಲೆ ಬೆಳಕಿರುವ ಭಾಗದಲ್ಲಿ ಬ್ಯಾಟರಿಗಳನ್ನು ಪುನರಾವೇಶಿಸಲಾಗುತ್ತದೆ 
LOG (lattice-best-path[5.5.891~1-37628]:main():lattice-best-path.cc:99) For utterance knf_03755_00400685745, best cost 366.996 + 35886.1 = 36253.1 over 382 frames.
knf_03755_00400685745 ಈ ನಿದರ್ಶನದಲ್ಲಿ ಮಾಡಬಹುದಾಗಿದೆ 
LOG (lattice-best-path[5.5.891~1-37628]:main():lattice-best-path.cc:99) For utterance knf_03755_00509615417, best cost 597.276 + 44558.9 = 45156.2 over 476 frames.
knf_03755_00509615417 ಇಂತಹ ಹಂಚಿಕೆಯನ್ನು ಹಲವಾರು ವಿಧಾನಗಳಲ್ಲಿ ಮಾಡಬಹುದು 
LOG (lattice-best-path[5.5.891~1-37628]:main():lattice-best-path.cc:99) For utterance knf_03755_01420581943, best cost 1225.33 + 87048.9 = 88274.2 over 877 frames.
knf_03755_01420581943 ಆದರೂ ಅಂತಹ ತುಣುಕುಗಳು ಸ್ವತಃ ತಮ್ಮನ್ನು ಬೃಹತ್ ಗೋಡೆಗಳು ಅಥವಾ ಏಕಶಿಲೆಗಳಾಗಿ ಪ್ರಸ್ತುತಪಡಿಸುತ್ತದೆ 
LOG (lattice-best-path[5.5.891~1-37628]:main():lattice-best-path.cc:99) For utterance knf_03755_01455637299, best cost 1514.59 + 88824.4 = 90338.9 over 877 frames.
knf_03755_01455637299 ಏಕೆಂದರೆ ಅವರು ಉಸಿರಿನ ಮೂಲಕ ಹೊರಹಾಕಿದ ಇಂಗಾಲದ ಡೆ ಆಕ್ಸೈಡ್ ನ ಗುಳ್ಳೆಗಳು ಅವರ ತಲೆಯ ಸುತ್ತಲೇ ಉಳಿದುಕೊಳ್ಳುತ್ತವೆ 
LOG (lattice-best-path[5.5.891~1-37628]:main():lattice-best-path.cc:99) For utterance knf_03844_01662506119, best cost 1033.84 + 81645.2 = 82679 over 792 frames.
knf_03844_01662506119 ಈ ಈ ತಿನ್ನಲು ಪ್ರಾರಂಭಕ್ಕೆ ಅನೇಕ ವಿಶ್ವ ನಾಯಕರಿಂದ ಸಹಕಾರ ಮುದ್ರಿತ ಇದೆ 
LOG (lattice-best-path[5.5.891~1-37628]:main():lattice-best-path.cc:99) For utterance knf_03844_01783103658, best cost 1419.4 + 110053 = 111472 over 1073 frames.
knf_03844_01783103658 ಈ ಈ ಪದ್ದತಿಯಲ್ಲಿ ವ್ಯಾಜ್ಯದವರು ಅಂಕಿ ಬೇಕಾಗುವ ವ್ಯಾಮೋಹ ಉದ್ದೇಶವನ್ನು ನಾವು ಸೂಪ್ ಅವು ಉಕ್ಕಬಹುದು 
LOG (lattice-best-path[5.5.891~1-37628]:main():lattice-best-path.cc:99) For utterance knf_05550_00445854911, best cost 812.228 + 65653.9 = 66466.1 over 621 frames.
knf_05550_00445854911 ಮಾರುಕಟ್ಟೆ ವಿಸ್ತರಣೆ ಈ ವ್ಯವಹಾರವು ಮಾರುಕಟ್ಟೆಗಳನ್ನು ವಿಸ್ತರಿಸುತ್ತದೆ 
LOG (lattice-best-path[5.5.891~1-37628]:main():lattice-best-path.cc:99) For utterance knf_05550_00658415434, best cost 1395.64 + 105968 = 107364 over 954 frames.
knf_05550_00658415434 ನೀರಿನ ಆವಿಯಿದ್ದರೆ ತನ್ನ ದೃಢತೆಯನ್ನು ಕಳೆದುಕೊಳ್ಳುವುದರಿಂದ ಅವುಗಳ ಆ ಉಪಯೋಗ ಕಾಗದಗಳನ್ನು ಅಂಟಿಸಲು ಮಾತ್ರ 
LOG (lattice-best-path[5.5.891~1-37628]:main():lattice-best-path.cc:99) For utterance knf_05550_00806051978, best cost 507.402 + 37667.2 = 38174.6 over 365 frames.
knf_05550_00806051978 ಅಂತರಾಷ್ಟ್ರೀಯ ಅಭಿವೃದ್ಧಿ ಸಂಸ್ಥೆ ಎ 
LOG (lattice-best-path[5.5.891~1-37628]:main():lattice-best-path.cc:99) For utterance knf_05550_01010202503, best cost 675.212 + 57196.8 = 57872 over 527 frames.
knf_05550_01010202503 ಅಂತರಿಕ್ಷಯಾನ ಇಂಜಿನಿಯರುಗಳು ನಾಗರಿಕ ಅಭಿಮಾನ ನೋದನ 
LOG (lattice-best-path[5.5.891~1-37628]:main():lattice-best-path.cc:99) For utterance knf_05550_01207101906, best cost 1288.29 + 87708.5 = 88996.8 over 800 frames.
knf_05550_01207101906 ಅಮೃತಮಂಥನದಲ್ಲಿ ನೋದನ ಮಂತ್ರಿ ಹುಟ್ಟಿ ನೋಡಲು ಕಥೆ ಅಮೃತವನ್ನು ತಂದನೆಂದು ಮಹಾಭಾರತದಲ್ಲಿ ಹೇಳಿದೆ 
LOG (lattice-best-path[5.5.891~1-37628]:main():lattice-best-path.cc:99) For utterance knf_05550_01969100159, best cost 639.132 + 44306 = 44945.1 over 416 frames.
knf_05550_01969100159 ಅಂದರೆ ಇಪ್ಪತ್ತಕ್ಕೆ ಹತ್ತರ ಎರಡು ಚಿಹ್ನೆ 
LOG (lattice-best-path[5.5.891~1-37628]:main():lattice-best-path.cc:99) For utterance knf_05550_02041579028, best cost 1027.57 + 73984.1 = 75011.6 over 689 frames.
knf_05550_02041579028 ಅಂತರಿಕ್ಷದೇವತೆಗಳಲ್ಲೆಲ್ಲ ಓಜಸ್ಸು ಉಳ್ಳ ವನ್ನು ಬಲಿಷ್ಠನೂ ಆದವನು ಇಂದ್ರ 
LOG (lattice-best-path[5.5.891~1-37628]:main():lattice-best-path.cc:99) For utterance knf_05820_00196944896, best cost 400.912 + 31995.7 = 32396.6 over 339 frames.
knf_05820_00196944896 ಅದು ಒಂದು ಬಗೆಯ ಸ್ಪಷ್ಟವಾದ 
LOG (lattice-best-path[5.5.891~1-37628]:main():lattice-best-path.cc:99) For utterance knf_05820_00284655247, best cost 566.935 + 46421.2 = 46988.1 over 467 frames.
knf_05820_00284655247 ಶಸ್ತ್ರವೈದ್ಯವನ್ನು ಮಾಡುತ್ತಿದ್ದವರು ಕಿರು ಜಾತಿಯವರಾದರು 
LOG (lattice-best-path[5.5.891~1-37628]:main():lattice-best-path.cc:99) For utterance knf_05820_00760499597, best cost 181.662 + 20054.2 = 20235.9 over 220 frames.
knf_05820_00760499597 ಕೂಡಿಸು 
LOG (lattice-best-path[5.5.891~1-37628]:main():lattice-best-path.cc:99) For utterance knf_05820_01182827519, best cost 590.958 + 53351.3 = 53942.2 over 553 frames.
knf_05820_01182827519 ಸ್ವೀಕರಣಾ ವಿಭಾಗವು ಅಸ್ತವ್ಯಸ್ತಗೊಂಡಿರಬಹುದಾದ ಸಾಧ್ಯತೆಗಳಿವೆ 
LOG (lattice-best-path[5.5.891~1-37628]:main():lattice-best-path.cc:99) For utterance knf_05820_01696911060, best cost 819.138 + 60420.5 = 61239.6 over 612 frames.
knf_05820_01696911060 ಈ ಚಿಕಿತ್ಸೆಯನ್ನು ಬೇರೆಬೇರೆ ಸಸ್ಯಗಳಲ್ಲಿ ಬೇರೆಬೇರೆ ಹಂತಗಳಲ್ಲಿ ಕೊಡಬೇಕಾಗುವುದು 
LOG (lattice-best-path[5.5.891~1-37628]:main():lattice-best-path.cc:99) For utterance knf_06123_00344050839, best cost 1367.65 + 72338.4 = 73706 over 740 frames.
knf_06123_00344050839 ಮಾಯ ತೆರೆದ ಕೆಳೆಗೆ ಪರಕೀಯ ವಿಮಾನಗಳು ಒಂದು ದೇಶದ ಮೇಲೆ ಅದರ ಒಪ್ಪಿಗೆಯಿಲ್ಲದೆ ಯ ಹಾರಾಡುವುದು ನಿಷೇಧ ನ 
LOG (lattice-best-path[5.5.891~1-37628]:main():lattice-best-path.cc:99) For utterance knf_06123_00425937714, best cost 1442.85 + 87271 = 88713.8 over 885 frames.
knf_06123_00425937714 ಆದರೆ ಈ ಕಡ್ಡಾಯ ಎಂಬ ನಿಯಮವು ಮೂವತ್ತಾರು ಅಧಿನಿಯಮವನ್ನು ಒಂದೊಂದು ಬಾರಿ ಕಾರ್ಯಕ್ಷೇತ್ರದ ವ್ಯಾಪ್ತಿ ಬಗ್ಗೆ ತಪ್ಪಾಗಿ ಅರ್ಥೈಸಲಾಗುತ್ತದೆ 
LOG (lattice-best-path[5.5.891~1-37628]:main():lattice-best-path.cc:99) For utterance knf_06123_00469293098, best cost 1029.26 + 67160.8 = 68190.1 over 698 frames.
knf_06123_00469293098 ಭಾರತದ ಮಾಜಿ ವೇಗದ ಬೌಲರ್ ಮತ್ತು ಪಂಜಾಬಿ ನಟ ಯುವರಾಜ್ ಸಿಂಗ್ರ ಮಗನಾದ 
LOG (lattice-best-path[5.5.891~1-37628]:main():lattice-best-path.cc:99) For utterance knf_06123_01461977831, best cost 772.839 + 59562.7 = 60335.6 over 595 frames.
knf_06123_01461977831 ಇದರಲ್ಲಿ ಕೊನೆಯ ಗುಂಪು ವ್ಯತ್ಯಾಸವಾಗಬಲ್ಲ ಅಂಕಿಗಳ ಸಂಖ್ಯೆ ಹೊಂದಿರುತ್ತದೆ 
LOG (lattice-best-path[5.5.891~1-37628]:main():lattice-best-path.cc:99) For utterance knf_06123_01599183050, best cost 1145.77 + 76199 = 77344.8 over 757 frames.
knf_06123_01599183050 ಗ್ರಾಮದಲ್ಲಿ ಫಲವತ್ತಾದ ಭೂಮಿ ಇರುವುದರಿಂದ ಅ ಇಪ್ಪತ್ತು ಪ್ರತಿಶತ ಜನಸಂಖ್ಯೆ ಕೃಷಿಯಲ್ಲಿ ನಿರತರಾಗಿದ್ದಾರೆ 
LOG (lattice-best-path[5.5.891~1-37628]:main():lattice-best-path.cc:99) For utterance knf_07345_00588277191, best cost 1181.04 + 107814 = 108995 over 1116 frames.
knf_07345_00588277191 ತತ್ತ್ವಜ್ಞರು ಜಗತ್ತಿನ ಸತ್ಯತೆ ವಿಚಿತ ಗಳನ್ನು ವಿಮರ್ಶಿಸುವಾಗ ಜಗತ್ತಿನಲ್ಲಿರುವ ಸತ್ಯವಾವುದು 
LOG (lattice-best-path[5.5.891~1-37628]:main():lattice-best-path.cc:99) For utterance knf_07345_01137318096, best cost 1080.45 + 86757 = 87837.5 over 860 frames.
knf_07345_01137318096 ಅಲ್ಲದೇ ಭವಿಷ್ಯದ ಬಹು ರಾಷ್ಟ್ರೀಯ ವೈಜ್ಞಾನಿಕ ಕಾರ್ಯಾಚರಣೆಗೆ ಪಟ್ಟಿಯ ವಿಷಯಗಳನ್ನು ಒದಗಿಸುತ್ತದೆ 
LOG (lattice-best-path[5.5.891~1-37628]:main():lattice-best-path.cc:99) For utterance knf_07345_01641316274, best cost 1244.27 + 104886 = 106131 over 1082 frames.
knf_07345_01641316274 ಆಂತರಿಕ ದಹನಕಾರಿ ಇಂಜಿನ್ ಎಂದರೆ ಸಾಮಾನ್ಯವಾಗಿ ದಹನ ಅಂತರಿಕವಾಗಿರುವ ಆರ್ ಒಂದು ಎಂಜಿನ್ 
LOG (lattice-best-path[5.5.891~1-37628]:main():lattice-best-path.cc:99) For utterance knf_07345_01995564245, best cost 900.194 + 73390.5 = 74290.7 over 757 frames.
knf_07345_01995564245 ಇದೇ ರೀತಿ ಚಳಿಗಾಲದ ಜವೆಗೋದಿಯ ತಳಿಯ ಮೊಳೆಯುತ್ತಿರುವ ಬೀಜಗಳನ್ನು 
LOG (lattice-best-path[5.5.891~1-37628]:main():lattice-best-path.cc:99) For utterance knf_07598_00253012742, best cost 753.97 + 58374.1 = 59128 over 587 frames.
knf_07598_00253012742 ಗುರುತ್ವಾಕರ್ಷಣಾ ಮಾದರಿಯು ಮೂಲಭೂತವಾಗಿ ಆಮದಿಗೆ ಗಮನ ಕೊಡುತ್ತದೆ 
LOG (lattice-best-path[5.5.891~1-37628]:main():lattice-best-path.cc:99) For utterance knf_07598_01631680169, best cost 599.449 + 48356.1 = 48955.6 over 493 frames.
knf_07598_01631680169 ಅಲ್ಲದೇ ಇದರ ಕಾಯಿಗಳಿಗಾಗಿ ಗ್ರಾಮಾಂತರ ಪ್ರದೇಶಗಳಲ್ಲಿ 
LOG (lattice-best-path[5.5.891~1-37628]:main():lattice-best-path.cc:99) For utterance knf_08476_00023010443, best cost 1126.85 + 93156.1 = 94283 over 945 frames.
knf_08476_00023010443 ತನ್ನ ವ್ಯವಹಾರದಿಂದ ಸಂಭವಿಸಬಹುದಾದ ಎಲ್ಲಾ ಲಾಭನಷ್ಟಗಳಿಗೂ ಈ ಸಂಸ್ಥೆಯೇ ಪೂರ್ಣವಾಗಿ ಹೊಣೆಯಾಗಿದೆ 
LOG (lattice-best-path[5.5.891~1-37628]:main():lattice-best-path.cc:99) For utterance knf_08476_00919951349, best cost 213.939 + 27063 = 27276.9 over 297 frames.
knf_08476_00919951349 ಪ್ರಯೋಗಶೀಲತೆ 
LOG (lattice-best-path[5.5.891~1-37628]:main():lattice-best-path.cc:99) For utterance knf_08476_01140084904, best cost 1756.89 + 142591 = 144348 over 1432 frames.
knf_08476_01140084904 ಪರಿಸ್ಥಿತಿಯ ಹೇಗೆ ದರ ದ್ವಿತೀಯ ಅಂತಾರಾಷ್ಟ್ರೀಯವು ಶ್ರಮಜೀವಿಗಳ ಅನೇಕ ಹೊರ ಆಟಗಳಲ್ಲಿ ಜಯಗಳಿಸಿ ಕಾರ್ಮಿಕರ ಚಳವಳಿಯನ್ನು ಪ್ರಭಾವಶಾಲಿಯನ್ನಾಗಿ ಮಾಡಿತು 
LOG (lattice-best-path[5.5.891~1-37628]:main():lattice-best-path.cc:99) For utterance knf_09123_01087915920, best cost 1775.85 + 168064 = 169840 over 1747 frames.
knf_09123_01087915920 ಭಾರತೀಯ ಬಾಂಧವರನ್ನು ಮತ್ತು ಪೋರ್ಚುಗೀಸರ ವಶದಲ್ಲಿದ್ದ ಇನ್ನುಳಿದ ವಸಾಹತುಗಳನ್ನು ಭಾರತ ಹೇಗೆ ಮುಕ್ತಿಗೊಳಿಸಿತೆಂಬುದು ಇಂದಿನ ಇತಿಹಾಸಕ್ಕೆ ಸೇರಿಕೊಂಡಿರುವ ವಿಷಯ 
LOG (lattice-best-path[5.5.891~1-37628]:main():lattice-best-path.cc:99) For utterance knf_09123_01402865830, best cost 2067.51 + 155790 = 157857 over 1619 frames.
knf_09123_01402865830 ತತ್ತಿ ಯ ಮಾನದಂಡ ನ ಅಂಕ ಅಂಗೀಕೃತ ಪದ್ದತಿಯಲ್ಲಿ ಬಳಸಲಾಗುತ್ತದೆ ಇನ್ ಮತ್ತು ಗುಣಮಟ್ಟದ ಕೆಲಸದ ಎಂದು ವೇಳೆ ಕಾಮನ್ ಏನು ಚರ್ಚೆಗೆ ಅವಕಾಶ ಎಂದು 
LOG (lattice-best-path[5.5.891~1-37628]:main():lattice-best-path.cc:99) For utterance knf_09696_00069342685, best cost 1196.31 + 79615.7 = 80812 over 783 frames.
knf_09696_00069342685 ಮಾಗಿದ ಹಣ್ಣುಗಳನ್ನು ಕಿತ್ತು ಹಣ್ಣಿನಮೇಲೆ ಹಣ್ಣು ಬೀಳದಂತೆ ಇತರೆ ಕೇಂದ್ರ ಮರದ ತಟ್ಟೆಯಲ್ಲಿಡುತ್ತಾರೆ 
LOG (lattice-best-path[5.5.891~1-37628]:main():lattice-best-path.cc:99) For utterance knf_09696_00132652399, best cost 1396.28 + 93345 = 94741.3 over 903 frames.
knf_09696_00132652399 ಪ್ರಪಂಚದಲ್ಲಿ ಪದೇ ಪದೇ ಸಂಭವಿಸುವ ಬಿಕ್ಕಟ್ಟುಗಳಿಗೂ ಯುದ್ಧಗಳಿಗೂ ರಾಷ್ಟ್ರಗಳ ನಡುವೆ ಈ ಸಹಕಾರ ಇಲ್ಲದಿರುವುದೇ ಕಾರಣ 
LOG (lattice-best-path[5.5.891~1-37628]:main():lattice-best-path.cc:99) For utterance knf_09696_00309359849, best cost 869.207 + 64091 = 64960.2 over 621 frames.
knf_09696_00309359849 ಪಾತ್ರ ಹಾಗು ಜವಾಬ್ದಾರಿಗಳಿಗೆ ಅನುಸಾರವಾಗಿ ಅನ್ವಯಗಳನ್ನು ಬಳಕೆ ಮಾಡಬಹುದು 
LOG (lattice-best-path[5.5.891~1-37628]:main():lattice-best-path.cc:99) For utterance knf_09696_00375999980, best cost 1116.96 + 80820.6 = 81937.6 over 783 frames.
knf_09696_00375999980 ಒಂದು ದೇಶದ ಅಂತರಿಕ್ಷ ಪ್ರದೇಶದಲ್ಲಿ ಯಾವ ಬಗ್ಗೆ ವಿಮಾನಗಳು ಹಾರಾಡಬಹುದೆಂಬುದನ್ನು ನಿಗದಿ ಮಾಡಿದ್ದಾರೆ 
LOG (lattice-best-path[5.5.891~1-37628]:main():lattice-best-path.cc:99) For utterance knf_09696_00657972668, best cost 1445.52 + 90945.5 = 92391 over 885 frames.
knf_09696_00657972668 ಅಂಗಾಂಶ ಇಂಜಿನಿಯರಿಂಗ್ ಈಗ ಅ ಎದುರಿಸುತ್ತಿರುವ ಮುಖ್ಯ ಸವಾಲು ಏನೆಂದರೆ ಇದು ಇನ್ನೂ ಹೆಚ್ಚಿನ ಕಾರ್ಯನಿರ್ವಹಣೆಯನ್ನು ಹೊಂದುವಂತಹುದ್ದಾಗಬೇಕಾಗಿದೆ 
LOG (lattice-best-path[5.5.891~1-37628]:main():lattice-best-path.cc:99) For utterance knf_09696_00779393186, best cost 964.47 + 59505.6 = 60470.1 over 587 frames.
knf_09696_00779393186 ಈ ವ್ಯವಹಾರ ಶಿಕ್ಷಣ ವಂತರಿಗೆ ಮಾತ್ರ ಸಾಧ್ಯ ಅವಿದ್ಯಾವಂತರಿಗೆ ದ ಸೂಕ್ತವಲ್ಲ 
LOG (lattice-best-path[5.5.891~1-37628]:main():lattice-best-path.cc:99) For utterance knf_09696_01661748829, best cost 1372.11 + 84182.2 = 85554.3 over 817 frames.
knf_09696_01661748829 ಭೌಗೋಳಿಕ ವಿಶೇಷತೆ ಮತ್ತು ಕ್ರಮ ವಿಭಜನೆ ಎಲ್ಲಾ ದೇಶಗಳು ಒಂದೇ ಏರಿಕೆ ಹವಗುಣ ಮತ್ತು ವಾಯುಗುಣ ಹೊಂದಿರುವುದಿಲ್ಲ 
LOG (lattice-best-path[5.5.891~1-37628]:main():lattice-best-path.cc:99) For utterance knf_09696_02009165869, best cost 794.196 + 65031.9 = 65826.1 over 647 frames.
knf_09696_02009165869 ಹವಾಮಾನ ಅನನಕೂಲವಾಗಿದ್ದರೆ ಇವುಗಳನ್ನು ಒಂದು ದಿನದಲ್ಲಿ ಪೂರ್ಣಗೊಳಿಸುವುದಿಲ್ಲ 
LOG (lattice-best-path[5.5.891~1-37628]:main():lattice-best-path.cc:99) For utterance knm_00180_00250075112, best cost 417.23 + 56791.1 = 57208.3 over 647 frames.
knm_00180_00250075112 ಇದೊಂದು ಪೌಷ್ಟಿಕವಾದ ಹಣ್ಣು 
LOG (lattice-best-path[5.5.891~1-37628]:main():lattice-best-path.cc:99) For utterance knm_00180_00297370869, best cost 956.011 + 94400.8 = 95356.8 over 1031 frames.
knm_00180_00297370869 ಈ ಬಗೆಯ ಚಿಲುಮೆಗಳು ತಮಿಳುನಾಡಿನ ನೈವೇಲಿಯ ಸುತ್ತಮುತ್ತ ಹೆಚ್ಚು ಕಂಡುಬರುತ್ತದೆ 
LOG (lattice-best-path[5.5.891~1-37628]:main():lattice-best-path.cc:99) For utterance knm_00180_01032527602, best cost 311.547 + 47490.8 = 47802.4 over 570 frames.
knm_00180_01032527602 ತಾರ್ಕಿಕ ಸಿದ್ಧಾಂತ 
LOG (lattice-best-path[5.5.891~1-37628]:main():lattice-best-path.cc:99) For utterance knm_00180_01188180749, best cost 476.028 + 60484.4 = 60960.4 over 706 frames.
knm_00180_01188180749 ಹನ್ನೆರಡು ಇಂಚುಗಳಿಗೆ ಒಂದು ಮಾಡಿ 
LOG (lattice-best-path[5.5.891~1-37628]:main():lattice-best-path.cc:99) For utterance knm_00180_01979139119, best cost 856.837 + 87661.2 = 88518 over 988 frames.
knm_00180_01979139119 ಅಂಜೂರದ ವ್ಯವಸಾಯಕ್ಕೆ ಅಕ್ಕಿ ಫಲವತ್ತಾದ ಮಣ್ಣು ಬೇಕಾಗಿಲ್ಲ 
LOG (lattice-best-path[5.5.891~1-37628]:main():lattice-best-path.cc:99) For utterance knm_00180_01994023075, best cost 1049.35 + 107520 = 108569 over 1167 frames.
knm_00180_01994023075 ಈ ಚಿತ್ರಗಳ ಆಸೆಯಿಂದಾಗಿ ಇಂತಹ ಚೀಟಿಗಳನ್ನು ಸಂಗ್ರಹಿಸುವುದೇ ಅನೇಕರ ಹವ್ಯಾಸವಾಗಿದೆ 
LOG (lattice-best-path[5.5.891~1-37628]:main():lattice-best-path.cc:99) For utterance knm_00271_00413960012, best cost 1111.1 + 70637.9 = 71749 over 698 frames.
knm_00271_00413960012 ಈ ಸಮ್ಮೇಳನ ಹಾಕಿ ಮರ ಬ್ಯಾಂಕುಗಳೊಳಗೆ ಬೆಳೆಯಬೇಕಾದ ಸಹಕಾರದ ಆವಶ್ಯಕತೆಯನ್ನು ಒತ್ತಿ ಹೇಳಿತು 
LOG (lattice-best-path[5.5.891~1-37628]:main():lattice-best-path.cc:99) For utterance knm_00271_00720410666, best cost 610.981 + 43431.6 = 44042.6 over 433 frames.
knm_00271_00720410666 ಈ ನಿಯೋಗವು ನಿಮ್ಮ ಗಮ್ಯಸ್ಥಾನವನ್ನು ತಲುಪುತ್ತೀರಿ 
LOG (lattice-best-path[5.5.891~1-37628]:main():lattice-best-path.cc:99) For utterance knm_00271_01073654763, best cost 1195.12 + 90648.3 = 91843.5 over 903 frames.
knm_00271_01073654763 ಶಸ್ತ್ರ ಚಿಕಿತ್ಸೆಯಲ್ಲಿ ಕತ್ತಿ ಮುಂತಾದ ಶಲ್ಯಗಳು ಇವನ್ನು ಸೋಕಿದರೆ ಅಪಾಯ ಎಂದೂ ಹೇಳಲಾಗಿದೆ 
LOG (lattice-best-path[5.5.891~1-37628]:main():lattice-best-path.cc:99) For utterance knm_00271_01157281735, best cost 462.506 + 41399.1 = 41861.6 over 450 frames.
knm_00271_01157281735 ಈ ನಿಮ್ಮ ಗಮ್ಯಸ್ಥಾನ ಎಡಕ್ಕಿದೆ 
LOG (lattice-best-path[5.5.891~1-37628]:main():lattice-best-path.cc:99) For utterance knm_00271_01689467106, best cost 830.092 + 73778.6 = 74608.7 over 749 frames.
knm_00271_01689467106 ಎಳೆಯುವುದನ್ನು ಬಿಟ್ಟರೆ ಶಕ್ತಿಯು ಚಲನಾತ್ಮಕ ಶಕ್ತಿಯಾಗಿ ಪರಿವರ್ತನೆಯಾಗುತ್ತದೆ 
LOG (lattice-best-path[5.5.891~1-37628]:main():lattice-best-path.cc:99) For utterance knm_00378_01481393426, best cost 1296.12 + 97758.7 = 99054.8 over 1013 frames.
knm_00378_01481393426 ಕೆಲವು ರಾಜ್ಯಗಳು ಇಂತಹ ಪ್ರಕರಣಗಳ ಅ ಇತ್ಯರ್ಥಕ್ಕೆ ನ್ಯಾಯಾಲಯವನ್ನು ಅವಲಂಬಿಸದೇ ಅದರ ತೀರ್ಪನ್ನೂ ಕೂಡ ತಿರಸ್ಕರಿಸಬಹುದಾಗಿದೆ 
LOG (lattice-best-path[5.5.891~1-37628]:main():lattice-best-path.cc:99) For utterance knm_00378_02016627830, best cost 837.737 + 59438.4 = 60276.1 over 621 frames.
knm_00378_02016627830 ಶಾತವಾಹನರ ಕಾಲದಲ್ಲಿ ಐದು ಎಂಬ ಅಂಕಿ ಎರಡು ರೂಪಗಳಲ್ಲಿ ದೊರೆಯುತ್ತವೆ 
LOG (lattice-best-path[5.5.891~1-37628]:main():lattice-best-path.cc:99) For utterance knm_00417_00447310727, best cost 378.378 + 49134.5 = 49512.8 over 587 frames.
knm_00417_00447310727 ನೇರವಾಗಿ ಮುಂದುವರಿ ಫೋರ್ಕ್ 
LOG (lattice-best-path[5.5.891~1-37628]:main():lattice-best-path.cc:99) For utterance knm_00417_00700549465, best cost 496.37 + 49628.5 = 50124.9 over 553 frames.
knm_00417_00700549465 ನೀವು ನಿಮ್ಮ ಗಮ್ಯಸ್ಥಾನವನ್ನು ತಲುಪುತ್ತೀರಿ 
LOG (lattice-best-path[5.5.891~1-37628]:main():lattice-best-path.cc:99) For utterance knm_00417_00709181952, best cost 421.455 + 43651.9 = 44073.3 over 484 frames.
knm_00417_00709181952 ವೃತ್ತಾಕಾರದಲ್ಲಿ ರಾಂಪ್‌ನಲ್ಲಿಗೆ ನಿರ್ಗಮಿಸಿ 
LOG (lattice-best-path[5.5.891~1-37628]:main():lattice-best-path.cc:99) For utterance knm_00417_01029527050, best cost 299.456 + 30142.8 = 30442.3 over 339 frames.
knm_00417_01029527050 ಇಳಿಜಾರಿನಲ್ಲಿ ಮುಂದುವರಿಸಿ 
LOG (lattice-best-path[5.5.891~1-37628]:main():lattice-best-path.cc:99) For utterance knm_00417_01444549725, best cost 260.806 + 28080.9 = 28341.7 over 331 frames.
knm_00417_01444549725 ನೇರವಾಗಿ ಮುಂದುವರಿ 
LOG (lattice-best-path[5.5.891~1-37628]:main():lattice-best-path.cc:99) For utterance knm_00574_00067666596, best cost 248.732 + 22257.5 = 22506.2 over 245 frames.
knm_00574_00067666596 ಮುನ್ನೂರು ಅಡಿಗಳಲ್ಲಿ 
LOG (lattice-best-path[5.5.891~1-37628]:main():lattice-best-path.cc:99) For utterance knm_00574_01153125164, best cost 569.326 + 44448.4 = 45017.7 over 459 frames.
knm_00574_01153125164 ನಿಲ್ದಾಣದ ಮೂಲಕ ಮುಕ್ತವಾಗಿ ತೇಲಾಡುತ್ತ ಮಲಗಬಹುದು 
LOG (lattice-best-path[5.5.891~1-37628]:main():lattice-best-path.cc:99) For utterance knm_00574_01541345543, best cost 1415.28 + 88743.5 = 90158.8 over 903 frames.
knm_00574_01541345543 ಇದಾದಮೇಲೆ ವಿಯೆನ್ನಾದಲ್ಲಿ ಸಾವಿರದೊಂಬೈನೂರ ಹದಿನಾಲ್ಕರಲ್ಲಿ ಸೇರಿದ ಸಮ್ಮೇಳನದಲ್ಲಿಯೂ ಈ ಪ್ರಶ್ನೆಯ ಚರ್ಚೆಗೆ ಇನ್ನು ಹೆಚ್ಚು ಪ್ರಾಶಸ್ತ್ಯ ದೊರೆಯಿತು 
LOG (lattice-best-path[5.5.891~1-37628]:main():lattice-best-path.cc:99) For utterance knm_00574_01758939200, best cost 261.781 + 22429.7 = 22691.5 over 237 frames.
knm_00574_01758939200 ಮುನ್ನೂರು ಮೀಟರ್‌ಗಳಲ್ಲಿ 
LOG (lattice-best-path[5.5.891~1-37628]:main():lattice-best-path.cc:99) For utterance knm_00811_00180081283, best cost 789.062 + 60260.9 = 61049.9 over 595 frames.
knm_00811_00180081283 ಅದರಲ್ಲೂ ವಿಶೇಷವಾಗಿ ಅವರಿರುವ ಸ್ಥಳದಲ್ಲಿ ಸಂಕೀರ್ಣ ಬಹುದು 
LOG (lattice-best-path[5.5.891~1-37628]:main():lattice-best-path.cc:99) For utterance knm_00811_00286463587, best cost 1093.49 + 78957.3 = 80050.8 over 809 frames.
knm_00811_00286463587 ಪ್ರತಿಯನ್ನು ವ್ಯಾಪಾರ ಘಟಕವು ತನ್ನ ದಾಖಲೆಗಳ ಆಧಾರದ ಆನ್ಲೈನ್ ಪ್ರತಿಯನ್ನು ನವೀಕರಿಸಿಕೊಳ್ಳಬಹುದು 
LOG (lattice-best-path[5.5.891~1-37628]:main():lattice-best-path.cc:99) For utterance knm_00811_01884768925, best cost 1431.87 + 85414.5 = 86846.4 over 826 frames.
knm_00811_01884768925 ಅಲ್ಲದೆ ಲಾಂಗ್ ಹತ್ತು ಹೈಜಂಪ್ ಕಡೆ ರಲ್ಲಿ ಎರಡನೆ ಸ್ಥಾನ ಪಡೆದುಕೊಳ್ಳುವ ಮೂಲಕ ಮಹಿಳಾ ಚಾಂಪಿಯನ್ ಅವರು 
LOG (lattice-best-path[5.5.891~1-37628]:main():lattice-best-path.cc:99) For utterance knm_01099_01948197248, best cost 779.828 + 47455.5 = 48235.3 over 484 frames.
knm_01099_01948197248 ಕೇಶವ ದೇವಾಲಯದ ಮೂರ್ತಿ ಒಂದು ಉತ್ತಮ ಗ್ರಹಿಸಲು ಶಿಲ್ಪ 
LOG (lattice-best-path[5.5.891~1-37628]:main():lattice-best-path.cc:99) For utterance knm_01114_00206224816, best cost 1871.61 + 141725 = 143597 over 1423 frames.
knm_01114_00206224816 ಮೊದಲನೆಯದಾಗಿ ಹೊರದೇಶದ ಬೇಡಿಕೆಯ ಅಥವಾ ನೀಡಿಕೆಯ ಆಧಾರದ ಮೇಲೆ ಉದ್ದೇಶದ ಉತ್ಪನ್ನ ವ್ಯವಸ್ಥೆಯನ್ನು ರಚಿಸುವಲ್ಲಿ ಒಂದು ದೇಶದ ಉದ್ಯಮಿಗಳು ವಿಶೇಷವಾದ ಹೊಣೆಗಾರಿಕೆ ವಹಿಸಬೇಕಾಗುವುದು 
LOG (lattice-best-path[5.5.891~1-37628]:main():lattice-best-path.cc:99) For utterance knm_01114_01558059071, best cost 1133.12 + 86114.2 = 87247.4 over 885 frames.
knm_01114_01558059071 ಅಂಡಮಾನಿನ ಪುಲಗ ಹಾಗೂ ಪ್ರಾಚೀನ ಭಾರತದ ವರುಣ ಅಂತರಿಕ್ಷದೇವತೆಯ ರೂಪವೆಂದು ತಿಳಿದುಬಂದಿದೆ 
LOG (lattice-best-path[5.5.891~1-37628]:main():lattice-best-path.cc:99) For utterance knm_01114_01733197529, best cost 600.875 + 54543.9 = 55144.7 over 604 frames.
knm_01114_01733197529 ಇದರೊಂದಿಗೆ ಅ ಹೈನುಗಾರಿಕೆಯು ಪ್ರಮುಖ ಉದ್ಯೋಗವಾಗಿದೆ 
LOG (lattice-best-path[5.5.891~1-37628]:main():lattice-best-path.cc:99) For utterance knm_01114_01785099367, best cost 674.187 + 63728.9 = 64403.1 over 664 frames.
knm_01114_01785099367 ನಿಲ್ದಾಣಕ್ಕೆ ಯಾವುದೇ ನಷ್ಟವಾಗಿಲ್ಲವೆಂದು ತಕ್ಷಣವೇ ವರದಿಮಾಡಲಾಗಿತ್ತು 
LOG (lattice-best-path[5.5.891~1-37628]:main():lattice-best-path.cc:99) For utterance knm_01114_01952481449, best cost 1186.62 + 90428.6 = 91615.3 over 903 frames.
knm_01114_01952481449 ಅಂಚೆಯ ಸೇವೆಯು ಪ್ರತಿಯೊಂದು ಸಂಕೇತಕ್ಕೆ ಸಂಬಂಧಿಸಿದಂತೆ ಒಂದು ಪೂರ್ವನಿಶ್ಚಿತ ಏಕ ಸ್ಥಳನಾಮವನ್ನು ನಿಗದಿಪಡಿಸುತ್ತದೆ 
LOG (lattice-best-path[5.5.891~1-37628]:main():lattice-best-path.cc:99) For utterance knm_01114_02131004156, best cost 1137.63 + 99113.6 = 100251 over 1056 frames.
knm_01114_02131004156 ವಿಳಂಬಗಳಿಂದಾಗಿ ಎರಡು ಸಾವಿರ ಹನ್ನೊಂದನೇ ವರ್ಷದಲ್ಲಿ ಸಂಪೂರ್ಣಗೊಳ್ಳುವುದೆಂದು ಪುಲಗ ಅಂದಾಜುಮಾಡಲಾಯಿತು ಫೋರ್ಕ್ 
LOG (lattice-best-path[5.5.891~1-37628]:main():lattice-best-path.cc:99) For utterance knm_01402_00421338272, best cost 507.247 + 43163.4 = 43670.7 over 450 frames.
knm_01402_00421338272 ಸಂಚಿತ ಠೇವಣಿ ಮೊತ್ತ ರೂಪಾಯಿಗಳು 
LOG (lattice-best-path[5.5.891~1-37628]:main():lattice-best-path.cc:99) For utterance knm_01672_01257232352, best cost 1031.25 + 72588.8 = 73620 over 740 frames.
knm_01672_01257232352 ಹಿಮದ ರೂಪದಲ್ಲಿರುವ ನೀರು ಪ್ರಮುಖವಾಗಿ ಭೂಮಿಯ ಉತ್ತರ ಆಮದು ದಕ್ಷಿಣ ಅವುಗಳಲ್ಲಿ ಕಂಡುಬರುತ್ತದೆ 
LOG (lattice-best-path[5.5.891~1-37628]:main():lattice-best-path.cc:99) For utterance knm_02352_00284551281, best cost 1098.24 + 63972.3 = 65070.6 over 638 frames.
knm_02352_00284551281 ಗಿಡದ ಕಾಂಡವನ್ನು ಕಾಯಂ ಮಾಡಿದಾಗ ರ ಜಿನುಗುವ ಒಂದು ಹೋಗಿ ಗುಂಪಿಗೆ ಸೇದು 
LOG (lattice-best-path[5.5.891~1-37628]:main():lattice-best-path.cc:99) For utterance knm_02352_00695383559, best cost 596.691 + 30566.8 = 31163.5 over 305 frames.
knm_02352_00695383559 ಇದನ್ನು ಒ ಮೂಲ ಎಸೆದರು ಎನ್ನುವರು 
LOG (lattice-best-path[5.5.891~1-37628]:main():lattice-best-path.cc:99) For utterance knm_02533_01391504435, best cost 298.182 + 35563.8 = 35862 over 416 frames.
knm_02533_01391504435 ನೀವು ತಲುಪಿದ್ದೀರಿ 
LOG (lattice-best-path[5.5.891~1-37628]:main():lattice-best-path.cc:99) For utterance knm_02533_01776562000, best cost 291.007 + 34151.3 = 34442.3 over 395 frames.
knm_02533_01776562000 ಎಡದಲ್ಲಿ ನಿರ್ಗಮಿಸಿ 
LOG (lattice-best-path[5.5.891~1-37628]:main():lattice-best-path.cc:99) For utterance knm_02894_00066960331, best cost 905.119 + 61777.9 = 62683 over 629 frames.
knm_02894_00066960331 ಬಾವಿಯಿಂದ ನೀರನ್ನು ಪಂಪು ಮಾಡುವಾಗ ನೀರಿನ ಮಟ್ಟದ ಕಡಿಮೆಯಾಗುತ್ತ ಹೋಗುತ್ತದೆ 
LOG (lattice-best-path[5.5.891~1-37628]:main():lattice-best-path.cc:99) For utterance knm_02894_00268521638, best cost 924.398 + 74511.1 = 75435.5 over 749 frames.
knm_02894_00268521638 ಒಂದು ಕಾಲದಲ್ಲಿ ಈ ದೇವತೆಯ ಒಳಗಾಗಿ ತುಂಬ ಉದಾತ್ತನಾಗಿ ಕಾಣಿಸುತ್ತಾನೆ 
LOG (lattice-best-path[5.5.891~1-37628]:main():lattice-best-path.cc:99) For utterance knm_02894_00579278647, best cost 511.687 + 47350.4 = 47862.1 over 484 frames.
knm_02894_00579278647 ಅವರು ಪ್ರಕೃತಿಗಿಂತ ಹೆಚ್ಚು ಸ್ವತಂತ್ರರು 
LOG (lattice-best-path[5.5.891~1-37628]:main():lattice-best-path.cc:99) For utterance knm_02894_00791849142, best cost 953.57 + 68626.5 = 69580 over 672 frames.
knm_02894_00791849142 ಅಲ್ಲದೆ ಕೆಲವು ವ್ಯವಸ್ಥೆಗಳಲ್ಲಿ ಅಗತ್ಯಕ್ಕಿಂತ ಹೆಚ್ಚು ಕ್ಷೇತ್ರವನ್ನು ಉಂಟು ಮಾಡಿತು 
LOG (lattice-best-path[5.5.891~1-37628]:main():lattice-best-path.cc:99) For utterance knm_02894_00839207207, best cost 516.414 + 48295.5 = 48811.9 over 510 frames.
knm_02894_00839207207 ಅಂತರಿಕ್ಷದೇವತೆಗಳಲ್ಲಿ ವಿರುದ್ಧ ಅನ್ನು ಸೇರಿದ್ದಾನೆ 
LOG (lattice-best-path[5.5.891~1-37628]:main():lattice-best-path.cc:99) For utterance knm_02910_00134838960, best cost 2473.32 + 135075 = 137548 over 1338 frames.
knm_02910_00134838960 ಅ ಬಾಲಕ ಪಿ ದೀಪ್ ಬಳಸಲಾಗುತ್ತದೆ ಬಿಗ್ ಟಿ ಜಿ ಜನರೇಟರ್ ಕಂಬೈನ್ಡ್ ಆವರ್ತನ ಶಕ್ತಿ ಸ್ಥಾವರವು ಅಳಿಸಿ ಈ ಎಸ್ ದೊಡ್ಡ ವಿದ್ಯುತ್ ಉತ್ಪಾದಕಗಳ ಕೆಲವು ಶಕ್ತಿ ಈ ವಿದ್ಯುತ್ ಗ್ರಿಡ್ ಚಾಲನೆ 
LOG (lattice-best-path[5.5.891~1-37628]:main():lattice-best-path.cc:99) For utterance knm_02910_00861523707, best cost 982.836 + 78270.3 = 79253.1 over 792 frames.
knm_02910_00861523707 ಕೇವಲ ರಾಜ್ಯಗಳು ಮಾತ್ರ ಇಂತಹ ಕಲಹಗಳ ಬಗೆಹರಿಸುವ ಪ್ರಕರಣದಲ್ಲಿ ಪಕ್ಷಗಾರರಾಗಿರುತ್ತವೆ 
LOG (lattice-best-path[5.5.891~1-37628]:main():lattice-best-path.cc:99) For utterance knm_02910_01319353513, best cost 942.379 + 57441.2 = 58383.6 over 570 frames.
knm_02910_01319353513 ಅ ಕೆಲವು ಜಾಗಗಳಲ್ಲಂತೂ ಅಲ್ಲಿನ ಸುಣ್ಣಕಲ್ಲುಗಳ ತುಂಬಾ ಇವೆ ತುಂಬಿಕೊಂಡಿವೆ 
LOG (lattice-best-path[5.5.891~1-37628]:main():lattice-best-path.cc:99) For utterance knm_02910_01881379738, best cost 1013.88 + 69968.5 = 70982.4 over 698 frames.
knm_02910_01881379738 ಈ ಈ ಅಂಟು ಪದಾರ್ಥಗಳನ್ನು ದ್ರಾವಣಗಳ ರೂಪದಲ್ಲಿ ಬಳಸುವುದಾದರೆ ದ್ರಾವಕವನ್ನು ಆವಿಯಾಗಿಸಬೇಕು 
LOG (lattice-best-path[5.5.891~1-37628]:main():lattice-best-path.cc:99) For utterance knm_03197_00092877894, best cost 1078.56 + 75072.6 = 76151.1 over 757 frames.
knm_03197_00092877894 ಅಂಟು ಚಿತ್ರಣ ಕಲೆ ಎನ್ನುವುದು ಪ್ರಮುಖವಾಗಿ ದೃಗ್ಗೋಚರ ಕಲೆಗಳಲ್ಲಿನ ವ್ಯವಸ್ಥಿತ ಕಲೆ 
LOG (lattice-best-path[5.5.891~1-37628]:main():lattice-best-path.cc:99) For utterance knm_03197_00565590958, best cost 689.513 + 40617.5 = 41307.1 over 399 frames.
knm_03197_00565590958 ವಿದೇಶಿ ವ್ಯವಹಾರವು ತೀವ್ರ ಬಿ ಪುಡಿ ಸೃಷ್ಟಿಸುತ್ತದೆ 
LOG (lattice-best-path[5.5.891~1-37628]:main():lattice-best-path.cc:99) For utterance knm_03197_01853506118, best cost 521.108 + 40644 = 41165.1 over 416 frames.
knm_03197_01853506118 ಅಂಕೋಲ ನಂಬುವುದು ಮಲೆಯಾಳಮ್ ಭಾಷೆ 
LOG (lattice-best-path[5.5.891~1-37628]:main():lattice-best-path.cc:99) For utterance knm_04526_00306702177, best cost 1316.81 + 121188 = 122505 over 1227 frames.
knm_04526_00306702177 ಗಗನಯಾತ್ರೆ ಇಪ್ಪತ್ತರ ಸಿಬ್ಬಂದಿಯನ್ನು ಎರಡು ಪ್ರತ್ಯೇಕ ಸೊಯುಜ್ ವಿಮಾನಗಳ ಮೂಲಕ ಆ ನಿಲ್ದಾಣಕ್ಕೆ ಕಳುಹಿಸಲಾಯಿತು 
LOG (lattice-best-path[5.5.891~1-37628]:main():lattice-best-path.cc:99) For utterance knm_04526_01423735476, best cost 868.596 + 70531.9 = 71400.5 over 775 frames.
knm_04526_01423735476 ಆ ಚಿಕಿತ್ಸೆ ಮಾಡಿದರೆ ತಗ್ಗಿದ ಉಷ್ಣತೆಯ ಪ್ರಭಾವ ತಪ್ಪಿ ಹೋಗುತ್ತದೆ 
LOG (lattice-best-path[5.5.891~1-37628]:main():lattice-best-path.cc:99) For utterance knm_04526_01784604936, best cost 462.58 + 44342.4 = 44805 over 493 frames.
knm_04526_01784604936 ಈ ದೊಡ್ಡ ನಾಡಿಗಳು ಧಮನಿಗಳು 
LOG (lattice-best-path[5.5.891~1-37628]:main():lattice-best-path.cc:99) For utterance knm_04689_00182748448, best cost 775.49 + 56034.7 = 56810.2 over 544 frames.
knm_04689_00182748448 ಈ ಎರಡು ಚಿಹ್ನೆಗಳನ್ನು ಕೂಡಿಸಿ ದೊಡ್ಡ ದೊಡ್ಡ ಸಂಖ್ಯೆಗಳನ್ನು ಬರೆಯುತ್ತಿದ್ದರು 
LOG (lattice-best-path[5.5.891~1-37628]:main():lattice-best-path.cc:99) For utterance knm_04689_01225384356, best cost 1317.27 + 91323.8 = 92641.1 over 885 frames.
knm_04689_01225384356 ಈ ಅಂಡಾಶಯದಲ್ಲಿ ತರಗತಿ ಬೆಳೆಯುವ ಅಂತ ದಲ್ಲಿ ಅನೇಕ ಜೀವಕಣಗಳು ಗ್ರಾಫಿಯನ್ ಫಾಲಿಕಲ್ ರಚನೆಯಲ್ಲಿ ಪಾಲ್ಗೊಳ್ಳುತ್ತವೆ 
LOG (lattice-best-path[5.5.891~1-37628]:main():lattice-best-path.cc:99) For utterance knm_04689_01301971750, best cost 1170.58 + 67503.5 = 68674.1 over 638 frames.
knm_04689_01301971750 ಬಹು ಮನೋವಿಜ್ಞಾನ ರಂಗದಲ್ಲಿ ಸ್ವರೂಪಾತ್ಮಕ ಸಿದ್ಧಾಂತ ಅ ಎಂಬ ಒಂದು ಉಪಾಂತ ವಾನರ ಸ್ಥಾಪಿಸಿದ 
LOG (lattice-best-path[5.5.891~1-37628]:main():lattice-best-path.cc:99) For utterance knm_04689_01510178774, best cost 1705.54 + 130974 = 132680 over 1278 frames.
knm_04689_01510178774 ಮೊದಲ ನಿಯಮ ಮಹಾಯುದ್ಧದ ಅನಂತರ ದ್ವಿತೀಯ ಅಂತಾರಾಷ್ಟ್ರೀಯವು ಪ್ರಪಂಚದ ಶ್ರಮಜೀವಿಗಳ ಮುನ್ನಡೆಗೆ ಈ ಕಂಟಕವಾಯಿತಲ್ಲದೆ ಯುದ್ಧ ಸಮಾಜವಾದದ ಗುರಿಯಿಂದಲೂ ಹಿಮ್ಮೆಟ್ಟಿತು 
LOG (lattice-best-path[5.5.891~1-37628]:main():lattice-best-path.cc:99) For utterance knm_04689_01549231729, best cost 136.657 + 22338.8 = 22475.5 over 254 frames.
knm_04689_01549231729 ನೀರು 
LOG (lattice-best-path[5.5.891~1-37628]:main():lattice-best-path.cc:99) For utterance knm_04689_01551799385, best cost 530.342 + 39168.9 = 39699.3 over 416 frames.
knm_04689_01551799385 ಇದ್ದು ಪ್ರಕರಣಗಳು ಮತ್ತು ಎಲ್ಲಾ ಪಡೆಗಳು 
LOG (lattice-best-path[5.5.891~1-37628]:main():lattice-best-path.cc:99) For utterance knm_04689_01975694503, best cost 893.641 + 79902.5 = 80796.2 over 809 frames.
knm_04689_01975694503 ಪ್ರಕೃತಿಯ ಮಹತ್ಕಾರ್ಯಗಳನ್ನೆಲ್ಲ ಆಕಾಶ ದೇವತೆಗೆ ಹೇಳಿರುವುದರ ಅಕ್ಕ ಸ್ಪಷ್ಟವಾಗುವುದು 
LOG (lattice-best-path[5.5.891~1-37628]:main():lattice-best-path.cc:99) For utterance knm_04705_01063045145, best cost 598.535 + 57194.2 = 57792.7 over 621 frames.
knm_04705_01063045145 ವಿಷಯವನ್ನು ಸಂಗ್ರಹಿಸಿ ಒಂದು ನಕ್ಷೆಯನ್ನು ತಯಾರಿಸಬಹುದು 
LOG (lattice-best-path[5.5.891~1-37628]:main():lattice-best-path.cc:99) For utterance knm_04705_01735869449, best cost 673.47 + 63237.9 = 63911.4 over 723 frames.
knm_04705_01735869449 ಈ ಪನ್ನಾ ಎಂಬ ಜಿಲ್ಲೆಯಲ್ಲಿ ವೈದ್ಯರಲ್ಲಿ ಗಣಿಗಳಿವೆ 
LOG (lattice-best-path[5.5.891~1-37628]:main():lattice-best-path.cc:99) For utterance knm_04992_00776173417, best cost 334.155 + 29270.6 = 29604.8 over 331 frames.
knm_04992_00776173417 ಟಿ ತ್ಯಾಜ್ಯ ಪ್ರಕಾರ 
LOG (lattice-best-path[5.5.891~1-37628]:main():lattice-best-path.cc:99) For utterance knm_04992_00895591669, best cost 228.683 + 34580 = 34808.7 over 391 frames.
knm_04992_00895591669 ವಿಶಿಷ್ಟವೆನಿಸುವಂತೆ 
LOG (lattice-best-path[5.5.891~1-37628]:main():lattice-best-path.cc:99) For utterance knm_04992_01012029824, best cost 472.853 + 47773.1 = 48246 over 527 frames.
knm_04992_01012029824 ಸರ್ಕಾರಿ ಮತ್ತು ಖಾಸಗಿ ಆಸ್ಪತ್ರೆಗಳು 
LOG (lattice-best-path[5.5.891~1-37628]:main():lattice-best-path.cc:99) For utterance knm_04992_01376466131, best cost 289.045 + 33685.9 = 33974.9 over 373 frames.
knm_04992_01376466131 ಮತಚಲಾಯಿಸುವ ಹಕ್ಕು 
LOG (lattice-best-path[5.5.891~1-37628]:main():lattice-best-path.cc:99) For utterance knm_04992_01988393458, best cost 552.28 + 47651.4 = 48203.7 over 501 frames.
knm_04992_01988393458 ತೀರಪ್ರದೇಶ ಹಿತಕರವಾದ ವಾಯುಗುಣವನ್ನು ಒಂದಿಲ್ಲ 
LOG (lattice-best-path[5.5.891~1-37628]:main():lattice-best-path.cc:99) For utterance knm_05066_00884053721, best cost 1284.26 + 94948.5 = 96232.8 over 979 frames.
knm_05066_00884053721 ಈ ಬೌದ್ಧರ ಪಾಳಿ ತ್ರಿಪಿಟಕಗಳಲ್ಲಿ ಎರಡನೆಯದಾದ ಸುತ್ತಪಿಟಕದಲ್ಲಿ ಸೇರಿರುವ ವೈದ್ಯ ನಿಕಾಯಗಳಲ್ಲಿ ನಾಲ್ಕನೆಯದು 
LOG (lattice-best-path[5.5.891~1-37628]:main():lattice-best-path.cc:99) For utterance knm_05066_01394733757, best cost 149.742 + 16537.3 = 16687.1 over 194 frames.
knm_05066_01394733757 ಅಲ್ಲದೆ 
LOG (lattice-best-path[5.5.891~1-37628]:main():lattice-best-path.cc:99) For utterance knm_05927_01284176879, best cost 165.221 + 22269.9 = 22435.1 over 263 frames.
knm_05927_01284176879 ಪ್ರಾಣ 
LOG (lattice-best-path[5.5.891~1-37628]:main():lattice-best-path.cc:99) For utterance knm_05927_01695983387, best cost 1202.64 + 91566 = 92768.7 over 920 frames.
knm_05927_01695983387 ಇಂತಹ ಘಟನೆಗಳಲ್ಲಿ ನಾಗರಿಕರೂ ಭಾಗವಹಿಸುವುದರಿಂದ ಮತ್ತು ಹಿಂಸಾಕೃತ್ಯಗಳು ನಡೆಯುವುದರಿಂದ ಇವಕ್ಕೆ ಅಂತರ್ಯುದ್ಧಗಳೆಂದು ಹೆಸರಾಗಿದೆ 
LOG (lattice-best-path[5.5.891~1-37628]:main():lattice-best-path.cc:99) For utterance knm_05927_01699170109, best cost 550.637 + 36303.4 = 36854 over 391 frames.
knm_05927_01699170109 ಬಾಗಿಲಿಗೆ ಬಂದ ಜಾತಿಯ ನ ಸ್ವಾಗತಿಸಿ 
LOG (lattice-best-path[5.5.891~1-37628]:main():lattice-best-path.cc:99) For utterance knm_05927_01879350384, best cost 1159.94 + 79875.6 = 81035.6 over 792 frames.
knm_05927_01879350384 ಗೂಟ ಮತ್ತು ರೆಂಬೆಗಳನ್ನು ತಾಯಿಗಿಡದಿಂದ ಪ್ರತ್ಯೇಕಿಸದೆ ಭೂಮಿಯಲ್ಲಿ ಹೂಳಿ ಹೊಸ ದವಸ ಸಸ್ಯಗಳನ್ನೇಳಿಸಬಹುದು 
LOG (lattice-best-path[5.5.891~1-37628]:main():lattice-best-path.cc:99) For utterance knm_06230_00046526226, best cost 705.663 + 54672.7 = 55378.4 over 536 frames.
knm_06230_00046526226 ಅಂಟಿಸುವ ಪದರಗಳನ್ನು ಹೆಚ್ಚು ಒತ್ತಡಕ್ಕೆ ಒಳಪಡಿಸುವುದು ಅವಶ್ಯಕ 
LOG (lattice-best-path[5.5.891~1-37628]:main():lattice-best-path.cc:99) For utterance knm_06230_00132339674, best cost 439.921 + 48543 = 48983 over 561 frames.
knm_06230_00132339674 ಇದು ಒಂದು ಪೊದೆ ಸಸ್ಯ 
LOG (lattice-best-path[5.5.891~1-37628]:main():lattice-best-path.cc:99) For utterance knm_06230_01024713546, best cost 898.088 + 68219.6 = 69117.7 over 698 frames.
knm_06230_01024713546 ಹಳೆಯ ಎಲೆಗಳು ಉದುರುವುದಕ್ಕಿಂತ ಮುಂಚಿತವಾಗಿಯೇ ಹೊಸ ಚಿಕ್ಕ ಎಸ್ ಕಾಣಿಸಿಕೊಳ್ಳುತ್ತದೆ 
LOG (lattice-best-path[5.5.891~1-37628]:main():lattice-best-path.cc:99) For utterance knm_06230_01354268124, best cost 468.94 + 49676.5 = 50145.4 over 510 frames.
knm_06230_01354268124 ಆದ್ದರಿಂದಲೇ ಶರೀರಕ್ರಿಯಾವಿಜ್ಞಾನವನ್ನು ನೋಡಬೇಕು 
LOG (lattice-best-path[5.5.891~1-37628]:main():lattice-best-path.cc:99) For utterance knm_06230_01433008341, best cost 434.334 + 24794.5 = 25228.8 over 254 frames.
knm_06230_01433008341 ಆಗ ಮಧ್ಯದಲ್ಲಿ ಸೇರುವ ಉಂಟಾಗುತ್ತದೆ 
LOG (lattice-best-path[5.5.891~1-37628]:main():lattice-best-path.cc:99) For utterance knm_06500_00067582165, best cost 933.463 + 71318.2 = 72251.7 over 740 frames.
knm_06500_00067582165 ನೀವು ಮಣ್ಣು ಬಾಸೆಲ್ ಎಂಬಲ್ಲಿ ಅಂತರಾಷ್ಟ್ರೀಯ ತೀರುವೆ ಬ್ಯಾಂಕಿಗೆ ಸ್ಥಾಪನೆಯಾಯಿತು 
LOG (lattice-best-path[5.5.891~1-37628]:main():lattice-best-path.cc:99) For utterance knm_06681_01385815476, best cost 817.428 + 89348.1 = 90165.5 over 988 frames.
knm_06681_01385815476 ಹಾರ್ಮೋನ್ ಶತಮಾನದಲ್ಲಿ ಪ್ರವರ್ಧಮಾನಕ್ಕೆ ಬಂತು ಒಂದು ರಾಜ್ಯವಾಗಿತ್ತು 
LOG (lattice-best-path[5.5.891~1-37628]:main():lattice-best-path.cc:99) For utterance knm_06681_02093588741, best cost 984.961 + 113204 = 114189 over 1244 frames.
knm_06681_02093588741 ಅಂತರರಾಷ್ಟ್ರೀಯ ಉಕ್ಕು ಕಾರ್ಟೆಲ್ಲು ಉತ್ಪನ್ನದ ಮೊತ್ತವನ್ನು ಯಶಸ್ವಿಯಾಗಿ ನಿರ್ಬಂಧಿಸಿತ್ತು 
LOG (lattice-best-path[5.5.891~1-37628]:main():lattice-best-path.cc:99) For utterance knm_06788_00979870381, best cost 279.409 + 37455.5 = 37734.9 over 433 frames.
knm_06788_00979870381 ರಾಕೆಟ್ ವಿಜ್ಞಾನ 
LOG (lattice-best-path[5.5.891~1-37628]:main():lattice-best-path.cc:99) For utterance knm_06984_00866400530, best cost 242.812 + 24295.7 = 24538.5 over 263 frames.
knm_06984_00866400530 ಇವೆ ಅಲ್ಲದೆ 
LOG (lattice-best-path[5.5.891~1-37628]:main():lattice-best-path.cc:99) For utterance knm_06984_01792045590, best cost 943.905 + 65803 = 66746.9 over 655 frames.
knm_06984_01792045590 ಯೂರೋಪು ಪಿ ನ ಅನೇಕ ರಾಷ್ಟ್ರಗಳಲ್ಲಿ ಇತರ ಅಂಗಸಂಸ್ಥೆಗಳ ಸಂಖ್ಯೆ ಹೆಚ್ಚಿತು 
LOG (lattice-best-path[5.5.891~1-37628]:main():lattice-best-path.cc:99) For utterance knm_07221_00758933658, best cost 481.801 + 37477.2 = 37959 over 391 frames.
knm_07221_00758933658 ಚರಕಸಂಹಿತೆಯಲ್ಲೇ ಈ ವಿಧಾನ ಹೇಳಿಲ್ಲ 
LOG (lattice-best-path[5.5.891~1-37628]:main():lattice-best-path.cc:99) For utterance knm_07524_00031785805, best cost 1037.12 + 84667.2 = 85704.4 over 894 frames.
knm_07524_00031785805 ಯಾಕೆಂದರೆ ಅದರ ಬಹು ಶಾಲೆಗಳು ಆಯಾ ರಾಜ್ಯಗಳು ಸ್ವಯಂ ಪ್ರೇರಣೆಯಿಂದ ಒಪ್ಪಲ್ಪಡುತ್ತವೆ 
LOG (lattice-best-path[5.5.891~1-37628]:main():lattice-best-path.cc:99) For utterance knm_07524_00050245068, best cost 390.218 + 39377.5 = 39767.7 over 450 frames.
knm_07524_00050245068 ಧಾರ್ಮಿಕ ಚಿತ್ರಗಳು ಫೋರ್ಕ್ 
LOG (lattice-best-path[5.5.891~1-37628]:main():lattice-best-path.cc:99) For utterance knm_07524_00318896617, best cost 754.896 + 58567.5 = 59322.4 over 612 frames.
knm_07524_00318896617 ಮಲಗಿದವರು ಕೊರತೆ ಶಬ್ದ ಮಾಡುವಾಗ ಕಿರುನಾಲಿಗೆ ಕಂಪಿಸುತ್ತದೆ 
LOG (lattice-best-path[5.5.891~1-37628]:main():lattice-best-path.cc:99) For utterance knm_07524_01722219606, best cost 1096.49 + 83424.5 = 84521 over 843 frames.
knm_07524_01722219606 ಈ ಒಂದೊಂದು ದೇವತೆಯೂ ಪರತತ್ತ್ವ ಸ್ವರೂಪವೆಂದು ಪ್ರತಿಪಾದಿಸಿರುವುದು ವೈದಿಕ ಧರ್ಮದ ವೈಶಿಷ್ಟ್ಯ 
LOG (lattice-best-path[5.5.891~1-37628]:main():lattice-best-path.cc:99) For utterance knm_07722_00794558679, best cost 327.909 + 38899.9 = 39227.8 over 408 frames.
knm_07722_00794558679 ಅನೇಕ ಸಂದರ್ಭಗಳು 
LOG (lattice-best-path[5.5.891~1-37628]:main():lattice-best-path.cc:99) For utterance knm_07918_00101024522, best cost 920.767 + 55178.5 = 56099.3 over 536 frames.
knm_07918_00101024522 ಅಂಟು ಚಿತ್ರಣವು ಈ ಇನ್ನು ಗುರುತಿಸಲು ಪ್ರೋಗ್ರಾಂ ವೇದಗಳ ಮೊಟ್ಟೆಯ ಕಲೆಹಾಕಲಾಗುವುದು 
LOG (lattice-best-path[5.5.891~1-37628]:main():lattice-best-path.cc:99) For utterance knm_07918_00344390763, best cost 525.839 + 39578.6 = 40104.4 over 416 frames.
knm_07918_00344390763 ಈ ಅನೇಕ ಸ್ಟೇಷನರಿ ಬಳಕೆಗಳಿಗಾಗಿ ಇವೆ 
LOG (lattice-best-path[5.5.891~1-37628]:main():lattice-best-path.cc:99) For utterance knm_08025_01005211078, best cost 245.738 + 24715.1 = 24960.8 over 280 frames.
knm_08025_01005211078 ತೀರ ಸಾಮಾನ್ಯ 
LOG (lattice-best-path[5.5.891~1-37628]:main():lattice-best-path.cc:99) For utterance knm_08025_01815510700, best cost 1184.8 + 87157 = 88341.8 over 894 frames.
knm_08025_01815510700 ತೊಡೆಸಂದಿಯ ಅಂಡವಾಯುಗಳು ಪುರುಷರ ಆ ಮತ್ತು ಮಹಿಳೆಯರಲ್ಲಿನ ಅಂಡವಾಯುವಿನ ಪೈಕಿ ಅತಿಸಾಮಾನ್ಯವಾದ ಬಗೆಯಾಗಿದೆ 
LOG (lattice-best-path[5.5.891~1-37628]:main():lattice-best-path.cc:99) For utterance knm_09140_00720736851, best cost 678.552 + 57171.2 = 57849.8 over 595 frames.
knm_09140_00720736851 ನಿಲ್ದಾಣದ ಹತ್ತಿರವಿರುವ ತೂಕರಹಿತ ಪರಿಸರ ನಿರ್ಮಾಣವಾಗುತ್ತದೆ 
LOG (lattice-best-path[5.5.891~1-37628]:main():lattice-best-path.cc:99) For utterance knm_09140_01245552601, best cost 176.661 + 20211.9 = 20388.5 over 237 frames.
knm_09140_01245552601 ಅಗತ್ಯವಿದೆ 
LOG (lattice-best-path[5.5.891~1-37628]:main():lattice-best-path.cc:99) For utterance knm_09140_01249646213, best cost 342.125 + 25720.1 = 26062.2 over 280 frames.
knm_09140_01249646213 ಈ ಕೊಲಂಬಿಯ ಅಪಘಾತ 
LOG (lattice-best-path[5.5.891~1-37628]:main():lattice-best-path.cc:99) For utterance knm_09877_01386053555, best cost 576.052 + 40148.8 = 40724.9 over 433 frames.
knm_09877_01386053555 ನಮ್ಮಲ್ಲಿ ಒಣಗಿಸಿ ಮಾರಾಟಕ್ಕೆ ಕಳುಹಿಸುವುದು ಕಡಿಮೆ 
LOG (lattice-best-path[5.5.891~1-37628]:main():lattice-best-path.cc:99) For utterance knm_09877_01488515142, best cost 499.678 + 42254.7 = 42754.4 over 450 frames.
knm_09877_01488515142 ಕೇಸಿಯಿನ್ ಅಂಟು ಸರಂಧ್ರವಸ್ತುಗಳನ್ನು ಅಂಟಿಸುವುದಕ್ಕೆ 
LOG (lattice-best-path[5.5.891~1-37628]:main():lattice-best-path.cc:99) For utterance knm_09877_01579354608, best cost 1341.46 + 95600.7 = 96942.1 over 979 frames.
knm_09877_01579354608 ಹುಡುಕಾಟದ ಪರ್ವತ ಅಂಶಗಳನ್ನು ಸಾಮಾನ್ಯವಾಗಿ ಒಂದು ಪಟ್ಟಿಯ ರೂಪದಲ್ಲಿ ಪ್ರಸ್ತುತಪಡಿಸಲಾಗುತ್ತದೆ ಮತ್ತು ಇವನ್ನು ಹಿಟ್ಸ್ ಎಂದು ಕರೆಯಲಾಗುತ್ತದೆ 
LOG (lattice-best-path[5.5.891~1-37628]:main():lattice-best-path.cc:124) Overall cost per frame is 99.4592 = 1.25716 [graph] + 98.202 [acoustic] over 136285 frames.
LOG (lattice-best-path[5.5.891~1-37628]:main():lattice-best-path.cc:128) Done 200 lattices, failed for 0
# Accounting: time=0 threads=1
# Ended (code 0) at Sat Apr  3 02:14:26 IST 2021, elapsed time 0 seconds
