# lattice-best-path --lm-scale=14 --word-symbol-table=exp/tri1/graph/words.txt "ark:gunzip -c exp/tri1/decode/lat.*.gz|" ark,t:exp/tri1/decode/scoring/14.tra 
# Started at Sat Apr  3 02:14:26 IST 2021
#
lattice-best-path --lm-scale=14 --word-symbol-table=exp/tri1/graph/words.txt 'ark:gunzip -c exp/tri1/decode/lat.*.gz|' ark,t:exp/tri1/decode/scoring/14.tra 
LOG (lattice-best-path[5.5.891~1-37628]:main():lattice-best-path.cc:99) For utterance knf_00001_00413020320, best cost 1057.72 + 47860.1 = 48917.8 over 501 frames.
knf_00001_00413020320 ಈ ಶಾಖೆಯ ಕಾಯಿದೆ ಹೆಸರಿಗೆ ಕಾಯಿದೆ 
LOG (lattice-best-path[5.5.891~1-37628]:main():lattice-best-path.cc:99) For utterance knf_00001_00977247973, best cost 1116.75 + 73830.1 = 74946.8 over 792 frames.
knf_00001_00977247973 ರಾಷ್ಟ್ರೀಯ ಹಾಗೂ ಅಂತಾರಾಷ್ಟ್ರೀಯ ನಿಯತಕಾಲಿಕಗಳು ಸಿಗುತ್ತವೆ 
LOG (lattice-best-path[5.5.891~1-37628]:main():lattice-best-path.cc:99) For utterance knf_00001_01200920211, best cost 987.72 + 51625.3 = 52613 over 544 frames.
knf_00001_01200920211 ಅಂತಾರಾಷ್ಟ್ರೀಯ ಕಾರ್ಟೆಲ್ಲುಗಳಲ್ಲಿ ಎರಡು ವಿದಾಯ ಈ 
LOG (lattice-best-path[5.5.891~1-37628]:main():lattice-best-path.cc:99) For utterance knf_00001_01610070590, best cost 1332.47 + 76872.6 = 78205.1 over 826 frames.
knf_00001_01610070590 ಒಂದು ಸಾರ್ತಿ ಈ ಪಾರ್ಶ್ವಚಿತ್ರ ನಿರ್ಧಾರಣಾ ವಾದ ನಂತರ 
LOG (lattice-best-path[5.5.891~1-37628]:main():lattice-best-path.cc:99) For utterance knf_00001_01623910163, best cost 2314.33 + 92872.5 = 95186.8 over 945 frames.
knf_00001_01623910163 ಸರಣಿಯನ್ನು ಸಾಗಿಸುವ ಮೂವತ್ತಾರು ನಲ್ಲಿ ವಿಪರೀತ ಕಂಪನ ಮತ್ತು ಹಳೆ ಕರೆ ಸ್ಟೇಟ್ ಗಳು ಕಾಣಿಸಿಕೊಂಡವು 
LOG (lattice-best-path[5.5.891~1-37628]:main():lattice-best-path.cc:99) For utterance knf_00001_01676291107, best cost 889.877 + 67260.3 = 68150.2 over 689 frames.
knf_00001_01676291107 ಅದರಿಂದಲೇ ಶರೀರಕ್ರಿಯಾವಿಜ್ಞಾನವನ್ನು ನೋಡಬೇಕು 
LOG (lattice-best-path[5.5.891~1-37628]:main():lattice-best-path.cc:99) For utterance knf_00254_00142887464, best cost 3059.55 + 122184 = 125243 over 1124 frames.
knf_00254_00142887464 ನೈಟ್ರೊಜನ್ ನೋದನ ಕೊರತೆಯ ತೀವ್ರತೆಯನ್ನು ಕಂಡುಕೊಳ್ಳಬೇಕಾದರೆ ಅದರ ಅಂಶ ಸಸ್ಯಾಂಗದ ಯಾವ ಭಾಗದಲ್ಲಿ ಪ್ರಪ್ರಥಮ ಕಡಿಮೆಯಾಗಿರುತ್ತದೆಯೋ ಅಲ್ಲಿ ಪರೀಕ್ಷೆ ಮಾಡಬೇಕು 
LOG (lattice-best-path[5.5.891~1-37628]:main():lattice-best-path.cc:99) For utterance knf_00254_00386694014, best cost 2380.73 + 96090.1 = 98470.9 over 885 frames.
knf_00254_00386694014 ಅಲ್ಲದೆ ಜ್ವೆಜ್ದ ಹೊರಾಂಗಣದ ಮೇಲಿರುವ ಆಂಟೆನಗಳ ಮೂಲಕ ಅರ್ಥವೂ ನಿಯಂತ್ರಣಾ ಕಕ್ಷಾ ಸಂಪರ್ಕ ಕೇಂದ್ರಗಳಿಗೆ ಕಳಿಸಲಾಗುತ್ತಿದೆ 
LOG (lattice-best-path[5.5.891~1-37628]:main():lattice-best-path.cc:99) For utterance knf_00254_00422041099, best cost 2226.99 + 81200.7 = 83427.7 over 757 frames.
knf_00254_00422041099 ಈ ವಲಯದ ಮೂಲಕವೇ ನೆಲದಮೇಲೆ ಬಿತ್ತನೆ ಇರುವ ನಿಧಾನ ಗತಿಯಲ್ಲಿ ಜಿನುಗಿ ಅಂತರ್ಜಲ ಭಂಡಾರವಾಗುತ್ತದೆ 
LOG (lattice-best-path[5.5.891~1-37628]:main():lattice-best-path.cc:99) For utterance knf_00254_00567573707, best cost 782.482 + 27945.7 = 28728.2 over 280 frames.
knf_00254_00567573707 ಇದರ ಸ್ಥಾಪಕ ವಿಲ್ಹೆಮ್ ಉಂಟು 
LOG (lattice-best-path[5.5.891~1-37628]:main():lattice-best-path.cc:99) For utterance knf_00254_00872855172, best cost 324.294 + 17722.7 = 18047 over 203 frames.
knf_00254_00872855172 ರೈಲ್ವೆ 
LOG (lattice-best-path[5.5.891~1-37628]:main():lattice-best-path.cc:99) For utterance knf_00254_01109646751, best cost 2909.39 + 116345 = 119255 over 1065 frames.
knf_00254_01109646751 ಈ ಸಂಸ್ಥೆ ತನ್ನ ಬಂಡವಾಳ ವಿನಿಯೋಗದ ಜೊತೆಗೆ ದೇಶದ ಆರ್ಥಿಕ ಬೆಳವಣಿಗೆಗೆ ಅಗತ್ಯವಾದ ಎಲ್ಲ ಅಂಶಗಳನ್ನು ಏರ್ಪಾಟುಗಳನ್ನೂ ವಿಮರ್ಶೆಮಾಡುವ ಹೊಣೆಗಾರಿಕೆಯನ್ನು ಹೊತ್ತಿದೆ 
LOG (lattice-best-path[5.5.891~1-37628]:main():lattice-best-path.cc:99) For utterance knf_00254_01445391292, best cost 1185.69 + 41544 = 42729.7 over 399 frames.
knf_00254_01445391292 ಅಲ್ಲದೇ ಅವುಗಳನ್ನು ಅಲ್ಲಿನ ಅಡುಗೆ ಮನೆಯಲ್ಲಿ ಬೇಯಿಸುತ್ತಾರೆ 
LOG (lattice-best-path[5.5.891~1-37628]:main():lattice-best-path.cc:99) For utterance knf_00254_01541969378, best cost 1875.58 + 104166 = 106042 over 1005 frames.
knf_00254_01541969378 ಸರ್ಕಾರದ ಖಜಾನೆಯ ಇಷ್ಟಾನುಸಾರವಾಗಿ ಎಚ್ಚರ ವ್ಯಾಪಕವಾದ ಬಹಿರಂಗಪಡಿಸುವಿಕೆಯ ಅವಶ್ಯಕತೆಯು ಕಂಡುಬರಬಹುದು 
LOG (lattice-best-path[5.5.891~1-37628]:main():lattice-best-path.cc:99) For utterance knf_00254_01647525555, best cost 1139.05 + 35924.3 = 37063.3 over 339 frames.
knf_00254_01647525555 ಭದ್ರ ಡ್ಯಾಂ ಎಂಬುದು ಒಂದು ಪ್ರವಾಸೀ ಕೇಂದ್ರವಾಗಿದೆ 
LOG (lattice-best-path[5.5.891~1-37628]:main():lattice-best-path.cc:99) For utterance knf_00254_01705277091, best cost 1646.16 + 84844.9 = 86491.1 over 834 frames.
knf_00254_01705277091 ವ್ಯವಸ್ಥಾಪಕ ನಿರ್ದೇಶಕರನ್ನು ನಿರ್ಧರಿಸುವ ಕಾರ್ಯನಿರ್ವಾಹಕ ನಿರ್ದೇಶಕರನ್ನು ಆಯ್ಕೆ ಮಾಡಲಾಗುತ್ತದೆ 
LOG (lattice-best-path[5.5.891~1-37628]:main():lattice-best-path.cc:99) For utterance knf_00557_00470699635, best cost 800.094 + 50683.2 = 51483.3 over 510 frames.
knf_00557_00470699635 ಅಂಗುತ್ತರವೆಂದರೆ ಇನ್ನೊಂದು ಅಂಗವೆಂದರ್ಥ 
LOG (lattice-best-path[5.5.891~1-37628]:main():lattice-best-path.cc:99) For utterance knf_00557_00693422845, best cost 1446.45 + 68644.8 = 70091.2 over 706 frames.
knf_00557_00693422845 ಇಂದ್ರನಂತೆ ನೂರಾರು ಕುದುರೆಗಳು ಹೂಡಿದ ರಥದಲ್ಲಿ ಸಂಚರಿಸುವವನು ಆ 
LOG (lattice-best-path[5.5.891~1-37628]:main():lattice-best-path.cc:99) For utterance knf_00557_01097230618, best cost 1095.24 + 50121.9 = 51217.2 over 501 frames.
knf_00557_01097230618 ಪರ್ವತಗಳು ವಾಯುವೂ ಅನುಗುಣವಾಗಿದೆ ಕಂಪಿಸುವುವು 
LOG (lattice-best-path[5.5.891~1-37628]:main():lattice-best-path.cc:99) For utterance knf_00557_01128272548, best cost 493.985 + 29059.7 = 29553.6 over 314 frames.
knf_00557_01128272548 ಸರ್ಪವೇದ ಈ 
LOG (lattice-best-path[5.5.891~1-37628]:main():lattice-best-path.cc:99) For utterance knf_00557_01945435360, best cost 962.832 + 46682.1 = 47644.9 over 442 frames.
knf_00557_01945435360 ಹೂಗೊಂಚಲಿನಲ್ಲಿ ಹಣ್ಣು ಅವುಗಳು ಮಾತ್ರವಿದೆ 
LOG (lattice-best-path[5.5.891~1-37628]:main():lattice-best-path.cc:99) For utterance knf_01493_00404659685, best cost 2219.01 + 108677 = 110896 over 1090 frames.
knf_01493_00404659685 ವಿದ್ಯುನ್ಮಂಡಲದಲ್ಲಿ ವಿದ್ಯುತ್ತಿನಿಂದ ವಿದ್ಯುತ್ ಪೂರಣವಾದ ಅಣುವಿನ ಸ್ಥಾಯೀ ಈ ವಿದ್ಯುತ್ತಿನ ಅಂತಸ್ಥ ಶಕ್ತಿಯಾಗಿದೆ 
LOG (lattice-best-path[5.5.891~1-37628]:main():lattice-best-path.cc:99) For utterance knf_01493_00497544022, best cost 1371.66 + 65282.1 = 66653.7 over 664 frames.
knf_01493_00497544022 ಈ ತತ್ವವನ್ನು ಭಾರತದಲ್ಲಿ ವ್ಯವಸಾಯ ಕ್ಷೇತ್ರದಲ್ಲಿ ಬಹಳವಾಗಿ ಉಪಯೋಗಿಸುತ್ತಾರೆ 
LOG (lattice-best-path[5.5.891~1-37628]:main():lattice-best-path.cc:99) For utterance knf_01493_01634609182, best cost 1393.22 + 58707.2 = 60100.4 over 587 frames.
knf_01493_01634609182 ಇದು ನಿಲ್ದಾಣ ಗಾಜು ನಾನಾ ಯೋಜನೆಗಳಿಗೆ ತಾತ್ಕಾಲಿಕ ತಡೆಯೊಡ್ಡಿತು 
LOG (lattice-best-path[5.5.891~1-37628]:main():lattice-best-path.cc:99) For utterance knf_01493_01656566847, best cost 1367.07 + 54442.9 = 55810 over 544 frames.
knf_01493_01656566847 ಹತ್ತಿಯನ್ನು ಬೆಳೆದು ಎಲ್ಲವನ್ನೂ ಹೊರದೇಶಗಳಿಗೆ ರಫ್ತು ಮಾಡುತ್ತಾರೆ 
LOG (lattice-best-path[5.5.891~1-37628]:main():lattice-best-path.cc:99) For utterance knf_01493_01861639807, best cost 1674.5 + 75811.2 = 77485.7 over 749 frames.
knf_01493_01861639807 ಹಸುಗೂಸಿನಲ್ಲಿ ಕಾಣಬರುವ ರಕ್ತ ಕೊರತೆ ಬಹುಮಟ್ಟಿನ ಕಾರಣ ರೋಧಜನಕವೇ 
LOG (lattice-best-path[5.5.891~1-37628]:main():lattice-best-path.cc:99) For utterance knf_01493_01995951894, best cost 2159.88 + 97056.6 = 99216.4 over 988 frames.
knf_01493_01995951894 ಜಗತ್ಕಾರಣವಾದ ಪರತತ್ತ್ವವೇ ಹೀಗೆ ಬೇರೆ ಬೇರೆ ರೂಪಗಳಲ್ಲಿ ನಮ್ಮನ್ನು ಕೈಹಿಡಿದು ನಡೆಸುತ್ತದೆ ಎಂದು ವರ್ಣಿಸಿದ್ದಾರೆ 
LOG (lattice-best-path[5.5.891~1-37628]:main():lattice-best-path.cc:99) For utterance knf_01779_01043659655, best cost 1795.27 + 79228.7 = 81024 over 792 frames.
knf_01779_01043659655 ಅಂಜದೀವ್ನ ಬಳಿ ಭಾರತದ ಜಲನೌಕೆಗಳು ಮೊದಲಾದ ಪೋರ್ಚುಗೀಸ್ ಪಡೆಗಳು ಶರಣಾಗತವಾದವು 
LOG (lattice-best-path[5.5.891~1-37628]:main():lattice-best-path.cc:99) For utterance knf_01779_01102803566, best cost 860.701 + 49526.6 = 50387.3 over 527 frames.
knf_01779_01102803566 ಮೊದಲು ಇದು ಪೋರ್ಚುಗೀಸರ ಸ್ವಾಧೀನದಲ್ಲಿತ್ತು 
LOG (lattice-best-path[5.5.891~1-37628]:main():lattice-best-path.cc:99) For utterance knf_01779_01391037344, best cost 1716.03 + 76661.2 = 78377.3 over 766 frames.
knf_01779_01391037344 ಉದಾಹರಣೆಗೆ ಎರಡು ತಂಡಗಳು ಪರಸ್ಪರ ಎದುರುಬದರಾಗಿ ಸಂಧಿಸಿ ಮಂದವಾದ ಭಾರತವೂ 
LOG (lattice-best-path[5.5.891~1-37628]:main():lattice-best-path.cc:99) For utterance knf_01779_02024713720, best cost 1331.8 + 66367.3 = 67699.1 over 681 frames.
knf_01779_02024713720 ಅಂತರ್ಜಾಲ ಸೌಲಭ್ಯ ಇಲ್ಲದವರಿಗೆ ಅಂತಾರಾಷ್ಟ್ರೀಯ ಧನಾದೇಶ ಸ್ವೀಕೃತಿ 
LOG (lattice-best-path[5.5.891~1-37628]:main():lattice-best-path.cc:99) For utterance knf_01796_00681401725, best cost 1686.79 + 67956.6 = 69643.4 over 664 frames.
knf_01796_00681401725 ಆದರು ಕೂಡಾ ಈ ಅಂದಾಜನ್ನು ಅಪೋಲೋ ಪ್ರೋಗ್ರಾಂನ ಕಾಗದದ ಮೇಲೆ ಮಾಡಲಾಗಿದ್ದು 
LOG (lattice-best-path[5.5.891~1-37628]:main():lattice-best-path.cc:99) For utterance knf_01796_00821693610, best cost 2243.17 + 100282 = 102525 over 1031 frames.
knf_01796_00821693610 ಆಲದ ಇಂತಹ ಶಿಲೆಗಳಲ್ಲಿ ಹೆಚ್ಚಿನ ವೇಳೆ ಬಿರುಕುಗಳಿರುವುದರಿಂದ ಇವುಗಳ ಮೂಲಕ ನೀರು ನೆಲದಾಳಕ್ಕೆ ಇಳಿಯುತ್ತದೆ 
LOG (lattice-best-path[5.5.891~1-37628]:main():lattice-best-path.cc:99) For utterance knf_01796_01050913875, best cost 4197.85 + 193202 = 197400 over 1918 frames.
knf_01796_01050913875 ಸಮಯಸಾಧಕ ಮುಂದಾಳುಗಳು ಈ ಅಂತಾರಾಷ್ಟ್ರೀಯದ ಕಡೆಯ ವರ್ಷಗಳಲ್ಲಿ ಸಮಾಜವಾದಿ ತತ್ವವನ್ನು ಕೈಬಿಟ್ಟು ಗುಜರಾತ್ ಸುಧಾರಣಾ ನೀತಿಗೆ ಮಾರುಹೋಗಿ ಅದರ ಕ್ರಾಂತಿಕಾರಿ ನೀತಿಯನ್ನು ಮಟ್ಟಕ್ಕು ಈ ಮಾಡಿದರು 
LOG (lattice-best-path[5.5.891~1-37628]:main():lattice-best-path.cc:99) For utterance knf_02049_00114697512, best cost 2819.5 + 130794 = 133613 over 1210 frames.
knf_02049_00114697512 ಅಲ್ಲದೇ ಒಂದು ಗಗನಯಾತ್ರೆಯ ಕಮಾಂಡರ್ ಮತ್ತು ಗಗನಯಾತ್ರೆಯ ಕಮಾಂಡರ್ ಗೆ ನಿಲ್ದಾಣವನ್ನು ಅಧಿಕೃತವಾಗಿ ಒಪ್ಪಿಸಿದ ನಂತರದ ಗಗನಯಾತ್ರೆಯನ್ನು ಪ್ರಾರಂಭಿಸಲಾಗುತ್ತದೆ 
LOG (lattice-best-path[5.5.891~1-37628]:main():lattice-best-path.cc:99) For utterance knf_02049_00235999111, best cost 866.043 + 36009.2 = 36875.2 over 356 frames.
knf_02049_00235999111 ಇದರ ರಾಜ ವಿಶ್ವದಷ್ಟು ವಿಸ್ತಾರ 
LOG (lattice-best-path[5.5.891~1-37628]:main():lattice-best-path.cc:99) For utterance knf_02049_01735356079, best cost 981.984 + 59903 = 60884.9 over 587 frames.
knf_02049_01735356079 ಇದರಿಂದಾಗಿ ದ್ವಿತೀಯ ಅಂತಾರಾಷ್ಟ್ರೀಯ ಅವಸಾನಗೊಂಡಿತು 
LOG (lattice-best-path[5.5.891~1-37628]:main():lattice-best-path.cc:99) For utterance knf_02049_01784472631, best cost 1538 + 77859.4 = 79397.4 over 732 frames.
knf_02049_01784472631 ವೈಜ್ಞಾನಿಕವಾಗಿ ಪೂರಕ ಪ್ರದೇಶದಿಂದ ವಿಸರ್ಜಕ ಪ್ರದೇಶಗಳೆಡೆಗೆ ಹರಿಯುತ್ತದೆ 
LOG (lattice-best-path[5.5.891~1-37628]:main():lattice-best-path.cc:99) For utterance knf_02049_01955479682, best cost 1830.46 + 77296.4 = 79126.9 over 715 frames.
knf_02049_01955479682 ಹಗಲಿನ ಶಸ್ತ್ರಚಿಕಿತ್ಸಾ ಕೇಂದ್ರಗಳ ಮೂಲಕ ಅನೇಕ ರೋಗಿಗಳ ನಿಗಾವಣೆ ನಡೆಯುತ್ತಿದ್ದು 
LOG (lattice-best-path[5.5.891~1-37628]:main():lattice-best-path.cc:99) For utterance knf_02049_02025772085, best cost 1360.51 + 70699.6 = 72060.1 over 664 frames.
knf_02049_02025772085 ಇವುಗಳನ್ನು ಮೂಲವಾಗಿಟ್ಟುಕೊಂಡು ಎಲ್ಲ ಜಟಿಲವಾದ ಸಮಸ್ಯೆಗಳನ್ನು ಬಗೆಹರಿಸಬಹುದು 
LOG (lattice-best-path[5.5.891~1-37628]:main():lattice-best-path.cc:99) For utterance knf_02173_00088208001, best cost 488.664 + 24777.8 = 25266.5 over 271 frames.
knf_02173_00088208001 ಎಂಟ್ನೂರು ಮೀಟರ್‌ಗಳಲ್ಲಿ 
LOG (lattice-best-path[5.5.891~1-37628]:main():lattice-best-path.cc:99) For utterance knf_02173_00798528092, best cost 607.063 + 23767 = 24374 over 245 frames.
knf_02173_00798528092 ರಾಂಪ್‌ನಲ್ಲಿ ಬಲಕ್ಕೆ ತಿರುಗಿ 
LOG (lattice-best-path[5.5.891~1-37628]:main():lattice-best-path.cc:99) For utterance knf_02173_02031667415, best cost 480.765 + 25319.8 = 25800.5 over 280 frames.
knf_02173_02031667415 ನಾಲ್ನೂರು ಗಜಗಳಲ್ಲಿ 
LOG (lattice-best-path[5.5.891~1-37628]:main():lattice-best-path.cc:99) For utterance knf_03271_00149014152, best cost 1732.03 + 67934.8 = 69666.8 over 681 frames.
knf_03271_00149014152 ಫ್ರೆಂಚ್ ಮತ್ತು ಜರ್ಮನ್ ಮಾರ್ಕ್ಸ್ ವಾದಿಗಳು ಇದರ ಸ್ಥಾಪನೆಯ ಕಾಲದಲ್ಲಿ ಪ್ರಭಾವಶಾಲಿಗಳಾಗಿದ್ದರು 
LOG (lattice-best-path[5.5.891~1-37628]:main():lattice-best-path.cc:99) For utterance knf_03271_01280046274, best cost 1282.05 + 53696.7 = 54978.7 over 527 frames.
knf_03271_01280046274 ಮಣ್ಣು ಹಾಗು ಸಂಪುಟದ ನಡುವಿನ ಜಾಗವನ್ನು ಒತ್ತಡಕ್ಕೊಳಪಡಿಸಿರುತ್ತಾರೆ 
LOG (lattice-best-path[5.5.891~1-37628]:main():lattice-best-path.cc:99) For utterance knf_03271_01629528503, best cost 1762.07 + 63409.6 = 65171.7 over 612 frames.
knf_03271_01629528503 ಚಿತ್ರವನ್ನು ಕೆಲವೊಮ್ಮೆ ವಾರ್ನಿಷ್ ಅಥವಾ ಕಿಲೋಮೀಟರ್ ಮುದ್ರಕಗಳನ್ನು ರಕ್ಷಣೆಯಾಗಿ ಲೇಪನ ಮಾಡಲಾಗುತ್ತದೆ 
LOG (lattice-best-path[5.5.891~1-37628]:main():lattice-best-path.cc:99) For utterance knf_03271_02015774897, best cost 2715.66 + 100641 = 103357 over 979 frames.
knf_03271_02015774897 ಸಸ್ಯದಲ್ಲಿ ತಗ್ಗಿದ ಉಷ್ಣತೆ ಚಿಕಿತ್ಸೆ ಹೆಚ್ಚಾದಂತೆ ಬಿತ್ತನೆ ಮಾಡುವುದಕ್ಕೂ ಮತ್ತು ಕೊಯಿಲು ಮಾಡುವುದಕ್ಕೂ ಮತ್ತೆ ಇರುವ ಕಾಲವು ಕಡಿಮೆಯಾಗುತ್ತದೆ 
LOG (lattice-best-path[5.5.891~1-37628]:main():lattice-best-path.cc:99) For utterance knf_03271_02018138424, best cost 2017.05 + 82532.6 = 84549.6 over 800 frames.
knf_03271_02018138424 ರಂದ್ರಯುಕ್ತಿಗಳ ಕ್ರಿಯಾತ್ಮಕ ಗುಂಪು ನಿರ್ದಿಷ್ಟ ಅಂಗಾಂಶಗಳಿಗೆ ಚಿಕ್ಕ ಅಣುಗಳ ಸಾಗಾಣಿಕೆಯಲ್ಲಿ ಉಪಯೋಗವಾಗಬಹುದು 
LOG (lattice-best-path[5.5.891~1-37628]:main():lattice-best-path.cc:99) For utterance knf_03467_00276108653, best cost 1104.36 + 50534 = 51638.4 over 519 frames.
knf_03467_00276108653 ಪೂರ್ವ ಮತ್ತು ಪಶ್ಚಿಮ ಭಾಗಗಳ ನಡುವಿನ ಪ್ರಸ್ಥಭೂಮಿ 
LOG (lattice-best-path[5.5.891~1-37628]:main():lattice-best-path.cc:99) For utterance knf_03467_00296369160, best cost 1161.32 + 72810.6 = 73972 over 809 frames.
knf_03467_00296369160 ಪ್ರಕೃತಿಯ ರೌದ್ರ ಸ್ವರೂಪವನ್ನು ಇವನು ಪ್ರತಿನಿಧಿಸುತ್ತಾನೆ 
LOG (lattice-best-path[5.5.891~1-37628]:main():lattice-best-path.cc:99) For utterance knf_03467_00425446801, best cost 1092.08 + 63536.3 = 64628.4 over 664 frames.
knf_03467_00425446801 ಅಂತಾರಾಷ್ಟ್ರೀಯ ವ್ಯವಹಾರವು ಅಂತರಾಷ್ಟ್ರೀಯ ವ್ಯಾಪಾರಕ್ಕಿಂತ ವಿಶಾಲವಾಗಿದೆ 
LOG (lattice-best-path[5.5.891~1-37628]:main():lattice-best-path.cc:99) For utterance knf_03467_00623433865, best cost 3290.84 + 166841 = 170132 over 1696 frames.
knf_03467_00623433865 ಅಂತರ್ಜಾಲಗಳು ಬಳಕೆದಾರನ ನಿರ್ದಿಷ್ಟ ಒ ಉದ್ದೇಶದ ಮೇಲೆ ಅವಲಂಬಿತವಾಗಿರುವುದರಿಂದ ನಿಯೋಗವು ಯಾರೊಂದಿಗೆ ಮುಖಾಮುಖಿ ಮಾಡುತ್ತಿರುವಿರೆಂದು ನಿಮಗೆ ನಿರ್ದಿಷ್ಟವಾಗಿ ತಿಳಿದಿರುತ್ತದೆ 
LOG (lattice-best-path[5.5.891~1-37628]:main():lattice-best-path.cc:99) For utterance knf_03467_01959641002, best cost 2468.11 + 110117 = 112585 over 1133 frames.
knf_03467_01959641002 ಸರ್ಕಾರಿ ಕ್ಷೇತ್ರಕ್ಕೆ ಸೇರಿದ ಉದ್ಯಮಗಳಿಗೆ ಅಥವಾ ವಿಶೇಷವಾಗಿ ಸರ್ಕಾರಿ ಪ್ರಭಾವಕ್ಕೆ ಒಳಪಟ್ಟಿರುವ ಸಂಸ್ಥೆಗಳಿಗೆ ನೆರವು ಸಿಗುವುದಿಲ್ಲ 
LOG (lattice-best-path[5.5.891~1-37628]:main():lattice-best-path.cc:99) For utterance knf_03574_00145342156, best cost 1588.45 + 50234.1 = 51822.6 over 501 frames.
knf_03574_00145342156 ಹಚ್ಚುವ ಮೊದಲು ಲೋಕಗಳ ಮೈಯನ್ನು ಉಜ್ಜಿ ಒರಟು ಮಾಡುವುದು ಒಳ್ಳೆಯದು 
LOG (lattice-best-path[5.5.891~1-37628]:main():lattice-best-path.cc:99) For utterance knf_03574_00156386493, best cost 1074.74 + 45453.5 = 46528.3 over 467 frames.
knf_03574_00156386493 ಒಂದನೆಯ ಮಹಾಯುದ್ಧಕ್ಕೂ ಇದೇ ಮೂಲವೆನ್ನುವವರೂ ಇದ್ದಾರೆ 
LOG (lattice-best-path[5.5.891~1-37628]:main():lattice-best-path.cc:99) For utterance knf_03574_00338085389, best cost 2411.65 + 106541 = 108953 over 1065 frames.
knf_03574_00338085389 ಅಂತರ್ಜಾಲದ ಬಳಕೆ ಮತ್ತು ಹೊಸ ತಂತ್ರಜ್ಞಾನಗಳು ಕಾಲಾನುಕ್ರಮದಲ್ಲಿ ವಿಕಸಿತವಾಗುತ್ತ ಹೋದಂತೆ ಈ ವಿಧಾನಗಳೂ ಕೂಡ ಬದಲಾಗುತ್ತಿವೆ 
LOG (lattice-best-path[5.5.891~1-37628]:main():lattice-best-path.cc:99) For utterance knf_03574_01609069976, best cost 1144.69 + 42883.2 = 44027.9 over 442 frames.
knf_03574_01609069976 ಅಲ್ಲದೆ ಅದಕ್ಕೆ ಅಗತ್ಯ ತರಬೇತಿ ವ್ಯವಸ್ಥೆ ಮಾಡಿದರು 
LOG (lattice-best-path[5.5.891~1-37628]:main():lattice-best-path.cc:99) For utterance knf_03755_00398180127, best cost 1716.4 + 74363.1 = 76079.5 over 766 frames.
knf_03755_00398180127 ಹಗಲಿನ ವೇಳೆಯಲ್ಲಿನ ಭೂಮಿಯ ಮೇಲೆ ಬೆಳಕಿರುವ ಭಾಗದಲ್ಲಿ ಬ್ಯಾಟರಿಗಳನ್ನು ಪುನರಾವೇಶಿಸಲಾಗುತ್ತದೆ 
LOG (lattice-best-path[5.5.891~1-37628]:main():lattice-best-path.cc:99) For utterance knf_03755_00400685745, best cost 642.243 + 35886.1 = 36528.3 over 382 frames.
knf_03755_00400685745 ಈ ನಿದರ್ಶನದಲ್ಲಿ ಮಾಡಬಹುದಾಗಿದೆ 
LOG (lattice-best-path[5.5.891~1-37628]:main():lattice-best-path.cc:99) For utterance knf_03755_00509615417, best cost 1045.23 + 44558.9 = 45604.1 over 476 frames.
knf_03755_00509615417 ಇಂತಹ ಹಂಚಿಕೆಯನ್ನು ಹಲವಾರು ವಿಧಾನಗಳಲ್ಲಿ ಮಾಡಬಹುದು 
LOG (lattice-best-path[5.5.891~1-37628]:main():lattice-best-path.cc:99) For utterance knf_03755_01420581943, best cost 2144.32 + 87048.9 = 89193.2 over 877 frames.
knf_03755_01420581943 ಆದರೂ ಅಂತಹ ತುಣುಕುಗಳು ಸ್ವತಃ ತಮ್ಮನ್ನು ಬೃಹತ್ ಗೋಡೆಗಳು ಅಥವಾ ಏಕಶಿಲೆಗಳಾಗಿ ಪ್ರಸ್ತುತಪಡಿಸುತ್ತದೆ 
LOG (lattice-best-path[5.5.891~1-37628]:main():lattice-best-path.cc:99) For utterance knf_03755_01455637299, best cost 2650.53 + 88824.4 = 91474.9 over 877 frames.
knf_03755_01455637299 ಏಕೆಂದರೆ ಅವರು ಉಸಿರಿನ ಮೂಲಕ ಹೊರಹಾಕಿದ ಇಂಗಾಲದ ಡೆ ಆಕ್ಸೈಡ್ ನ ಗುಳ್ಳೆಗಳು ಅವರ ತಲೆಯ ಸುತ್ತಲೇ ಉಳಿದುಕೊಳ್ಳುತ್ತವೆ 
LOG (lattice-best-path[5.5.891~1-37628]:main():lattice-best-path.cc:99) For utterance knf_03844_01662506119, best cost 1607.57 + 81811.1 = 83418.7 over 792 frames.
knf_03844_01662506119 ಈ ತಿನ್ನಲು ಪ್ರಾರಂಭಕ್ಕೆ ಅನೇಕ ವಿಶ್ವ ನಾಯಕರಿಂದ ಸಹಕಾರವನ್ನು ಇದೆ 
LOG (lattice-best-path[5.5.891~1-37628]:main():lattice-best-path.cc:99) For utterance knf_03844_01783103658, best cost 2258.65 + 110231 = 112489 over 1073 frames.
knf_03844_01783103658 ಈ ಪದ್ದತಿಯಲ್ಲಿ ವ್ಯಾಜ್ಯದವರು ಅಂಕಿ ಬೇಕಾಗುವ ವ್ಯಾಮೋಹ ಉದ್ದೇಶವನ್ನು ನಾವು ಸೂಚಿಸಿದ್ದು ಉಕ್ಕಬಹುದು 
LOG (lattice-best-path[5.5.891~1-37628]:main():lattice-best-path.cc:99) For utterance knf_05550_00445854911, best cost 1421.4 + 65653.9 = 67075.3 over 621 frames.
knf_05550_00445854911 ಮಾರುಕಟ್ಟೆ ವಿಸ್ತರಣೆ ಈ ವ್ಯವಹಾರವು ಮಾರುಕಟ್ಟೆಗಳನ್ನು ವಿಸ್ತರಿಸುತ್ತದೆ 
LOG (lattice-best-path[5.5.891~1-37628]:main():lattice-best-path.cc:99) For utterance knf_05550_00658415434, best cost 2442.38 + 105968 = 108410 over 954 frames.
knf_05550_00658415434 ನೀರಿನ ಆವಿಯಿದ್ದರೆ ತನ್ನ ದೃಢತೆಯನ್ನು ಕಳೆದುಕೊಳ್ಳುವುದರಿಂದ ಅವುಗಳ ಆ ಉಪಯೋಗ ಕಾಗದಗಳನ್ನು ಅಂಟಿಸಲು ಮಾತ್ರ 
LOG (lattice-best-path[5.5.891~1-37628]:main():lattice-best-path.cc:99) For utterance knf_05550_00806051978, best cost 712.526 + 37783.2 = 38495.7 over 365 frames.
knf_05550_00806051978 ಅಂತರಾಷ್ಟ್ರೀಯ ಅಭಿವೃದ್ಧಿ ಸಂಸ್ಥೆ 
LOG (lattice-best-path[5.5.891~1-37628]:main():lattice-best-path.cc:99) For utterance knf_05550_01010202503, best cost 1181.62 + 57196.8 = 58378.4 over 527 frames.
knf_05550_01010202503 ಅಂತರಿಕ್ಷಯಾನ ಇಂಜಿನಿಯರುಗಳು ನಾಗರಿಕ ಅಭಿಮಾನ ನೋದನ 
LOG (lattice-best-path[5.5.891~1-37628]:main():lattice-best-path.cc:99) For utterance knf_05550_01207101906, best cost 2254.5 + 87708.5 = 89963 over 800 frames.
knf_05550_01207101906 ಅಮೃತಮಂಥನದಲ್ಲಿ ನೋದನ ಮಂತ್ರಿ ಹುಟ್ಟಿ ನೋಡಲು ಕಥೆ ಅಮೃತವನ್ನು ತಂದನೆಂದು ಮಹಾಭಾರತದಲ್ಲಿ ಹೇಳಿದೆ 
LOG (lattice-best-path[5.5.891~1-37628]:main():lattice-best-path.cc:99) For utterance knf_05550_01969100159, best cost 1083.69 + 44335.9 = 45419.6 over 416 frames.
knf_05550_01969100159 ಅಂದರೆ ಇಪ್ಪತ್ತಕ್ಕೆ ಹತ್ತರ ಎರಡು ರಚನೆ 
LOG (lattice-best-path[5.5.891~1-37628]:main():lattice-best-path.cc:99) For utterance knf_05550_02041579028, best cost 1798.25 + 73984.1 = 75782.3 over 689 frames.
knf_05550_02041579028 ಅಂತರಿಕ್ಷದೇವತೆಗಳಲ್ಲೆಲ್ಲ ಓಜಸ್ಸು ಉಳ್ಳ ವನ್ನು ಬಲಿಷ್ಠನೂ ಆದವನು ಇಂದ್ರ 
LOG (lattice-best-path[5.5.891~1-37628]:main():lattice-best-path.cc:99) For utterance knf_05820_00196944896, best cost 701.595 + 31995.7 = 32697.3 over 339 frames.
knf_05820_00196944896 ಅದು ಒಂದು ಬಗೆಯ ಸ್ಪಷ್ಟವಾದ 
LOG (lattice-best-path[5.5.891~1-37628]:main():lattice-best-path.cc:99) For utterance knf_05820_00284655247, best cost 992.136 + 46421.2 = 47413.3 over 467 frames.
knf_05820_00284655247 ಶಸ್ತ್ರವೈದ್ಯವನ್ನು ಮಾಡುತ್ತಿದ್ದವರು ಕಿರು ಜಾತಿಯವರಾದರು 
LOG (lattice-best-path[5.5.891~1-37628]:main():lattice-best-path.cc:99) For utterance knf_05820_00760499597, best cost 317.909 + 20054.2 = 20372.1 over 220 frames.
knf_05820_00760499597 ಕೂಡಿಸು 
LOG (lattice-best-path[5.5.891~1-37628]:main():lattice-best-path.cc:99) For utterance knf_05820_01182827519, best cost 1034.18 + 53351.3 = 54385.4 over 553 frames.
knf_05820_01182827519 ಸ್ವೀಕರಣಾ ವಿಭಾಗವು ಅಸ್ತವ್ಯಸ್ತಗೊಂಡಿರಬಹುದಾದ ಸಾಧ್ಯತೆಗಳಿವೆ 
LOG (lattice-best-path[5.5.891~1-37628]:main():lattice-best-path.cc:99) For utterance knf_05820_01696911060, best cost 1433.49 + 60420.5 = 61854 over 612 frames.
knf_05820_01696911060 ಈ ಚಿಕಿತ್ಸೆಯನ್ನು ಬೇರೆಬೇರೆ ಸಸ್ಯಗಳಲ್ಲಿ ಬೇರೆಬೇರೆ ಹಂತಗಳಲ್ಲಿ ಕೊಡಬೇಕಾಗುವುದು 
LOG (lattice-best-path[5.5.891~1-37628]:main():lattice-best-path.cc:99) For utterance knf_06123_00344050839, best cost 2205.36 + 72474.2 = 74679.6 over 740 frames.
knf_06123_00344050839 ಆ ಎತ್ತರದ ಕೆಳೆಗೆ ಪರಕೀಯ ವಿಮಾನಗಳು ಒಂದು ದೇಶದ ಮೇಲೆ ಅದರ ಒಪ್ಪಿಗೆಯಿಲ್ಲದೆ ಹಾರಾಡುವುದು ನಿಷೇಧ ನ 
LOG (lattice-best-path[5.5.891~1-37628]:main():lattice-best-path.cc:99) For utterance knf_06123_00425937714, best cost 2524.98 + 87271 = 89795.9 over 885 frames.
knf_06123_00425937714 ಆದರೆ ಈ ಕಡ್ಡಾಯ ಎಂಬ ನಿಯಮವು ಮೂವತ್ತಾರು ಅಧಿನಿಯಮವನ್ನು ಒಂದೊಂದು ಬಾರಿ ಕಾರ್ಯಕ್ಷೇತ್ರದ ವ್ಯಾಪ್ತಿ ಬಗ್ಗೆ ತಪ್ಪಾಗಿ ಅರ್ಥೈಸಲಾಗುತ್ತದೆ 
LOG (lattice-best-path[5.5.891~1-37628]:main():lattice-best-path.cc:99) For utterance knf_06123_00469293098, best cost 1801.21 + 67160.8 = 68962 over 698 frames.
knf_06123_00469293098 ಭಾರತದ ಮಾಜಿ ವೇಗದ ಬೌಲರ್ ಮತ್ತು ಪಂಜಾಬಿ ನಟ ಯುವರಾಜ್ ಸಿಂಗ್ರ ಮಗನಾದ 
LOG (lattice-best-path[5.5.891~1-37628]:main():lattice-best-path.cc:99) For utterance knf_06123_01461977831, best cost 1352.47 + 59562.7 = 60915.2 over 595 frames.
knf_06123_01461977831 ಇದರಲ್ಲಿ ಕೊನೆಯ ಗುಂಪು ವ್ಯತ್ಯಾಸವಾಗಬಲ್ಲ ಅಂಕಿಗಳ ಸಂಖ್ಯೆ ಹೊಂದಿರುತ್ತದೆ 
LOG (lattice-best-path[5.5.891~1-37628]:main():lattice-best-path.cc:99) For utterance knf_06123_01599183050, best cost 1877.35 + 76278.7 = 78156 over 757 frames.
knf_06123_01599183050 ಗ್ರಾಮದಲ್ಲಿ ಫಲವತ್ತಾದ ಭೂಮಿ ಇರುವುದರಿಂದ ಇಪ್ಪತ್ತು ಪ್ರತಿಶತ ಜನಸಂಖ್ಯೆ ಕೃಷಿಯಲ್ಲಿ ನಿರತರಾಗಿದ್ದಾರೆ 
LOG (lattice-best-path[5.5.891~1-37628]:main():lattice-best-path.cc:99) For utterance knf_07345_00588277191, best cost 2066.82 + 107814 = 109881 over 1116 frames.
knf_07345_00588277191 ತತ್ತ್ವಜ್ಞರು ಜಗತ್ತಿನ ಸತ್ಯತೆ ವಿಚಿತ ಗಳನ್ನು ವಿಮರ್ಶಿಸುವಾಗ ಜಗತ್ತಿನಲ್ಲಿರುವ ಸತ್ಯವಾವುದು 
LOG (lattice-best-path[5.5.891~1-37628]:main():lattice-best-path.cc:99) For utterance knf_07345_01137318096, best cost 1890.78 + 86757 = 88647.8 over 860 frames.
knf_07345_01137318096 ಅಲ್ಲದೇ ಭವಿಷ್ಯದ ಬಹು ರಾಷ್ಟ್ರೀಯ ವೈಜ್ಞಾನಿಕ ಕಾರ್ಯಾಚರಣೆಗೆ ಪಟ್ಟಿಯ ವಿಷಯಗಳನ್ನು ಒದಗಿಸುತ್ತದೆ 
LOG (lattice-best-path[5.5.891~1-37628]:main():lattice-best-path.cc:99) For utterance knf_07345_01641316274, best cost 1994.35 + 105007 = 107001 over 1082 frames.
knf_07345_01641316274 ಆಂತರಿಕ ದಹನಕಾರಿ ಇಂಜಿನ್ ಎಂದರೆ ಸಾಮಾನ್ಯವಾಗಿ ದಹನ ಅಂತರಿಕವಾಗಿರುವ ಒಂದು ಇಂಜಿನ್ 
LOG (lattice-best-path[5.5.891~1-37628]:main():lattice-best-path.cc:99) For utterance knf_07345_01995564245, best cost 1575.34 + 73390.5 = 74965.9 over 757 frames.
knf_07345_01995564245 ಇದೇ ರೀತಿ ಚಳಿಗಾಲದ ಜವೆಗೋದಿಯ ತಳಿಯ ಮೊಳೆಯುತ್ತಿರುವ ಬೀಜಗಳನ್ನು 
LOG (lattice-best-path[5.5.891~1-37628]:main():lattice-best-path.cc:99) For utterance knf_07598_00253012742, best cost 1319.45 + 58374.1 = 59693.5 over 587 frames.
knf_07598_00253012742 ಗುರುತ್ವಾಕರ್ಷಣಾ ಮಾದರಿಯು ಮೂಲಭೂತವಾಗಿ ಆಮದಿಗೆ ಗಮನ ಕೊಡುತ್ತದೆ 
LOG (lattice-best-path[5.5.891~1-37628]:main():lattice-best-path.cc:99) For utterance knf_07598_01631680169, best cost 1049.04 + 48356.1 = 49405.2 over 493 frames.
knf_07598_01631680169 ಅಲ್ಲದೇ ಇದರ ಕಾಯಿಗಳಿಗಾಗಿ ಗ್ರಾಮಾಂತರ ಪ್ರದೇಶಗಳಲ್ಲಿ 
LOG (lattice-best-path[5.5.891~1-37628]:main():lattice-best-path.cc:99) For utterance knf_08476_00023010443, best cost 1931.08 + 93196.9 = 95128 over 945 frames.
knf_08476_00023010443 ತನ್ನ ವ್ಯವಹಾರದಿಂದ ಸಂಭವಿಸಬಹುದಾದ ಎಲ್ಲಾ ಲಾಭನಷ್ಟಗಳಿಗೂ ಈ ಸಂಸ್ಥೆಯ ಪೂರ್ಣವಾಗಿ ಹೊಣೆಯಾಗಿದೆ 
LOG (lattice-best-path[5.5.891~1-37628]:main():lattice-best-path.cc:99) For utterance knf_08476_00919951349, best cost 374.393 + 27063 = 27437.4 over 297 frames.
knf_08476_00919951349 ಪ್ರಯೋಗಶೀಲತೆ 
LOG (lattice-best-path[5.5.891~1-37628]:main():lattice-best-path.cc:99) For utterance knf_08476_01140084904, best cost 2930.95 + 142677 = 145608 over 1432 frames.
knf_08476_01140084904 ಪರಿಸ್ಥಿತಿಯ ಹೇಗೆ ದರ ದ್ವಿತೀಯ ಅಂತಾರಾಷ್ಟ್ರೀಯವು ಶ್ರಮಜೀವಿಗಳ ಅನೇಕ ಹೋರಾಟಗಳಲ್ಲಿ ಜಯಗಳಿಸಿ ಕಾರ್ಮಿಕರ ಚಳವಳಿಯನ್ನು ಪ್ರಭಾವಶಾಲಿಯನ್ನಾಗಿ ಮಾಡಿತು 
LOG (lattice-best-path[5.5.891~1-37628]:main():lattice-best-path.cc:99) For utterance knf_09123_01087915920, best cost 3107.74 + 168064 = 171171 over 1747 frames.
knf_09123_01087915920 ಭಾರತೀಯ ಬಾಂಧವರನ್ನು ಮತ್ತು ಪೋರ್ಚುಗೀಸರ ವಶದಲ್ಲಿದ್ದ ಇನ್ನುಳಿದ ವಸಾಹತುಗಳನ್ನು ಭಾರತ ಹೇಗೆ ಮುಕ್ತಿಗೊಳಿಸಿತೆಂಬುದು ಇಂದಿನ ಇತಿಹಾಸಕ್ಕೆ ಸೇರಿಕೊಂಡಿರುವ ವಿಷಯ 
LOG (lattice-best-path[5.5.891~1-37628]:main():lattice-best-path.cc:99) For utterance knf_09123_01402865830, best cost 3302.18 + 155998 = 159301 over 1619 frames.
knf_09123_01402865830 ಪಟ್ಟಿಯ ಮಾನದಂಡ ಅಂಕ ಅಂಗೀಕೃತ ಪದ್ದತಿಯಲ್ಲಿ ಬಳಸಲಾಗುತ್ತದೆ ಈ ಮತ್ತು ಗುಣಮಟ್ಟದ ಕೆಲಸದ ಎಂದು ವೇಳೆ ಕಾಮನ್ ಏನು ಚರ್ಚೆಗೆ ಅವಕಾಶ ಎಂದು 
LOG (lattice-best-path[5.5.891~1-37628]:main():lattice-best-path.cc:99) For utterance knf_09696_00069342685, best cost 2051.28 + 79650.1 = 81701.4 over 783 frames.
knf_09696_00069342685 ಮಾಗಿದ ಹಣ್ಣುಗಳನ್ನು ಕಿತ್ತು ಹಣ್ಣಿನಮೇಲೆ ಹಣ್ಣು ಬೀಳದಂತೆ ಇತರ ಕೇಂದ್ರ ಮರದ ತಟ್ಟೆಯಲ್ಲಿಡುತ್ತಾರೆ 
LOG (lattice-best-path[5.5.891~1-37628]:main():lattice-best-path.cc:99) For utterance knf_09696_00132652399, best cost 2367.17 + 93405.4 = 95772.5 over 903 frames.
knf_09696_00132652399 ಪ್ರಪಂಚದಲ್ಲಿ ಪದೇ ಪದೇ ಸಂಭವಿಸುವ ಬಿಕ್ಕಟ್ಟುಗಳಿಗೂ ಯುದ್ಧಗಳಿಗೂ ರಾಷ್ಟ್ರಗಳ ನಡುವೆ ಸಹಕಾರ ಇಲ್ಲದಿರುವುದೇ ಕಾರಣ 
LOG (lattice-best-path[5.5.891~1-37628]:main():lattice-best-path.cc:99) For utterance knf_09696_00309359849, best cost 1521.11 + 64091 = 65612.1 over 621 frames.
knf_09696_00309359849 ಪಾತ್ರ ಹಾಗು ಜವಾಬ್ದಾರಿಗಳಿಗೆ ಅನುಸಾರವಾಗಿ ಅನ್ವಯಗಳನ್ನು ಬಳಕೆ ಮಾಡಬಹುದು 
LOG (lattice-best-path[5.5.891~1-37628]:main():lattice-best-path.cc:99) For utterance knf_09696_00375999980, best cost 1954.68 + 80820.6 = 82775.3 over 783 frames.
knf_09696_00375999980 ಒಂದು ದೇಶದ ಅಂತರಿಕ್ಷ ಪ್ರದೇಶದಲ್ಲಿ ಯಾವ ಬಗ್ಗೆ ವಿಮಾನಗಳು ಹಾರಾಡಬಹುದೆಂಬುದನ್ನು ನಿಗದಿ ಮಾಡಿದ್ದಾರೆ 
LOG (lattice-best-path[5.5.891~1-37628]:main():lattice-best-path.cc:99) For utterance knf_09696_00657972668, best cost 2442.36 + 91002.4 = 93444.8 over 885 frames.
knf_09696_00657972668 ಅಂಗಾಂಶ ಇಂಜಿನಿಯರಿಂಗ್ ಈಗ ಎದುರಿಸುತ್ತಿರುವ ಮುಖ್ಯ ಸವಾಲು ಏನೆಂದರೆ ಇದು ಇನ್ನೂ ಹೆಚ್ಚಿನ ಕಾರ್ಯನಿರ್ವಹಣೆಯನ್ನು ಹೊಂದುವಂತಹುದ್ದಾಗಬೇಕಾಗಿದೆ 
LOG (lattice-best-path[5.5.891~1-37628]:main():lattice-best-path.cc:99) For utterance knf_09696_00779393186, best cost 1653.68 + 59529.8 = 61183.5 over 587 frames.
knf_09696_00779393186 ಈ ವ್ಯವಹಾರ ಶಿಕ್ಷಣ ವಂತರಿಗೆ ಮಾತ್ರ ಸಾಧ್ಯ ಅವಿದ್ಯಾವಂತರಿಗೆ ಇದು ಸೂಕ್ತವಲ್ಲ 
LOG (lattice-best-path[5.5.891~1-37628]:main():lattice-best-path.cc:99) For utterance knf_09696_01661748829, best cost 2361.06 + 84214.4 = 86575.5 over 817 frames.
knf_09696_01661748829 ಭೌಗೋಳಿಕ ವಿಶೇಷತೆ ಮತ್ತು ಕ್ರಮ ವಿಭಜನೆ ಎಲ್ಲಾ ದೇಶಗಳು ಒಂದೇ ರೀತಿಯ ಹವಗುಣ ಮತ್ತು ವಾಯುಗುಣ ಹೊಂದಿರುವುದಿಲ್ಲ 
LOG (lattice-best-path[5.5.891~1-37628]:main():lattice-best-path.cc:99) For utterance knf_09696_02009165869, best cost 1389.84 + 65031.9 = 66421.7 over 647 frames.
knf_09696_02009165869 ಹವಾಮಾನ ಅನನಕೂಲವಾಗಿದ್ದರೆ ಇವುಗಳನ್ನು ಒಂದು ದಿನದಲ್ಲಿ ಪೂರ್ಣಗೊಳಿಸುವುದಿಲ್ಲ 
LOG (lattice-best-path[5.5.891~1-37628]:main():lattice-best-path.cc:99) For utterance knm_00180_00250075112, best cost 730.152 + 56791.1 = 57521.2 over 647 frames.
knm_00180_00250075112 ಇದೊಂದು ಪೌಷ್ಟಿಕವಾದ ಹಣ್ಣು 
LOG (lattice-best-path[5.5.891~1-37628]:main():lattice-best-path.cc:99) For utterance knm_00180_00297370869, best cost 1673.02 + 94400.8 = 96073.8 over 1031 frames.
knm_00180_00297370869 ಈ ಬಗೆಯ ಚಿಲುಮೆಗಳು ತಮಿಳುನಾಡಿನ ನೈವೇಲಿಯ ಸುತ್ತಮುತ್ತ ಹೆಚ್ಚು ಕಂಡುಬರುತ್ತದೆ 
LOG (lattice-best-path[5.5.891~1-37628]:main():lattice-best-path.cc:99) For utterance knm_00180_01032527602, best cost 545.208 + 47490.8 = 48036 over 570 frames.
knm_00180_01032527602 ತಾರ್ಕಿಕ ಸಿದ್ಧಾಂತ 
LOG (lattice-best-path[5.5.891~1-37628]:main():lattice-best-path.cc:99) For utterance knm_00180_01188180749, best cost 833.049 + 60484.4 = 61317.4 over 706 frames.
knm_00180_01188180749 ಹನ್ನೆರಡು ಇಂಚುಗಳಿಗೆ ಒಂದು ಮಾಡಿ 
LOG (lattice-best-path[5.5.891~1-37628]:main():lattice-best-path.cc:99) For utterance knm_00180_01979139119, best cost 1499.46 + 87661.2 = 89160.6 over 988 frames.
knm_00180_01979139119 ಅಂಜೂರದ ವ್ಯವಸಾಯಕ್ಕೆ ಅಕ್ಕಿ ಫಲವತ್ತಾದ ಮಣ್ಣು ಬೇಕಾಗಿಲ್ಲ 
LOG (lattice-best-path[5.5.891~1-37628]:main():lattice-best-path.cc:99) For utterance knm_00180_01994023075, best cost 1836.36 + 107520 = 109356 over 1167 frames.
knm_00180_01994023075 ಈ ಚಿತ್ರಗಳ ಆಸೆಯಿಂದಾಗಿ ಇಂತಹ ಚೀಟಿಗಳನ್ನು ಸಂಗ್ರಹಿಸುವುದೇ ಅನೇಕರ ಹವ್ಯಾಸವಾಗಿದೆ 
LOG (lattice-best-path[5.5.891~1-37628]:main():lattice-best-path.cc:99) For utterance knm_00271_00413960012, best cost 1786.89 + 70731.3 = 72518.2 over 698 frames.
knm_00271_00413960012 ಈ ಸಮ್ಮೇಳನ ಕೇಂದ್ರ ಬ್ಯಾಂಕುಗಳೊಳಗೆ ಬೆಳೆಯಬೇಕಾದ ಸಹಕಾರದ ಆವಶ್ಯಕತೆಯನ್ನು ಒತ್ತಿ ಹೇಳಿತು 
LOG (lattice-best-path[5.5.891~1-37628]:main():lattice-best-path.cc:99) For utterance knm_00271_00720410666, best cost 945.571 + 43552.7 = 44498.2 over 433 frames.
knm_00271_00720410666 ನಿಯೋಗವು ನಿಮ್ಮ ಗಮ್ಯಸ್ಥಾನವನ್ನು ತಲುಪುತ್ತೀರಿ 
LOG (lattice-best-path[5.5.891~1-37628]:main():lattice-best-path.cc:99) For utterance knm_00271_01073654763, best cost 2064.94 + 90669.9 = 92734.9 over 903 frames.
knm_00271_01073654763 ಶಸ್ತ್ರ ಚಿಕಿತ್ಸೆಯಲ್ಲಿ ಕತ್ತಿ ಮುಂತಾದ ಶಲ್ಯಗಳು ಇವನ್ನು ಸೋಕಿದರೆ ಅಪಾಯ ಎಂದು ಹೇಳಲಾಗಿದೆ 
LOG (lattice-best-path[5.5.891~1-37628]:main():lattice-best-path.cc:99) For utterance knm_00271_01157281735, best cost 809.386 + 41399.1 = 42208.4 over 450 frames.
knm_00271_01157281735 ಈ ನಿಮ್ಮ ಗಮ್ಯಸ್ಥಾನ ಎಡಕ್ಕಿದೆ 
LOG (lattice-best-path[5.5.891~1-37628]:main():lattice-best-path.cc:99) For utterance knm_00271_01689467106, best cost 1452.66 + 73778.6 = 75231.3 over 749 frames.
knm_00271_01689467106 ಎಳೆಯುವುದನ್ನು ಬಿಟ್ಟರೆ ಶಕ್ತಿಯು ಚಲನಾತ್ಮಕ ಶಕ್ತಿಯಾಗಿ ಪರಿವರ್ತನೆಯಾಗುತ್ತದೆ 
LOG (lattice-best-path[5.5.891~1-37628]:main():lattice-best-path.cc:99) For utterance knm_00378_01481393426, best cost 2135.82 + 97867.5 = 100003 over 1013 frames.
knm_00378_01481393426 ಕೆಲವು ರಾಜ್ಯಗಳು ಇಂತಹ ಪ್ರಕರಣಗಳು ಇತ್ಯರ್ಥಕ್ಕೆ ನ್ಯಾಯಾಲಯವನ್ನು ಅವಲಂಬಿಸದೇ ಅದರ ತೀರ್ಪನ್ನೂ ಕೂಡ ತಿರಸ್ಕರಿಸಬಹುದಾಗಿದೆ 
LOG (lattice-best-path[5.5.891~1-37628]:main():lattice-best-path.cc:99) For utterance knm_00378_02016627830, best cost 1466.04 + 59438.4 = 60904.4 over 621 frames.
knm_00378_02016627830 ಶಾತವಾಹನರ ಕಾಲದಲ್ಲಿ ಐದು ಎಂಬ ಅಂಕಿ ಎರಡು ರೂಪಗಳಲ್ಲಿ ದೊರೆಯುತ್ತವೆ 
LOG (lattice-best-path[5.5.891~1-37628]:main():lattice-best-path.cc:99) For utterance knm_00417_00447310727, best cost 470.413 + 49279 = 49749.4 over 587 frames.
knm_00417_00447310727 ನೇರವಾಗಿ ಮುಂದುವರಿ 
LOG (lattice-best-path[5.5.891~1-37628]:main():lattice-best-path.cc:99) For utterance knm_00417_00700549465, best cost 868.648 + 49628.5 = 50497.1 over 553 frames.
knm_00417_00700549465 ನೀವು ನಿಮ್ಮ ಗಮ್ಯಸ್ಥಾನವನ್ನು ತಲುಪುತ್ತೀರಿ 
LOG (lattice-best-path[5.5.891~1-37628]:main():lattice-best-path.cc:99) For utterance knm_00417_00709181952, best cost 737.547 + 43651.9 = 44389.4 over 484 frames.
knm_00417_00709181952 ವೃತ್ತಾಕಾರದಲ್ಲಿ ರಾಂಪ್‌ನಲ್ಲಿಗೆ ನಿರ್ಗಮಿಸಿ 
LOG (lattice-best-path[5.5.891~1-37628]:main():lattice-best-path.cc:99) For utterance knm_00417_01029527050, best cost 524.048 + 30142.8 = 30666.9 over 339 frames.
knm_00417_01029527050 ಇಳಿಜಾರಿನಲ್ಲಿ ಮುಂದುವರಿಸಿ 
LOG (lattice-best-path[5.5.891~1-37628]:main():lattice-best-path.cc:99) For utterance knm_00417_01444549725, best cost 456.41 + 28080.9 = 28537.3 over 331 frames.
knm_00417_01444549725 ನೇರವಾಗಿ ಮುಂದುವರಿ 
LOG (lattice-best-path[5.5.891~1-37628]:main():lattice-best-path.cc:99) For utterance knm_00574_00067666596, best cost 435.28 + 22257.5 = 22692.8 over 245 frames.
knm_00574_00067666596 ಮುನ್ನೂರು ಅಡಿಗಳಲ್ಲಿ 
LOG (lattice-best-path[5.5.891~1-37628]:main():lattice-best-path.cc:99) For utterance knm_00574_01153125164, best cost 996.32 + 44448.4 = 45444.7 over 459 frames.
knm_00574_01153125164 ನಿಲ್ದಾಣದ ಮೂಲಕ ಮುಕ್ತವಾಗಿ ತೇಲಾಡುತ್ತ ಮಲಗಬಹುದು 
LOG (lattice-best-path[5.5.891~1-37628]:main():lattice-best-path.cc:99) For utterance knm_00574_01541345543, best cost 2476.74 + 88743.5 = 91220.3 over 903 frames.
knm_00574_01541345543 ಇದಾದಮೇಲೆ ವಿಯೆನ್ನಾದಲ್ಲಿ ಸಾವಿರದೊಂಬೈನೂರ ಹದಿನಾಲ್ಕರಲ್ಲಿ ಸೇರಿದ ಸಮ್ಮೇಳನದಲ್ಲಿಯೂ ಈ ಪ್ರಶ್ನೆಯ ಚರ್ಚೆಗೆ ಇನ್ನು ಹೆಚ್ಚು ಪ್ರಾಶಸ್ತ್ಯ ದೊರೆಯಿತು 
LOG (lattice-best-path[5.5.891~1-37628]:main():lattice-best-path.cc:99) For utterance knm_00574_01758939200, best cost 458.117 + 22429.7 = 22887.8 over 237 frames.
knm_00574_01758939200 ಮುನ್ನೂರು ಮೀಟರ್‌ಗಳಲ್ಲಿ 
LOG (lattice-best-path[5.5.891~1-37628]:main():lattice-best-path.cc:99) For utterance knm_00811_00180081283, best cost 1380.86 + 60260.9 = 61641.7 over 595 frames.
knm_00811_00180081283 ಅದರಲ್ಲೂ ವಿಶೇಷವಾಗಿ ಅವರಿರುವ ಸ್ಥಳದಲ್ಲಿ ಸಂಕೀರ್ಣ ಬಹುದು 
LOG (lattice-best-path[5.5.891~1-37628]:main():lattice-best-path.cc:99) For utterance knm_00811_00286463587, best cost 1913.61 + 78957.3 = 80870.9 over 809 frames.
knm_00811_00286463587 ಪ್ರತಿಯನ್ನು ವ್ಯಾಪಾರ ಘಟಕವು ತನ್ನ ದಾಖಲೆಗಳ ಆಧಾರದ ಆನ್ಲೈನ್ ಪ್ರತಿಯನ್ನು ನವೀಕರಿಸಿಕೊಳ್ಳಬಹುದು 
LOG (lattice-best-path[5.5.891~1-37628]:main():lattice-best-path.cc:99) For utterance knm_00811_01884768925, best cost 2290.56 + 85570.7 = 87861.2 over 826 frames.
knm_00811_01884768925 ಅಲ್ಲದೇ ಲಾಂಗ್ ಮತ್ತು ಹೈಜಂಪ್ ಕಡೆಗಳಲ್ಲಿ ಎರಡನೇ ಸ್ಥಾನ ಪಡೆದುಕೊಳ್ಳುವ ಮೂಲಕ ಮಹಿಳಾ ಚಾಂಪಿಯನ್ ಅವರು 
LOG (lattice-best-path[5.5.891~1-37628]:main():lattice-best-path.cc:99) For utterance knm_01099_01948197248, best cost 1364.7 + 47455.5 = 48820.2 over 484 frames.
knm_01099_01948197248 ಕೇಶವ ದೇವಾಲಯದ ಮೂರ್ತಿ ಒಂದು ಉತ್ತಮ ಗ್ರಹಿಸಲು ಶಿಲ್ಪ 
LOG (lattice-best-path[5.5.891~1-37628]:main():lattice-best-path.cc:99) For utterance knm_01114_00206224816, best cost 3275.32 + 141725 = 145001 over 1423 frames.
knm_01114_00206224816 ಮೊದಲನೆಯದಾಗಿ ಹೊರದೇಶದ ಬೇಡಿಕೆಯ ಅಥವಾ ನೀಡಿಕೆಯ ಆಧಾರದ ಮೇಲೆ ಉದ್ದೇಶದ ಉತ್ಪನ್ನ ವ್ಯವಸ್ಥೆಯನ್ನು ರಚಿಸುವಲ್ಲಿ ಒಂದು ದೇಶದ ಉದ್ಯಮಿಗಳು ವಿಶೇಷವಾದ ಹೊಣೆಗಾರಿಕೆ ವಹಿಸಬೇಕಾಗುವುದು 
LOG (lattice-best-path[5.5.891~1-37628]:main():lattice-best-path.cc:99) For utterance knm_01114_01558059071, best cost 1982.97 + 86114.2 = 88097.2 over 885 frames.
knm_01114_01558059071 ಅಂಡಮಾನಿನ ಪುಲಗ ಹಾಗೂ ಪ್ರಾಚೀನ ಭಾರತದ ವರುಣ ಅಂತರಿಕ್ಷದೇವತೆಯ ರೂಪವೆಂದು ತಿಳಿದುಬಂದಿದೆ 
LOG (lattice-best-path[5.5.891~1-37628]:main():lattice-best-path.cc:99) For utterance knm_01114_01733197529, best cost 892.037 + 54674.4 = 55566.4 over 604 frames.
knm_01114_01733197529 ಇದರೊಂದಿಗೆ ಹೈನುಗಾರಿಕೆಯು ಪ್ರಮುಖ ಉದ್ಯೋಗವಾಗಿದೆ 
LOG (lattice-best-path[5.5.891~1-37628]:main():lattice-best-path.cc:99) For utterance knm_01114_01785099367, best cost 1179.83 + 63728.9 = 64908.7 over 664 frames.
knm_01114_01785099367 ನಿಲ್ದಾಣಕ್ಕೆ ಯಾವುದೇ ನಷ್ಟವಾಗಿಲ್ಲವೆಂದು ತಕ್ಷಣವೇ ವರದಿಮಾಡಲಾಗಿತ್ತು 
LOG (lattice-best-path[5.5.891~1-37628]:main():lattice-best-path.cc:99) For utterance knm_01114_01952481449, best cost 2054.68 + 90442.2 = 92496.9 over 903 frames.
knm_01114_01952481449 ಅಂಚೆ ಸೇವೆಯು ಪ್ರತಿಯೊಂದು ಸಂಕೇತಕ್ಕೆ ಸಂಬಂಧಿಸಿದಂತೆ ಒಂದು ಪೂರ್ವನಿಶ್ಚಿತ ಏಕ ಸ್ಥಳನಾಮವನ್ನು ನಿಗದಿಪಡಿಸುತ್ತದೆ 
LOG (lattice-best-path[5.5.891~1-37628]:main():lattice-best-path.cc:99) For utterance knm_01114_02131004156, best cost 1702.45 + 99289.6 = 100992 over 1056 frames.
knm_01114_02131004156 ವಿಳಂಬಗಳಿಂದಾಗಿ ಎರಡುಸಾವಿರದ ಹನ್ನೊಂದನೇ ವರ್ಷದಲ್ಲಿ ಸಂಪೂರ್ಣಗೊಳ್ಳುವುದೆಂದು ಪುನಃ ಅಂದಾಜುಮಾಡಲಾಯಿತು 
LOG (lattice-best-path[5.5.891~1-37628]:main():lattice-best-path.cc:99) For utterance knm_01402_00421338272, best cost 887.682 + 43163.4 = 44051.1 over 450 frames.
knm_01402_00421338272 ಸಂಚಿತ ಠೇವಣಿ ಮೊತ್ತ ರೂಪಾಯಿಗಳು 
LOG (lattice-best-path[5.5.891~1-37628]:main():lattice-best-path.cc:99) For utterance knm_01672_01257232352, best cost 1677.04 + 72670.3 = 74347.3 over 740 frames.
knm_01672_01257232352 ಹಿಮದ ರೂಪದಲ್ಲಿರುವ ನೀರು ಪ್ರಮುಖವಾಗಿ ಭೂಮಿಯ ಉತ್ತಮ ದೂರದರ್ಶನ ಅವುಗಳಲ್ಲಿ ಕಂಡುಬರುತ್ತದೆ 
LOG (lattice-best-path[5.5.891~1-37628]:main():lattice-best-path.cc:99) For utterance knm_02352_00284551281, best cost 1774.06 + 64075.5 = 65849.6 over 638 frames.
knm_02352_00284551281 ಗಿಡದ ಕಾಂಡವನ್ನು ಕಾಯಂ ಮಾಡಿದಾಗ ಜಿನುಗುವ ಒಂದು ಹೋಗಿ ಗುಂಪಿಗೆ ಸೇದು 
LOG (lattice-best-path[5.5.891~1-37628]:main():lattice-best-path.cc:99) For utterance knm_02352_00695383559, best cost 892.322 + 30654.7 = 31547 over 305 frames.
knm_02352_00695383559 ಇದನ್ನು ಮೂಲ ಎಸೆದರು ಎನ್ನುವರು 
LOG (lattice-best-path[5.5.891~1-37628]:main():lattice-best-path.cc:99) For utterance knm_02533_01391504435, best cost 521.819 + 35563.8 = 36085.6 over 416 frames.
knm_02533_01391504435 ನೀವು ತಲುಪಿದ್ದೀರಿ 
LOG (lattice-best-path[5.5.891~1-37628]:main():lattice-best-path.cc:99) For utterance knm_02533_01776562000, best cost 509.262 + 34151.3 = 34660.5 over 395 frames.
knm_02533_01776562000 ಎಡದಲ್ಲಿ ನಿರ್ಗಮಿಸಿ 
LOG (lattice-best-path[5.5.891~1-37628]:main():lattice-best-path.cc:99) For utterance knm_02894_00066960331, best cost 1567.69 + 61790.6 = 63358.3 over 629 frames.
knm_02894_00066960331 ಬಾವಿಯಿಂದ ನೀರನ್ನು ಪಂಪು ಮಾಡುವವ ನೀರಿನ ಮಟ್ಟ ಕಡಿಮೆಯಾಗುತ್ತ ಹೋಗುತ್ತದೆ 
LOG (lattice-best-path[5.5.891~1-37628]:main():lattice-best-path.cc:99) For utterance knm_02894_00268521638, best cost 1617.7 + 74511.1 = 76128.8 over 749 frames.
knm_02894_00268521638 ಒಂದು ಕಾಲದಲ್ಲಿ ಈ ದೇವತೆಯ ಒಳಗಾಗಿ ತುಂಬ ಉದಾತ್ತನಾಗಿ ಕಾಣಿಸುತ್ತಾನೆ 
LOG (lattice-best-path[5.5.891~1-37628]:main():lattice-best-path.cc:99) For utterance knm_02894_00579278647, best cost 895.453 + 47350.4 = 48245.8 over 484 frames.
knm_02894_00579278647 ಅವರು ಪ್ರಕೃತಿಗಿಂತ ಹೆಚ್ಚು ಸ್ವತಂತ್ರರು 
LOG (lattice-best-path[5.5.891~1-37628]:main():lattice-best-path.cc:99) For utterance knm_02894_00791849142, best cost 1668.75 + 68626.5 = 70295.2 over 672 frames.
knm_02894_00791849142 ಅಲ್ಲದೆ ಕೆಲವು ವ್ಯವಸ್ಥೆಗಳಲ್ಲಿ ಅಗತ್ಯಕ್ಕಿಂತ ಹೆಚ್ಚು ಕ್ಷೇತ್ರವನ್ನು ಉಂಟು ಮಾಡಿತು 
LOG (lattice-best-path[5.5.891~1-37628]:main():lattice-best-path.cc:99) For utterance knm_02894_00839207207, best cost 795.704 + 48357.3 = 49153 over 510 frames.
knm_02894_00839207207 ಅಂತರಿಕ್ಷದೇವತೆಗಳಲ್ಲಿ ರುದ್ರನೂ ಸೇರಿದ್ದಾನೆ 
LOG (lattice-best-path[5.5.891~1-37628]:main():lattice-best-path.cc:99) For utterance knm_02910_00134838960, best cost 3817.02 + 135448 = 139265 over 1338 frames.
knm_02910_00134838960 ಬಾಲಕ ಬಿದ್ದಿದೆ ಬಳಸಲಾಗುತ್ತದೆ ಬಿಗ್ ಡೀಸಲ್ ಜನರೇಟರ್ ಕಂಬೈನ್ಡ್ ಆವರ್ತನ ಶಕ್ತಿ ಸ್ಥಾವರವು ಅಳಿಸಿ ಈ ಎಸ್ ದೊಡ್ಡ ವಿದ್ಯುತ್ ಉತ್ಪಾದಕಗಳ ಕೆಲವು ಶಕ್ತಿ ವಿದ್ಯುತ್ ಗ್ರಿಡ್ ಚಾಲನೆ 
LOG (lattice-best-path[5.5.891~1-37628]:main():lattice-best-path.cc:99) For utterance knm_02910_00861523707, best cost 1719.96 + 78270.3 = 79990.2 over 792 frames.
knm_02910_00861523707 ಕೇವಲ ರಾಜ್ಯಗಳು ಮಾತ್ರ ಇಂತಹ ಕಲಹಗಳ ಬಗೆಹರಿಸುವ ಪ್ರಕರಣದಲ್ಲಿ ಪಕ್ಷಗಾರರಾಗಿರುತ್ತವೆ 
LOG (lattice-best-path[5.5.891~1-37628]:main():lattice-best-path.cc:99) For utterance knm_02910_01319353513, best cost 1496.07 + 57535.1 = 59031.2 over 570 frames.
knm_02910_01319353513 ಕೆಲವು ಜಾಗಗಳಲ್ಲಂತೂ ಅಲ್ಲಿನ ಸುಣ್ಣಕಲ್ಲುಗಳ ತುಂಬಾ ಇವೆ ತುಂಬಿಕೊಂಡಿವೆ 
LOG (lattice-best-path[5.5.891~1-37628]:main():lattice-best-path.cc:99) For utterance knm_02910_01881379738, best cost 1774.29 + 69968.5 = 71742.8 over 698 frames.
knm_02910_01881379738 ಈ ಈ ಅಂಟು ಪದಾರ್ಥಗಳನ್ನು ದ್ರಾವಣಗಳ ರೂಪದಲ್ಲಿ ಬಳಸುವುದಾದರೆ ದ್ರಾವಕವನ್ನು ಆವಿಯಾಗಿಸಬೇಕು 
LOG (lattice-best-path[5.5.891~1-37628]:main():lattice-best-path.cc:99) For utterance knm_03197_00092877894, best cost 1887.47 + 75072.6 = 76960 over 757 frames.
knm_03197_00092877894 ಅಂಟು ಚಿತ್ರಣ ಕಲೆ ಎನ್ನುವುದು ಪ್ರಮುಖವಾಗಿ ದೃಗ್ಗೋಚರ ಕಲೆಗಳಲ್ಲಿನ ವ್ಯವಸ್ಥಿತ ಕಲೆ 
LOG (lattice-best-path[5.5.891~1-37628]:main():lattice-best-path.cc:99) For utterance knm_03197_00565590958, best cost 1052.38 + 40707.6 = 41760 over 399 frames.
knm_03197_00565590958 ವಿದೇಶಿ ವ್ಯವಹಾರವು ತೀವ್ರ ಪೈಪೋಟಿ ಸೃಷ್ಟಿಸುತ್ತದೆ 
LOG (lattice-best-path[5.5.891~1-37628]:main():lattice-best-path.cc:99) For utterance knm_03197_01853506118, best cost 911.94 + 40644 = 41555.9 over 416 frames.
knm_03197_01853506118 ಅಂಕೋಲ ನಂಬುವುದು ಮಲೆಯಾಳಮ್ ಭಾಷೆ 
LOG (lattice-best-path[5.5.891~1-37628]:main():lattice-best-path.cc:99) For utterance knm_04526_00306702177, best cost 2190.36 + 121254 = 123445 over 1227 frames.
knm_04526_00306702177 ಗಗನಯಾತ್ರೆ ಇಪ್ಪತ್ತರ ಸಿಬ್ಬಂದಿಯನ್ನು ಎರಡು ಪ್ರತ್ಯೇಕ ಸೊಯುಜ್ ವಿಮಾನಗಳ ಮೂಲಕ ನಿಲ್ದಾಣಕ್ಕೆ ಕಳುಹಿಸಲಾಯಿತು 
LOG (lattice-best-path[5.5.891~1-37628]:main():lattice-best-path.cc:99) For utterance knm_04526_01423735476, best cost 1520.04 + 70531.9 = 72051.9 over 775 frames.
knm_04526_01423735476 ಆ ಚಿಕಿತ್ಸೆ ಮಾಡಿದರೆ ತಗ್ಗಿದ ಉಷ್ಣತೆಯ ಪ್ರಭಾವ ತಪ್ಪಿ ಹೋಗುತ್ತದೆ 
LOG (lattice-best-path[5.5.891~1-37628]:main():lattice-best-path.cc:99) For utterance knm_04526_01784604936, best cost 809.515 + 44342.4 = 45151.9 over 493 frames.
knm_04526_01784604936 ಈ ದೊಡ್ಡ ನಾಡಿಗಳು ಧಮನಿಗಳು 
LOG (lattice-best-path[5.5.891~1-37628]:main():lattice-best-path.cc:99) For utterance knm_04689_00182748448, best cost 1277.22 + 56086.4 = 57363.6 over 544 frames.
knm_04689_00182748448 ಎರಡು ಚಿಹ್ನೆಗಳನ್ನು ಕೂಡಿಸಿ ದೊಡ್ಡ ದೊಡ್ಡ ಸಂಖ್ಯೆಗಳನ್ನು ಬರೆಯುತ್ತಿದ್ದರು 
LOG (lattice-best-path[5.5.891~1-37628]:main():lattice-best-path.cc:99) For utterance knm_04689_01225384356, best cost 2305.23 + 91323.8 = 93629 over 885 frames.
knm_04689_01225384356 ಈ ಅಂಡಾಶಯದಲ್ಲಿ ತರಗತಿ ಬೆಳೆಯುವ ಅಂತ ದಲ್ಲಿ ಅನೇಕ ಜೀವಕಣಗಳು ಗ್ರಾಫಿಯನ್ ಫಾಲಿಕಲ್ ರಚನೆಯಲ್ಲಿ ಪಾಲ್ಗೊಳ್ಳುತ್ತವೆ 
LOG (lattice-best-path[5.5.891~1-37628]:main():lattice-best-path.cc:99) For utterance knm_04689_01301971750, best cost 1759.11 + 67719.3 = 69478.5 over 638 frames.
knm_04689_01301971750 ಮನೋವಿಜ್ಞಾನ ರಂಗದಲ್ಲಿ ಸ್ವರೂಪಾತ್ಮಕ ಸಿದ್ಧಾಂತ ಅ ಎಂಬ ಒಂದು ಪಂಥವನ್ನೇ ಸ್ಥಾಪಿಸಿದ 
LOG (lattice-best-path[5.5.891~1-37628]:main():lattice-best-path.cc:99) For utterance knm_04689_01510178774, best cost 2573.31 + 131224 = 133798 over 1278 frames.
knm_04689_01510178774 ಮೊದಲನೆಯ ಮಹಾಯುದ್ಧದ ಅನಂತರ ದ್ವಿತೀಯ ಅಂತಾರಾಷ್ಟ್ರೀಯವು ಪ್ರಪಂಚದ ಶ್ರಮಜೀವಿಗಳ ಮುನ್ನಡೆಗೆ ಕಂಟಕವಾಯಿತಲ್ಲದೆ ಸಮಾಜವಾದದ ಗುರಿಯಿಂದಲೂ ಹಿಮ್ಮೆಟ್ಟಿತು 
LOG (lattice-best-path[5.5.891~1-37628]:main():lattice-best-path.cc:99) For utterance knm_04689_01549231729, best cost 239.149 + 22338.8 = 22578 over 254 frames.
knm_04689_01549231729 ನೀರು 
LOG (lattice-best-path[5.5.891~1-37628]:main():lattice-best-path.cc:99) For utterance knm_04689_01551799385, best cost 866.346 + 39205.6 = 40072 over 416 frames.
knm_04689_01551799385 ಇದು ಪ್ರಕರಣಗಳು ಮತ್ತು ಎಲ್ಲಾ ಪಡೆಗಳು 
LOG (lattice-best-path[5.5.891~1-37628]:main():lattice-best-path.cc:99) For utterance knm_04689_01975694503, best cost 1563.87 + 79902.5 = 81466.4 over 809 frames.
knm_04689_01975694503 ಪ್ರಕೃತಿಯ ಮಹತ್ಕಾರ್ಯಗಳನ್ನೆಲ್ಲ ಆಕಾಶ ದೇವತೆಗೆ ಹೇಳಿರುವುದರ ಅಕ್ಕ ಸ್ಪಷ್ಟವಾಗುವುದು 
LOG (lattice-best-path[5.5.891~1-37628]:main():lattice-best-path.cc:99) For utterance knm_04705_01063045145, best cost 1047.44 + 57194.2 = 58241.6 over 621 frames.
knm_04705_01063045145 ವಿಷಯವನ್ನು ಸಂಗ್ರಹಿಸಿ ಒಂದು ನಕ್ಷೆಯನ್ನು ತಯಾರಿಸಬಹುದು 
LOG (lattice-best-path[5.5.891~1-37628]:main():lattice-best-path.cc:99) For utterance knm_04705_01735869449, best cost 1178.57 + 63237.9 = 64416.5 over 723 frames.
knm_04705_01735869449 ಈ ಪನ್ನಾ ಎಂಬ ಜಿಲ್ಲೆಯಲ್ಲಿ ವೈದ್ಯರಲ್ಲಿ ಗಣಿಗಳಿವೆ 
LOG (lattice-best-path[5.5.891~1-37628]:main():lattice-best-path.cc:99) For utterance knm_04992_00776173417, best cost 584.77 + 29270.6 = 29855.4 over 331 frames.
knm_04992_00776173417 ಟಿ ತ್ಯಾಜ್ಯ ಪ್ರಕಾರ 
LOG (lattice-best-path[5.5.891~1-37628]:main():lattice-best-path.cc:99) For utterance knm_04992_00895591669, best cost 400.194 + 34580 = 34980.2 over 391 frames.
knm_04992_00895591669 ವಿಶಿಷ್ಟವೆನಿಸುವಂತೆ 
LOG (lattice-best-path[5.5.891~1-37628]:main():lattice-best-path.cc:99) For utterance knm_04992_01012029824, best cost 827.493 + 47773.1 = 48600.6 over 527 frames.
knm_04992_01012029824 ಸರ್ಕಾರಿ ಮತ್ತು ಖಾಸಗಿ ಆಸ್ಪತ್ರೆಗಳು 
LOG (lattice-best-path[5.5.891~1-37628]:main():lattice-best-path.cc:99) For utterance knm_04992_01376466131, best cost 505.828 + 33685.9 = 34191.7 over 373 frames.
knm_04992_01376466131 ಮತಚಲಾಯಿಸುವ ಹಕ್ಕು 
LOG (lattice-best-path[5.5.891~1-37628]:main():lattice-best-path.cc:99) For utterance knm_04992_01988393458, best cost 966.49 + 47651.4 = 48617.9 over 501 frames.
knm_04992_01988393458 ತೀರಪ್ರದೇಶ ಹಿತಕರವಾದ ವಾಯುಗುಣವನ್ನು ಒಂದಿಲ್ಲ 
LOG (lattice-best-path[5.5.891~1-37628]:main():lattice-best-path.cc:99) For utterance knm_05066_00884053721, best cost 2124.23 + 95027 = 97151.2 over 979 frames.
knm_05066_00884053721 ಬೌದ್ಧರ ಪಾಳಿ ತ್ರಿಪಿಟಕಗಳಲ್ಲಿ ಎರಡನೆಯದಾದ ಸುತ್ತಪಿಟಕದಲ್ಲಿ ಸೇರಿರುವ ವೈದ್ಯ ನಿಕಾಯಗಳಲ್ಲಿ ನಾಲ್ಕನೆಯದು 
LOG (lattice-best-path[5.5.891~1-37628]:main():lattice-best-path.cc:99) For utterance knm_05066_01394733757, best cost 262.048 + 16537.3 = 16799.4 over 194 frames.
knm_05066_01394733757 ಅಲ್ಲದೆ 
LOG (lattice-best-path[5.5.891~1-37628]:main():lattice-best-path.cc:99) For utterance knm_05927_01284176879, best cost 289.137 + 22269.9 = 22559 over 263 frames.
knm_05927_01284176879 ಪ್ರಾಣ 
LOG (lattice-best-path[5.5.891~1-37628]:main():lattice-best-path.cc:99) For utterance knm_05927_01695983387, best cost 2104.63 + 91566 = 93670.7 over 920 frames.
knm_05927_01695983387 ಇಂತಹ ಘಟನೆಗಳಲ್ಲಿ ನಾಗರಿಕರೂ ಭಾಗವಹಿಸುವುದರಿಂದ ಮತ್ತು ಹಿಂಸಾಕೃತ್ಯಗಳು ನಡೆಯುವುದರಿಂದ ಇವಕ್ಕೆ ಅಂತರ್ಯುದ್ಧಗಳೆಂದು ಹೆಸರಾಗಿದೆ 
LOG (lattice-best-path[5.5.891~1-37628]:main():lattice-best-path.cc:99) For utterance knm_05927_01699170109, best cost 857.677 + 36376.6 = 37234.3 over 391 frames.
knm_05927_01699170109 ಬಾಗಿಲಿಗೆ ಬಂದದ್ದು ತೀರ ಸ್ವಾಗತಿಸಿ 
LOG (lattice-best-path[5.5.891~1-37628]:main():lattice-best-path.cc:99) For utterance knm_05927_01879350384, best cost 1993.01 + 79897.1 = 81890.1 over 792 frames.
knm_05927_01879350384 ಗೂಟ ಮತ್ತು ರೆಂಬೆಗಳನ್ನು ತಾಯಿಗಿಡದಿಂದ ಪ್ರತ್ಯೇಕಿಸದೆ ಭೂಮಿಯಲ್ಲಿ ಹೂಳಿ ಹೊಸ ಹೊಸ ಸಸ್ಯಗಳನ್ನೇಳಿಸಬಹುದು 
LOG (lattice-best-path[5.5.891~1-37628]:main():lattice-best-path.cc:99) For utterance knm_06230_00046526226, best cost 1234.91 + 54672.7 = 55907.6 over 536 frames.
knm_06230_00046526226 ಅಂಟಿಸುವ ಪದರಗಳನ್ನು ಹೆಚ್ಚು ಒತ್ತಡಕ್ಕೆ ಒಳಪಡಿಸುವುದು ಅವಶ್ಯಕ 
LOG (lattice-best-path[5.5.891~1-37628]:main():lattice-best-path.cc:99) For utterance knm_06230_00132339674, best cost 769.862 + 48543 = 49312.9 over 561 frames.
knm_06230_00132339674 ಇದು ಒಂದು ಪೊದೆ ಸಸ್ಯ 
LOG (lattice-best-path[5.5.891~1-37628]:main():lattice-best-path.cc:99) For utterance knm_06230_01024713546, best cost 1571.65 + 68219.6 = 69791.3 over 698 frames.
knm_06230_01024713546 ಹಳೆಯ ಎಲೆಗಳು ಉದುರುವುದಕ್ಕಿಂತ ಮುಂಚಿತವಾಗಿಯೇ ಹೊಸ ಚಿಕ್ಕ ಎಸ್ ಕಾಣಿಸಿಕೊಳ್ಳುತ್ತದೆ 
LOG (lattice-best-path[5.5.891~1-37628]:main():lattice-best-path.cc:99) For utterance knm_06230_01354268124, best cost 820.645 + 49676.5 = 50497.1 over 510 frames.
knm_06230_01354268124 ಆದ್ದರಿಂದಲೇ ಶರೀರಕ್ರಿಯಾವಿಜ್ಞಾನವನ್ನು ನೋಡಬೇಕು 
LOG (lattice-best-path[5.5.891~1-37628]:main():lattice-best-path.cc:99) For utterance knm_06230_01433008341, best cost 760.085 + 24794.5 = 25554.5 over 254 frames.
knm_06230_01433008341 ಆಗ ಮಧ್ಯದಲ್ಲಿ ಸೇರುವ ಉಂಟಾಗುತ್ತದೆ 
LOG (lattice-best-path[5.5.891~1-37628]:main():lattice-best-path.cc:99) For utterance knm_06500_00067582165, best cost 1448.7 + 71457.5 = 72906.2 over 740 frames.
knm_06500_00067582165 ನಿಲ್ದಾಣದ ಬಾಸೆಲ್ ಎಂಬಲ್ಲಿ ಅಂತರಾಷ್ಟ್ರೀಯ ತೀರುವೆ ಬ್ಯಾಂಕಿಗೆ ಸ್ಥಾಪನೆಯಾಯಿತು 
LOG (lattice-best-path[5.5.891~1-37628]:main():lattice-best-path.cc:99) For utterance knm_06681_01385815476, best cost 1430.5 + 89348.1 = 90778.6 over 988 frames.
knm_06681_01385815476 ಹಾರ್ಮೋನ್ ಶತಮಾನದಲ್ಲಿ ಪ್ರವರ್ಧಮಾನಕ್ಕೆ ಬಂತು ಒಂದು ರಾಜ್ಯವಾಗಿತ್ತು 
LOG (lattice-best-path[5.5.891~1-37628]:main():lattice-best-path.cc:99) For utterance knm_06681_02093588741, best cost 1723.68 + 113204 = 114927 over 1244 frames.
knm_06681_02093588741 ಅಂತರರಾಷ್ಟ್ರೀಯ ಉಕ್ಕು ಕಾರ್ಟೆಲ್ಲು ಉತ್ಪನ್ನದ ಮೊತ್ತವನ್ನು ಯಶಸ್ವಿಯಾಗಿ ನಿರ್ಬಂಧಿಸಿತ್ತು 
LOG (lattice-best-path[5.5.891~1-37628]:main():lattice-best-path.cc:99) For utterance knm_06788_00979870381, best cost 488.966 + 37455.5 = 37944.4 over 433 frames.
knm_06788_00979870381 ರಾಕೆಟ್ ವಿಜ್ಞಾನ 
LOG (lattice-best-path[5.5.891~1-37628]:main():lattice-best-path.cc:99) For utterance knm_06984_00866400530, best cost 424.921 + 24295.7 = 24720.6 over 263 frames.
knm_06984_00866400530 ಇವೆ ಅಲ್ಲದೆ 
LOG (lattice-best-path[5.5.891~1-37628]:main():lattice-best-path.cc:99) For utterance knm_06984_01792045590, best cost 1388.31 + 65984.4 = 67372.7 over 655 frames.
knm_06984_01792045590 ಯುರೋಪಿನ ಅನೇಕ ರಾಷ್ಟ್ರಗಳಲ್ಲಿ ಇತರ ಅಂಗಸಂಸ್ಥೆಗಳ ಸಂಖ್ಯೆ ಹೆಚ್ಚಿತು 
LOG (lattice-best-path[5.5.891~1-37628]:main():lattice-best-path.cc:99) For utterance knm_07221_00758933658, best cost 843.152 + 37477.2 = 38320.3 over 391 frames.
knm_07221_00758933658 ಚರಕಸಂಹಿತೆಯಲ್ಲೇ ಈ ವಿಧಾನ ಹೇಳಿಲ್ಲ 
LOG (lattice-best-path[5.5.891~1-37628]:main():lattice-best-path.cc:99) For utterance knm_07524_00031785805, best cost 1814.96 + 84667.2 = 86482.2 over 894 frames.
knm_07524_00031785805 ಯಾಕೆಂದರೆ ಅದರ ಬಹು ಶಾಲೆಗಳು ಆಯಾ ರಾಜ್ಯಗಳು ಸ್ವಯಂ ಪ್ರೇರಣೆಯಿಂದ ಒಪ್ಪಲ್ಪಡುತ್ತವೆ 
LOG (lattice-best-path[5.5.891~1-37628]:main():lattice-best-path.cc:99) For utterance knm_07524_00050245068, best cost 485.507 + 39490.8 = 39976.3 over 450 frames.
knm_07524_00050245068 ಧಾರ್ಮಿಕ ಚಿತ್ರಗಳು 
LOG (lattice-best-path[5.5.891~1-37628]:main():lattice-best-path.cc:99) For utterance knm_07524_00318896617, best cost 1321.07 + 58567.5 = 59888.5 over 612 frames.
knm_07524_00318896617 ಮಲಗಿದವರು ಕೊರತೆ ಶಬ್ದ ಮಾಡುವಾಗ ಕಿರುನಾಲಿಗೆ ಕಂಪಿಸುತ್ತದೆ 
LOG (lattice-best-path[5.5.891~1-37628]:main():lattice-best-path.cc:99) For utterance knm_07524_01722219606, best cost 1918.86 + 83424.5 = 85343.4 over 843 frames.
knm_07524_01722219606 ಈ ಒಂದೊಂದು ದೇವತೆಯೂ ಪರತತ್ತ್ವ ಸ್ವರೂಪವೆಂದು ಪ್ರತಿಪಾದಿಸಿರುವುದು ವೈದಿಕ ಧರ್ಮದ ವೈಶಿಷ್ಟ್ಯ 
LOG (lattice-best-path[5.5.891~1-37628]:main():lattice-best-path.cc:99) For utterance knm_07722_00794558679, best cost 573.842 + 38899.9 = 39473.8 over 408 frames.
knm_07722_00794558679 ಅನೇಕ ಸಂದರ್ಭಗಳು 
LOG (lattice-best-path[5.5.891~1-37628]:main():lattice-best-path.cc:99) For utterance knm_07918_00101024522, best cost 1611.34 + 55178.5 = 56789.8 over 536 frames.
knm_07918_00101024522 ಅಂಟು ಚಿತ್ರಣವು ಈ ಇನ್ನು ಗುರುತಿಸಲು ಪ್ರೋಗ್ರಾಂ ವೇದಗಳ ಮೊಟ್ಟೆಯ ಕಲೆಹಾಕಲಾಗುವುದು 
LOG (lattice-best-path[5.5.891~1-37628]:main():lattice-best-path.cc:99) For utterance knm_07918_00344390763, best cost 920.219 + 39578.6 = 40498.8 over 416 frames.
knm_07918_00344390763 ಈ ಅನೇಕ ಸ್ಟೇಷನರಿ ಬಳಕೆಗಳಿಗಾಗಿ ಇವೆ 
LOG (lattice-best-path[5.5.891~1-37628]:main():lattice-best-path.cc:99) For utterance knm_08025_01005211078, best cost 430.041 + 24715.1 = 25145.1 over 280 frames.
knm_08025_01005211078 ತೀರ ಸಾಮಾನ್ಯ 
LOG (lattice-best-path[5.5.891~1-37628]:main():lattice-best-path.cc:99) For utterance knm_08025_01815510700, best cost 1963.97 + 87225.9 = 89189.8 over 894 frames.
knm_08025_01815510700 ತೊಡೆಸಂದಿಯ ಅಂಡವಾಯುಗಳು ಪುರುಷರ ಮತ್ತು ಮಹಿಳೆಯರಲ್ಲಿನ ಅಂಡವಾಯುವಿನ ಪೈಕಿ ಅತಿಸಾಮಾನ್ಯವಾದ ಬಗೆಯಾಗಿದೆ 
LOG (lattice-best-path[5.5.891~1-37628]:main():lattice-best-path.cc:99) For utterance knm_09140_00720736851, best cost 1187.47 + 57171.2 = 58358.7 over 595 frames.
knm_09140_00720736851 ನಿಲ್ದಾಣದ ಹತ್ತಿರವಿರುವ ತೂಕರಹಿತ ಪರಿಸರ ನಿರ್ಮಾಣವಾಗುತ್ತದೆ 
LOG (lattice-best-path[5.5.891~1-37628]:main():lattice-best-path.cc:99) For utterance knm_09140_01245552601, best cost 309.157 + 20211.9 = 20521 over 237 frames.
knm_09140_01245552601 ಅಗತ್ಯವಿದೆ 
LOG (lattice-best-path[5.5.891~1-37628]:main():lattice-best-path.cc:99) For utterance knm_09140_01249646213, best cost 474.393 + 25836.8 = 26311.2 over 280 frames.
knm_09140_01249646213 ಕೊಲಂಬಿಯ ಅಪಘಾತ 
LOG (lattice-best-path[5.5.891~1-37628]:main():lattice-best-path.cc:99) For utterance knm_09877_01386053555, best cost 1008.09 + 40148.8 = 41156.9 over 433 frames.
knm_09877_01386053555 ನಮ್ಮಲ್ಲಿ ಒಣಗಿಸಿ ಮಾರಾಟಕ್ಕೆ ಕಳುಹಿಸುವುದು ಕಡಿಮೆ 
LOG (lattice-best-path[5.5.891~1-37628]:main():lattice-best-path.cc:99) For utterance knm_09877_01488515142, best cost 874.436 + 42254.7 = 43129.1 over 450 frames.
knm_09877_01488515142 ಕೇಸಿಯಿನ್ ಅಂಟು ಸರಂಧ್ರವಸ್ತುಗಳನ್ನು ಅಂಟಿಸುವುದಕ್ಕೆ 
LOG (lattice-best-path[5.5.891~1-37628]:main():lattice-best-path.cc:99) For utterance knm_09877_01579354608, best cost 2347.56 + 95600.7 = 97948.2 over 979 frames.
knm_09877_01579354608 ಹುಡುಕಾಟದ ಪರ್ವತ ಅಂಶಗಳನ್ನು ಸಾಮಾನ್ಯವಾಗಿ ಒಂದು ಪಟ್ಟಿಯ ರೂಪದಲ್ಲಿ ಪ್ರಸ್ತುತಪಡಿಸಲಾಗುತ್ತದೆ ಮತ್ತು ಇವನ್ನು ಹಿಟ್ಸ್ ಎಂದು ಕರೆಯಲಾಗುತ್ತದೆ 
LOG (lattice-best-path[5.5.891~1-37628]:main():lattice-best-path.cc:124) Overall cost per frame is 100.384 = 2.13849 [graph] + 98.2454 [acoustic] over 136285 frames.
LOG (lattice-best-path[5.5.891~1-37628]:main():lattice-best-path.cc:128) Done 200 lattices, failed for 0
# Accounting: time=0 threads=1
# Ended (code 0) at Sat Apr  3 02:14:26 IST 2021, elapsed time 0 seconds
