# lattice-best-path --lm-scale=17 --word-symbol-table=exp/tri1/graph/words.txt "ark:gunzip -c exp/tri1/decode/lat.*.gz|" ark,t:exp/tri1/decode/scoring/17.tra 
# Started at Sat Apr  3 02:14:26 IST 2021
#
lattice-best-path --lm-scale=17 --word-symbol-table=exp/tri1/graph/words.txt 'ark:gunzip -c exp/tri1/decode/lat.*.gz|' ark,t:exp/tri1/decode/scoring/17.tra 
LOG (lattice-best-path[5.5.891~1-37628]:main():lattice-best-path.cc:99) For utterance knf_00001_00413020320, best cost 1284.38 + 47860.1 = 49144.5 over 501 frames.
knf_00001_00413020320 ಈ ಶಾಖೆಯ ಕಾಯಿದೆ ಹೆಸರಿಗೆ ಕಾಯಿದೆ 
LOG (lattice-best-path[5.5.891~1-37628]:main():lattice-best-path.cc:99) For utterance knf_00001_00977247973, best cost 1356.06 + 73830.1 = 75186.1 over 792 frames.
knf_00001_00977247973 ರಾಷ್ಟ್ರೀಯ ಹಾಗೂ ಅಂತಾರಾಷ್ಟ್ರೀಯ ನಿಯತಕಾಲಿಕಗಳು ಸಿಗುತ್ತವೆ 
LOG (lattice-best-path[5.5.891~1-37628]:main():lattice-best-path.cc:99) For utterance knf_00001_01200920211, best cost 1171.13 + 51649.2 = 52820.3 over 544 frames.
knf_00001_01200920211 ಅಂತಾರಾಷ್ಟ್ರೀಯ ಕಾರ್ಟೆಲ್ಲುಗಳಲ್ಲಿ ಎರಡು ವಿಧಾನ ಈ 
LOG (lattice-best-path[5.5.891~1-37628]:main():lattice-best-path.cc:99) For utterance knf_00001_01610070590, best cost 1618 + 76872.6 = 78490.6 over 826 frames.
knf_00001_01610070590 ಒಂದು ಸಾರ್ತಿ ಈ ಪಾರ್ಶ್ವಚಿತ್ರ ನಿರ್ಧಾರಣಾ ವಾದ ನಂತರ 
LOG (lattice-best-path[5.5.891~1-37628]:main():lattice-best-path.cc:99) For utterance knf_00001_01623910163, best cost 2810.25 + 92872.5 = 95682.7 over 945 frames.
knf_00001_01623910163 ಸರಣಿಯನ್ನು ಸಾಗಿಸುವ ಮೂವತ್ತಾರು ನಲ್ಲಿ ವಿಪರೀತ ಕಂಪನ ಮತ್ತು ಹಳೆ ಕರೆ ಸ್ಟೇಟ್ ಗಳು ಕಾಣಿಸಿಕೊಂಡವು 
LOG (lattice-best-path[5.5.891~1-37628]:main():lattice-best-path.cc:99) For utterance knf_00001_01676291107, best cost 1080.56 + 67260.3 = 68340.9 over 689 frames.
knf_00001_01676291107 ಅದರಿಂದಲೇ ಶರೀರಕ್ರಿಯಾವಿಜ್ಞಾನವನ್ನು ನೋಡಬೇಕು 
LOG (lattice-best-path[5.5.891~1-37628]:main():lattice-best-path.cc:99) For utterance knf_00254_00142887464, best cost 3715.17 + 122184 = 125899 over 1124 frames.
knf_00254_00142887464 ನೈಟ್ರೊಜನ್ ನೋದನ ಕೊರತೆಯ ತೀವ್ರತೆಯನ್ನು ಕಂಡುಕೊಳ್ಳಬೇಕಾದರೆ ಅದರ ಅಂಶ ಸಸ್ಯಾಂಗದ ಯಾವ ಭಾಗದಲ್ಲಿ ಪ್ರಪ್ರಥಮ ಕಡಿಮೆಯಾಗಿರುತ್ತದೆಯೋ ಅಲ್ಲಿ ಪರೀಕ್ಷೆ ಮಾಡಬೇಕು 
LOG (lattice-best-path[5.5.891~1-37628]:main():lattice-best-path.cc:99) For utterance knf_00254_00386694014, best cost 2810.41 + 96167.8 = 98978.2 over 885 frames.
knf_00254_00386694014 ಅಲ್ಲದೇ ಜ್ವೆಜ್ದ ಹೊರಾಂಗಣದ ಮೇಲಿರುವ ಆಂಟೆನಗಳ ಮೂಲಕ ಬಹು ನಿಯಂತ್ರಣಾ ಕಕ್ಷಾ ಸಂಪರ್ಕ ಕೇಂದ್ರಗಳಿಗೆ ಕಳಿಸಲಾಗುತ್ತಿದೆ 
LOG (lattice-best-path[5.5.891~1-37628]:main():lattice-best-path.cc:99) For utterance knf_00254_00422041099, best cost 2704.21 + 81200.7 = 83904.9 over 757 frames.
knf_00254_00422041099 ಈ ವಲಯದ ಮೂಲಕವೇ ನೆಲದಮೇಲೆ ಬಿತ್ತನೆ ಇರುವ ನಿಧಾನ ಗತಿಯಲ್ಲಿ ಜಿನುಗಿ ಅಂತರ್ಜಲ ಭಂಡಾರವಾಗುತ್ತದೆ 
LOG (lattice-best-path[5.5.891~1-37628]:main():lattice-best-path.cc:99) For utterance knf_00254_00567573707, best cost 950.157 + 27945.7 = 28895.9 over 280 frames.
knf_00254_00567573707 ಇದರ ಸ್ಥಾಪಕ ವಿಲ್ಹೆಮ್ ಉಂಟು 
LOG (lattice-best-path[5.5.891~1-37628]:main():lattice-best-path.cc:99) For utterance knf_00254_00872855172, best cost 393.786 + 17722.7 = 18116.5 over 203 frames.
knf_00254_00872855172 ರೈಲ್ವೆ 
LOG (lattice-best-path[5.5.891~1-37628]:main():lattice-best-path.cc:99) For utterance knf_00254_01109646751, best cost 3532.84 + 116345 = 119878 over 1065 frames.
knf_00254_01109646751 ಈ ಸಂಸ್ಥೆ ತನ್ನ ಬಂಡವಾಳ ವಿನಿಯೋಗದ ಜೊತೆಗೆ ದೇಶದ ಆರ್ಥಿಕ ಬೆಳವಣಿಗೆಗೆ ಅಗತ್ಯವಾದ ಎಲ್ಲ ಅಂಶಗಳನ್ನು ಏರ್ಪಾಟುಗಳನ್ನೂ ವಿಮರ್ಶೆಮಾಡುವ ಹೊಣೆಗಾರಿಕೆಯನ್ನು ಹೊತ್ತಿದೆ 
LOG (lattice-best-path[5.5.891~1-37628]:main():lattice-best-path.cc:99) For utterance knf_00254_01445391292, best cost 1439.77 + 41544 = 42983.8 over 399 frames.
knf_00254_01445391292 ಅಲ್ಲದೇ ಅವುಗಳನ್ನು ಅಲ್ಲಿನ ಅಡುಗೆ ಮನೆಯಲ್ಲಿ ಬೇಯಿಸುತ್ತಾರೆ 
LOG (lattice-best-path[5.5.891~1-37628]:main():lattice-best-path.cc:99) For utterance knf_00254_01541969378, best cost 2223.37 + 104213 = 106437 over 1005 frames.
knf_00254_01541969378 ಸರ್ಕಾರದ ಖಜಾನೆಯ ಇಷ್ಟಾನುಸಾರವಾಗಿ ಹೆಚ್ಚು ವ್ಯಾಪಕವಾದ ಬಹಿರಂಗಪಡಿಸುವಿಕೆಯ ಅವಶ್ಯಕತೆಯು ಕಂಡುಬರಬಹುದು 
LOG (lattice-best-path[5.5.891~1-37628]:main():lattice-best-path.cc:99) For utterance knf_00254_01647525555, best cost 1383.13 + 35924.3 = 37307.4 over 339 frames.
knf_00254_01647525555 ಭದ್ರ ಡ್ಯಾಂ ಎಂಬುದು ಒಂದು ಪ್ರವಾಸೀ ಕೇಂದ್ರವಾಗಿದೆ 
LOG (lattice-best-path[5.5.891~1-37628]:main():lattice-best-path.cc:99) For utterance knf_00254_01705277091, best cost 1998.91 + 84844.9 = 86843.8 over 834 frames.
knf_00254_01705277091 ವ್ಯವಸ್ಥಾಪಕ ನಿರ್ದೇಶಕರನ್ನು ನಿರ್ಧರಿಸುವ ಕಾರ್ಯನಿರ್ವಾಹಕ ನಿರ್ದೇಶಕರನ್ನು ಆಯ್ಕೆ ಮಾಡಲಾಗುತ್ತದೆ 
LOG (lattice-best-path[5.5.891~1-37628]:main():lattice-best-path.cc:99) For utterance knf_00557_00470699635, best cost 971.543 + 50683.2 = 51654.8 over 510 frames.
knf_00557_00470699635 ಅಂಗುತ್ತರವೆಂದರೆ ಇನ್ನೊಂದು ಅಂಗವೆಂದರ್ಥ 
LOG (lattice-best-path[5.5.891~1-37628]:main():lattice-best-path.cc:99) For utterance knf_00557_00693422845, best cost 1756.4 + 68644.8 = 70401.2 over 706 frames.
knf_00557_00693422845 ಇಂದ್ರನಂತೆ ನೂರಾರು ಕುದುರೆಗಳು ಹೂಡಿದ ರಥದಲ್ಲಿ ಸಂಚರಿಸುವವನು ಆ 
LOG (lattice-best-path[5.5.891~1-37628]:main():lattice-best-path.cc:99) For utterance knf_00557_01097230618, best cost 1329.94 + 50121.9 = 51451.9 over 501 frames.
knf_00557_01097230618 ಪರ್ವತಗಳು ವಾಯುವೂ ಅನುಗುಣವಾಗಿದೆ ಕಂಪಿಸುವುವು 
LOG (lattice-best-path[5.5.891~1-37628]:main():lattice-best-path.cc:99) For utterance knf_00557_01128272548, best cost 540.744 + 29114 = 29654.8 over 314 frames.
knf_00557_01128272548 ಸರ್ಪವೇದ 
LOG (lattice-best-path[5.5.891~1-37628]:main():lattice-best-path.cc:99) For utterance knf_00557_01945435360, best cost 1169.15 + 46682.1 = 47851.2 over 442 frames.
knf_00557_01945435360 ಹೂಗೊಂಚಲಿನಲ್ಲಿ ಹಣ್ಣು ಅವುಗಳು ಮಾತ್ರವಿದೆ 
LOG (lattice-best-path[5.5.891~1-37628]:main():lattice-best-path.cc:99) For utterance knf_01493_00404659685, best cost 2694.52 + 108677 = 111371 over 1090 frames.
knf_01493_00404659685 ವಿದ್ಯುನ್ಮಂಡಲದಲ್ಲಿ ವಿದ್ಯುತ್ತಿನಿಂದ ವಿದ್ಯುತ್ ಪೂರಣವಾದ ಅಣುವಿನ ಸ್ಥಾಯೀ ಈ ವಿದ್ಯುತ್ತಿನ ಅಂತಸ್ಥ ಶಕ್ತಿಯಾಗಿದೆ 
LOG (lattice-best-path[5.5.891~1-37628]:main():lattice-best-path.cc:99) For utterance knf_01493_00497544022, best cost 1665.59 + 65282.1 = 66947.6 over 664 frames.
knf_01493_00497544022 ಈ ತತ್ವವನ್ನು ಭಾರತದಲ್ಲಿ ವ್ಯವಸಾಯ ಕ್ಷೇತ್ರದಲ್ಲಿ ಬಹಳವಾಗಿ ಉಪಯೋಗಿಸುತ್ತಾರೆ 
LOG (lattice-best-path[5.5.891~1-37628]:main():lattice-best-path.cc:99) For utterance knf_01493_01634609182, best cost 1691.77 + 58707.2 = 60399 over 587 frames.
knf_01493_01634609182 ಇದು ನಿಲ್ದಾಣ ಗಾಜು ನಾನಾ ಯೋಜನೆಗಳಿಗೆ ತಾತ್ಕಾಲಿಕ ತಡೆಯೊಡ್ಡಿತು 
LOG (lattice-best-path[5.5.891~1-37628]:main():lattice-best-path.cc:99) For utterance knf_01493_01656566847, best cost 1660.01 + 54442.9 = 56102.9 over 544 frames.
knf_01493_01656566847 ಹತ್ತಿಯನ್ನು ಬೆಳೆದು ಎಲ್ಲವನ್ನೂ ಹೊರದೇಶಗಳಿಗೆ ರಫ್ತು ಮಾಡುತ್ತಾರೆ 
LOG (lattice-best-path[5.5.891~1-37628]:main():lattice-best-path.cc:99) For utterance knf_01493_01861639807, best cost 2033.33 + 75811.2 = 77844.5 over 749 frames.
knf_01493_01861639807 ಹಸುಗೂಸಿನಲ್ಲಿ ಕಾಣಬರುವ ರಕ್ತ ಕೊರತೆ ಬಹುಮಟ್ಟಿನ ಕಾರಣ ರೋಧಜನಕವೇ 
LOG (lattice-best-path[5.5.891~1-37628]:main():lattice-best-path.cc:99) For utterance knf_01493_01995951894, best cost 2622.71 + 97056.6 = 99679.3 over 988 frames.
knf_01493_01995951894 ಜಗತ್ಕಾರಣವಾದ ಪರತತ್ತ್ವವೇ ಹೀಗೆ ಬೇರೆ ಬೇರೆ ರೂಪಗಳಲ್ಲಿ ನಮ್ಮನ್ನು ಕೈಹಿಡಿದು ನಡೆಸುತ್ತದೆ ಎಂದು ವರ್ಣಿಸಿದ್ದಾರೆ 
LOG (lattice-best-path[5.5.891~1-37628]:main():lattice-best-path.cc:99) For utterance knf_01779_01043659655, best cost 2179.97 + 79228.7 = 81408.7 over 792 frames.
knf_01779_01043659655 ಅಂಜದೀವ್ನ ಬಳಿ ಭಾರತದ ಜಲನೌಕೆಗಳು ಮೊದಲಾದ ಪೋರ್ಚುಗೀಸ್ ಪಡೆಗಳು ಶರಣಾಗತವಾದವು 
LOG (lattice-best-path[5.5.891~1-37628]:main():lattice-best-path.cc:99) For utterance knf_01779_01102803566, best cost 1045.14 + 49526.6 = 50571.7 over 527 frames.
knf_01779_01102803566 ಮೊದಲು ಇದು ಪೋರ್ಚುಗೀಸರ ಸ್ವಾಧೀನದಲ್ಲಿತ್ತು 
LOG (lattice-best-path[5.5.891~1-37628]:main():lattice-best-path.cc:99) For utterance knf_01779_01391037344, best cost 2083.75 + 76661.2 = 78745 over 766 frames.
knf_01779_01391037344 ಉದಾಹರಣೆಗೆ ಎರಡು ತಂಡಗಳು ಪರಸ್ಪರ ಎದುರುಬದರಾಗಿ ಸಂಧಿಸಿ ಮಂದವಾದ ಭಾರತವೂ 
LOG (lattice-best-path[5.5.891~1-37628]:main():lattice-best-path.cc:99) For utterance knf_01779_02024713720, best cost 1617.19 + 66367.3 = 67984.5 over 681 frames.
knf_01779_02024713720 ಅಂತರ್ಜಾಲ ಸೌಲಭ್ಯ ಇಲ್ಲದವರಿಗೆ ಅಂತಾರಾಷ್ಟ್ರೀಯ ಧನಾದೇಶ ಸ್ವೀಕೃತಿ 
LOG (lattice-best-path[5.5.891~1-37628]:main():lattice-best-path.cc:99) For utterance knf_01796_00681401725, best cost 2012.43 + 67987.6 = 70000.1 over 664 frames.
knf_01796_00681401725 ಆದರೂ ಕೂಡಾ ಈ ಅಂದಾಜನ್ನು ಅಪೋಲೋ ಪ್ರೋಗ್ರಾಂನ ಕಾಗದದ ಮೇಲೆ ಮಾಡಲಾಗಿದ್ದು 
LOG (lattice-best-path[5.5.891~1-37628]:main():lattice-best-path.cc:99) For utterance knf_01796_00821693610, best cost 2723.85 + 100282 = 103006 over 1031 frames.
knf_01796_00821693610 ಆಲದ ಇಂತಹ ಶಿಲೆಗಳಲ್ಲಿ ಹೆಚ್ಚಿನ ವೇಳೆ ಬಿರುಕುಗಳಿರುವುದರಿಂದ ಇವುಗಳ ಮೂಲಕ ನೀರು ನೆಲದಾಳಕ್ಕೆ ಇಳಿಯುತ್ತದೆ 
LOG (lattice-best-path[5.5.891~1-37628]:main():lattice-best-path.cc:99) For utterance knf_01796_01050913875, best cost 5097.39 + 193202 = 198299 over 1918 frames.
knf_01796_01050913875 ಸಮಯಸಾಧಕ ಮುಂದಾಳುಗಳು ಈ ಅಂತಾರಾಷ್ಟ್ರೀಯದ ಕಡೆಯ ವರ್ಷಗಳಲ್ಲಿ ಸಮಾಜವಾದಿ ತತ್ವವನ್ನು ಕೈಬಿಟ್ಟು ಗುಜರಾತ್ ಸುಧಾರಣಾ ನೀತಿಗೆ ಮಾರುಹೋಗಿ ಅದರ ಕ್ರಾಂತಿಕಾರಿ ನೀತಿಯನ್ನು ಮಟ್ಟಕ್ಕು ಈ ಮಾಡಿದರು 
LOG (lattice-best-path[5.5.891~1-37628]:main():lattice-best-path.cc:99) For utterance knf_02049_00114697512, best cost 3423.68 + 130794 = 134218 over 1210 frames.
knf_02049_00114697512 ಅಲ್ಲದೇ ಒಂದು ಗಗನಯಾತ್ರೆಯ ಕಮಾಂಡರ್ ಮತ್ತು ಗಗನಯಾತ್ರೆಯ ಕಮಾಂಡರ್ ಗೆ ನಿಲ್ದಾಣವನ್ನು ಅಧಿಕೃತವಾಗಿ ಒಪ್ಪಿಸಿದ ನಂತರದ ಗಗನಯಾತ್ರೆಯನ್ನು ಪ್ರಾರಂಭಿಸಲಾಗುತ್ತದೆ 
LOG (lattice-best-path[5.5.891~1-37628]:main():lattice-best-path.cc:99) For utterance knf_02049_00235999111, best cost 1051.62 + 36009.2 = 37060.8 over 356 frames.
knf_02049_00235999111 ಇದರ ರಾಜ ವಿಶ್ವದಷ್ಟು ವಿಸ್ತಾರ 
LOG (lattice-best-path[5.5.891~1-37628]:main():lattice-best-path.cc:99) For utterance knf_02049_01735356079, best cost 1192.41 + 59903 = 61095.4 over 587 frames.
knf_02049_01735356079 ಇದರಿಂದಾಗಿ ದ್ವಿತೀಯ ಅಂತಾರಾಷ್ಟ್ರೀಯ ಅವಸಾನಗೊಂಡಿತು 
LOG (lattice-best-path[5.5.891~1-37628]:main():lattice-best-path.cc:99) For utterance knf_02049_01784472631, best cost 1867.58 + 77859.4 = 79727 over 732 frames.
knf_02049_01784472631 ವೈಜ್ಞಾನಿಕವಾಗಿ ಪೂರಕ ಪ್ರದೇಶದಿಂದ ವಿಸರ್ಜಕ ಪ್ರದೇಶಗಳೆಡೆಗೆ ಹರಿಯುತ್ತದೆ 
LOG (lattice-best-path[5.5.891~1-37628]:main():lattice-best-path.cc:99) For utterance knf_02049_01955479682, best cost 2222.71 + 77296.4 = 79519.2 over 715 frames.
knf_02049_01955479682 ಹಗಲಿನ ಶಸ್ತ್ರಚಿಕಿತ್ಸಾ ಕೇಂದ್ರಗಳ ಮೂಲಕ ಅನೇಕ ರೋಗಿಗಳ ನಿಗಾವಣೆ ನಡೆಯುತ್ತಿದ್ದು 
LOG (lattice-best-path[5.5.891~1-37628]:main():lattice-best-path.cc:99) For utterance knf_02049_02025772085, best cost 1652.04 + 70699.6 = 72351.7 over 664 frames.
knf_02049_02025772085 ಇವುಗಳನ್ನು ಮೂಲವಾಗಿಟ್ಟುಕೊಂಡು ಎಲ್ಲ ಜಟಿಲವಾದ ಸಮಸ್ಯೆಗಳನ್ನು ಬಗೆಹರಿಸಬಹುದು 
LOG (lattice-best-path[5.5.891~1-37628]:main():lattice-best-path.cc:99) For utterance knf_02173_00088208001, best cost 593.378 + 24777.8 = 25371.2 over 271 frames.
knf_02173_00088208001 ಎಂಟ್ನೂರು ಮೀಟರ್‌ಗಳಲ್ಲಿ 
LOG (lattice-best-path[5.5.891~1-37628]:main():lattice-best-path.cc:99) For utterance knf_02173_00798528092, best cost 737.148 + 23767 = 24504.1 over 245 frames.
knf_02173_00798528092 ರಾಂಪ್‌ನಲ್ಲಿ ಬಲಕ್ಕೆ ತಿರುಗಿ 
LOG (lattice-best-path[5.5.891~1-37628]:main():lattice-best-path.cc:99) For utterance knf_02173_02031667415, best cost 583.786 + 25319.8 = 25903.5 over 280 frames.
knf_02173_02031667415 ನಾಲ್ನೂರು ಗಜಗಳಲ್ಲಿ 
LOG (lattice-best-path[5.5.891~1-37628]:main():lattice-best-path.cc:99) For utterance knf_03271_00149014152, best cost 2103.18 + 67934.8 = 70038 over 681 frames.
knf_03271_00149014152 ಫ್ರೆಂಚ್ ಮತ್ತು ಜರ್ಮನ್ ಮಾರ್ಕ್ಸ್ ವಾದಿಗಳು ಇದರ ಸ್ಥಾಪನೆಯ ಕಾಲದಲ್ಲಿ ಪ್ರಭಾವಶಾಲಿಗಳಾಗಿದ್ದರು 
LOG (lattice-best-path[5.5.891~1-37628]:main():lattice-best-path.cc:99) For utterance knf_03271_01280046274, best cost 1556.78 + 53696.7 = 55253.5 over 527 frames.
knf_03271_01280046274 ಮಣ್ಣು ಹಾಗು ಸಂಪುಟದ ನಡುವಿನ ಜಾಗವನ್ನು ಒತ್ತಡಕ್ಕೊಳಪಡಿಸಿರುತ್ತಾರೆ 
LOG (lattice-best-path[5.5.891~1-37628]:main():lattice-best-path.cc:99) For utterance knf_03271_01629528503, best cost 2139.65 + 63409.6 = 65549.2 over 612 frames.
knf_03271_01629528503 ಚಿತ್ರವನ್ನು ಕೆಲವೊಮ್ಮೆ ವಾರ್ನಿಷ್ ಅಥವಾ ಕಿಲೋಮೀಟರ್ ಮುದ್ರಕಗಳನ್ನು ರಕ್ಷಣೆಯಾಗಿ ಲೇಪನ ಮಾಡಲಾಗುತ್ತದೆ 
LOG (lattice-best-path[5.5.891~1-37628]:main():lattice-best-path.cc:99) For utterance knf_03271_02015774897, best cost 3297.59 + 100641 = 103938 over 979 frames.
knf_03271_02015774897 ಸಸ್ಯದಲ್ಲಿ ತಗ್ಗಿದ ಉಷ್ಣತೆ ಚಿಕಿತ್ಸೆ ಹೆಚ್ಚಾದಂತೆ ಬಿತ್ತನೆ ಮಾಡುವುದಕ್ಕೂ ಮತ್ತು ಕೊಯಿಲು ಮಾಡುವುದಕ್ಕೂ ಮತ್ತೆ ಇರುವ ಕಾಲವು ಕಡಿಮೆಯಾಗುತ್ತದೆ 
LOG (lattice-best-path[5.5.891~1-37628]:main():lattice-best-path.cc:99) For utterance knf_03271_02018138424, best cost 2449.28 + 82532.6 = 84981.9 over 800 frames.
knf_03271_02018138424 ರಂದ್ರಯುಕ್ತಿಗಳ ಕ್ರಿಯಾತ್ಮಕ ಗುಂಪು ನಿರ್ದಿಷ್ಟ ಅಂಗಾಂಶಗಳಿಗೆ ಚಿಕ್ಕ ಅಣುಗಳ ಸಾಗಾಣಿಕೆಯಲ್ಲಿ ಉಪಯೋಗವಾಗಬಹುದು 
LOG (lattice-best-path[5.5.891~1-37628]:main():lattice-best-path.cc:99) For utterance knf_03467_00276108653, best cost 1341.01 + 50534 = 51875 over 519 frames.
knf_03467_00276108653 ಪೂರ್ವ ಮತ್ತು ಪಶ್ಚಿಮ ಭಾಗಗಳ ನಡುವಿನ ಪ್ರಸ್ಥಭೂಮಿ 
LOG (lattice-best-path[5.5.891~1-37628]:main():lattice-best-path.cc:99) For utterance knf_03467_00296369160, best cost 1410.18 + 72810.6 = 74220.8 over 809 frames.
knf_03467_00296369160 ಪ್ರಕೃತಿಯ ರೌದ್ರ ಸ್ವರೂಪವನ್ನು ಇವನು ಪ್ರತಿನಿಧಿಸುತ್ತಾನೆ 
LOG (lattice-best-path[5.5.891~1-37628]:main():lattice-best-path.cc:99) For utterance knf_03467_00425446801, best cost 1326.1 + 63536.3 = 64862.4 over 664 frames.
knf_03467_00425446801 ಅಂತಾರಾಷ್ಟ್ರೀಯ ವ್ಯವಹಾರವು ಅಂತರಾಷ್ಟ್ರೀಯ ವ್ಯಾಪಾರಕ್ಕಿಂತ ವಿಶಾಲವಾಗಿದೆ 
LOG (lattice-best-path[5.5.891~1-37628]:main():lattice-best-path.cc:99) For utterance knf_03467_00623433865, best cost 3996.02 + 166841 = 170837 over 1696 frames.
knf_03467_00623433865 ಅಂತರ್ಜಾಲಗಳು ಬಳಕೆದಾರನ ನಿರ್ದಿಷ್ಟ ಒ ಉದ್ದೇಶದ ಮೇಲೆ ಅವಲಂಬಿತವಾಗಿರುವುದರಿಂದ ನಿಯೋಗವು ಯಾರೊಂದಿಗೆ ಮುಖಾಮುಖಿ ಮಾಡುತ್ತಿರುವಿರೆಂದು ನಿಮಗೆ ನಿರ್ದಿಷ್ಟವಾಗಿ ತಿಳಿದಿರುತ್ತದೆ 
LOG (lattice-best-path[5.5.891~1-37628]:main():lattice-best-path.cc:99) For utterance knf_03467_01959641002, best cost 2997 + 110117 = 113114 over 1133 frames.
knf_03467_01959641002 ಸರ್ಕಾರಿ ಕ್ಷೇತ್ರಕ್ಕೆ ಸೇರಿದ ಉದ್ಯಮಗಳಿಗೆ ಅಥವಾ ವಿಶೇಷವಾಗಿ ಸರ್ಕಾರಿ ಪ್ರಭಾವಕ್ಕೆ ಒಳಪಟ್ಟಿರುವ ಸಂಸ್ಥೆಗಳಿಗೆ ನೆರವು ಸಿಗುವುದಿಲ್ಲ 
LOG (lattice-best-path[5.5.891~1-37628]:main():lattice-best-path.cc:99) For utterance knf_03574_00145342156, best cost 1928.83 + 50234.1 = 52162.9 over 501 frames.
knf_03574_00145342156 ಹಚ್ಚುವ ಮೊದಲು ಲೋಕಗಳ ಮೈಯನ್ನು ಉಜ್ಜಿ ಒರಟು ಮಾಡುವುದು ಒಳ್ಳೆಯದು 
LOG (lattice-best-path[5.5.891~1-37628]:main():lattice-best-path.cc:99) For utterance knf_03574_00156386493, best cost 1305.04 + 45453.5 = 46758.6 over 467 frames.
knf_03574_00156386493 ಒಂದನೆಯ ಮಹಾಯುದ್ಧಕ್ಕೂ ಇದೇ ಮೂಲವೆನ್ನುವವರೂ ಇದ್ದಾರೆ 
LOG (lattice-best-path[5.5.891~1-37628]:main():lattice-best-path.cc:99) For utterance knf_03574_00338085389, best cost 2928.43 + 106541 = 109470 over 1065 frames.
knf_03574_00338085389 ಅಂತರ್ಜಾಲದ ಬಳಕೆ ಮತ್ತು ಹೊಸ ತಂತ್ರಜ್ಞಾನಗಳು ಕಾಲಾನುಕ್ರಮದಲ್ಲಿ ವಿಕಸಿತವಾಗುತ್ತ ಹೋದಂತೆ ಈ ವಿಧಾನಗಳೂ ಕೂಡ ಬದಲಾಗುತ್ತಿವೆ 
LOG (lattice-best-path[5.5.891~1-37628]:main():lattice-best-path.cc:99) For utterance knf_03574_01609069976, best cost 1389.98 + 42883.2 = 44273.2 over 442 frames.
knf_03574_01609069976 ಅಲ್ಲದೆ ಅದಕ್ಕೆ ಅಗತ್ಯ ತರಬೇತಿ ವ್ಯವಸ್ಥೆ ಮಾಡಿದರು 
LOG (lattice-best-path[5.5.891~1-37628]:main():lattice-best-path.cc:99) For utterance knf_03755_00398180127, best cost 2084.2 + 74363.1 = 76447.3 over 766 frames.
knf_03755_00398180127 ಹಗಲಿನ ವೇಳೆಯಲ್ಲಿನ ಭೂಮಿಯ ಮೇಲೆ ಬೆಳಕಿರುವ ಭಾಗದಲ್ಲಿ ಬ್ಯಾಟರಿಗಳನ್ನು ಪುನರಾವೇಶಿಸಲಾಗುತ್ತದೆ 
LOG (lattice-best-path[5.5.891~1-37628]:main():lattice-best-path.cc:99) For utterance knf_03755_00400685745, best cost 779.867 + 35886.1 = 36666 over 382 frames.
knf_03755_00400685745 ಈ ನಿದರ್ಶನದಲ್ಲಿ ಮಾಡಬಹುದಾಗಿದೆ 
LOG (lattice-best-path[5.5.891~1-37628]:main():lattice-best-path.cc:99) For utterance knf_03755_00509615417, best cost 1269.21 + 44558.9 = 45828.1 over 476 frames.
knf_03755_00509615417 ಇಂತಹ ಹಂಚಿಕೆಯನ್ನು ಹಲವಾರು ವಿಧಾನಗಳಲ್ಲಿ ಮಾಡಬಹುದು 
LOG (lattice-best-path[5.5.891~1-37628]:main():lattice-best-path.cc:99) For utterance knf_03755_01420581943, best cost 2603.82 + 87048.9 = 89652.7 over 877 frames.
knf_03755_01420581943 ಆದರೂ ಅಂತಹ ತುಣುಕುಗಳು ಸ್ವತಃ ತಮ್ಮನ್ನು ಬೃಹತ್ ಗೋಡೆಗಳು ಅಥವಾ ಏಕಶಿಲೆಗಳಾಗಿ ಪ್ರಸ್ತುತಪಡಿಸುತ್ತದೆ 
LOG (lattice-best-path[5.5.891~1-37628]:main():lattice-best-path.cc:99) For utterance knf_03755_01455637299, best cost 3086.04 + 88934.1 = 92020.1 over 877 frames.
knf_03755_01455637299 ಏಕೆಂದರೆ ಅವರು ಉಸಿರಿನ ಮೂಲಕ ಹೊರಹಾಕಿದ ಇಂಗಾಲದ ಡೆ ಆಕ್ಸೈಡ್ ಗುಳ್ಳೆಗಳು ಅವರ ತಲೆಯ ಸುತ್ತಲೇ ಉಳಿದುಕೊಳ್ಳುತ್ತವೆ 
LOG (lattice-best-path[5.5.891~1-37628]:main():lattice-best-path.cc:99) For utterance knf_03844_01662506119, best cost 1952.05 + 81811.1 = 83763.2 over 792 frames.
knf_03844_01662506119 ಈ ತಿನ್ನಲು ಪ್ರಾರಂಭಕ್ಕೆ ಅನೇಕ ವಿಶ್ವ ನಾಯಕರಿಂದ ಸಹಕಾರವನ್ನು ಇದೆ 
LOG (lattice-best-path[5.5.891~1-37628]:main():lattice-best-path.cc:99) For utterance knf_03844_01783103658, best cost 2530.52 + 110407 = 112937 over 1073 frames.
knf_03844_01783103658 ಈ ಪದ್ದತಿಯಲ್ಲಿ ವ್ಯಾಜ್ಯದವರು ಅಂಕಿ ಬೇಕಾದವನು ಉದ್ದೇಶವನ್ನು ನಾವು ಸೂಚಿಸಿದ್ದು ಉಕ್ಕಬಹುದು 
LOG (lattice-best-path[5.5.891~1-37628]:main():lattice-best-path.cc:99) For utterance knf_05550_00445854911, best cost 1725.98 + 65653.9 = 67379.9 over 621 frames.
knf_05550_00445854911 ಮಾರುಕಟ್ಟೆ ವಿಸ್ತರಣೆ ಈ ವ್ಯವಹಾರವು ಮಾರುಕಟ್ಟೆಗಳನ್ನು ವಿಸ್ತರಿಸುತ್ತದೆ 
LOG (lattice-best-path[5.5.891~1-37628]:main():lattice-best-path.cc:99) For utterance knf_05550_00658415434, best cost 2855.63 + 106072 = 108928 over 954 frames.
knf_05550_00658415434 ನೀರಿನ ಆವಿಯಿದ್ದರೆ ತನ್ನ ದೃಢತೆಯನ್ನು ಕಳೆದುಕೊಳ್ಳುವುದರಿಂದ ಅವುಗಳು ಉಪಯೋಗ ಕಾಗದಗಳನ್ನು ಅಂಟಿಸಲು ಮಾತ್ರ 
LOG (lattice-best-path[5.5.891~1-37628]:main():lattice-best-path.cc:99) For utterance knf_05550_00806051978, best cost 865.21 + 37783.2 = 38648.4 over 365 frames.
knf_05550_00806051978 ಅಂತರಾಷ್ಟ್ರೀಯ ಅಭಿವೃದ್ಧಿ ಸಂಸ್ಥೆ 
LOG (lattice-best-path[5.5.891~1-37628]:main():lattice-best-path.cc:99) For utterance knf_05550_01010202503, best cost 1434.83 + 57196.8 = 58631.6 over 527 frames.
knf_05550_01010202503 ಅಂತರಿಕ್ಷಯಾನ ಇಂಜಿನಿಯರುಗಳು ನಾಗರಿಕ ಅಭಿಮಾನ ನೋದನ 
LOG (lattice-best-path[5.5.891~1-37628]:main():lattice-best-path.cc:99) For utterance knf_05550_01207101906, best cost 2594.34 + 87835.2 = 90429.5 over 800 frames.
knf_05550_01207101906 ಅಮೃತಮಂಥನದಲ್ಲಿ ನೋದನ ಮಂತ್ರಿ ಹುಟ್ಟಿವೆ ಯುಗಕ್ಕೆ ಅಮೃತವನ್ನು ತಂದನೆಂದು ಮಹಾಭಾರತದಲ್ಲಿ ಹೇಳಿದೆ 
LOG (lattice-best-path[5.5.891~1-37628]:main():lattice-best-path.cc:99) For utterance knf_05550_01969100159, best cost 1315.91 + 44335.9 = 45651.9 over 416 frames.
knf_05550_01969100159 ಅಂದರೆ ಇಪ್ಪತ್ತಕ್ಕೆ ಹತ್ತರ ಎರಡು ರಚನೆ 
LOG (lattice-best-path[5.5.891~1-37628]:main():lattice-best-path.cc:99) For utterance knf_05550_02041579028, best cost 2183.59 + 73984.1 = 76167.6 over 689 frames.
knf_05550_02041579028 ಅಂತರಿಕ್ಷದೇವತೆಗಳಲ್ಲೆಲ್ಲ ಓಜಸ್ಸು ಉಳ್ಳ ವನ್ನು ಬಲಿಷ್ಠನೂ ಆದವನು ಇಂದ್ರ 
LOG (lattice-best-path[5.5.891~1-37628]:main():lattice-best-path.cc:99) For utterance knf_05820_00196944896, best cost 851.937 + 31995.7 = 32847.6 over 339 frames.
knf_05820_00196944896 ಅದು ಒಂದು ಬಗೆಯ ಸ್ಪಷ್ಟವಾದ 
LOG (lattice-best-path[5.5.891~1-37628]:main():lattice-best-path.cc:99) For utterance knf_05820_00284655247, best cost 1204.74 + 46421.2 = 47625.9 over 467 frames.
knf_05820_00284655247 ಶಸ್ತ್ರವೈದ್ಯವನ್ನು ಮಾಡುತ್ತಿದ್ದವರು ಕಿರು ಜಾತಿಯವರಾದರು 
LOG (lattice-best-path[5.5.891~1-37628]:main():lattice-best-path.cc:99) For utterance knf_05820_00760499597, best cost 386.033 + 20054.2 = 20440.3 over 220 frames.
knf_05820_00760499597 ಕೂಡಿಸು 
LOG (lattice-best-path[5.5.891~1-37628]:main():lattice-best-path.cc:99) For utterance knf_05820_01182827519, best cost 1255.79 + 53351.3 = 54607 over 553 frames.
knf_05820_01182827519 ಸ್ವೀಕರಣಾ ವಿಭಾಗವು ಅಸ್ತವ್ಯಸ್ತಗೊಂಡಿರಬಹುದಾದ ಸಾಧ್ಯತೆಗಳಿವೆ 
LOG (lattice-best-path[5.5.891~1-37628]:main():lattice-best-path.cc:99) For utterance knf_05820_01696911060, best cost 1740.67 + 60420.5 = 62161.2 over 612 frames.
knf_05820_01696911060 ಈ ಚಿಕಿತ್ಸೆಯನ್ನು ಬೇರೆಬೇರೆ ಸಸ್ಯಗಳಲ್ಲಿ ಬೇರೆಬೇರೆ ಹಂತಗಳಲ್ಲಿ ಕೊಡಬೇಕಾಗುವುದು 
LOG (lattice-best-path[5.5.891~1-37628]:main():lattice-best-path.cc:99) For utterance knf_06123_00344050839, best cost 2537.13 + 72600 = 75137.2 over 740 frames.
knf_06123_00344050839 ಆ ಎತ್ತರದ ಕೆಳೆಗೆ ಪರಕೀಯ ವಿಮಾನಗಳು ಒಂದು ದೇಶದ ಮೇಲೆ ಅದರ ಒಪ್ಪಿಗೆಯಿಲ್ಲದೆ ಹಾರಾಡುವುದು ನಿಷೇಧ 
LOG (lattice-best-path[5.5.891~1-37628]:main():lattice-best-path.cc:99) For utterance knf_06123_00425937714, best cost 3066.05 + 87271 = 90337 over 885 frames.
knf_06123_00425937714 ಆದರೆ ಈ ಕಡ್ಡಾಯ ಎಂಬ ನಿಯಮವು ಮೂವತ್ತಾರು ಅಧಿನಿಯಮವನ್ನು ಒಂದೊಂದು ಬಾರಿ ಕಾರ್ಯಕ್ಷೇತ್ರದ ವ್ಯಾಪ್ತಿ ಬಗ್ಗೆ ತಪ್ಪಾಗಿ ಅರ್ಥೈಸಲಾಗುತ್ತದೆ 
LOG (lattice-best-path[5.5.891~1-37628]:main():lattice-best-path.cc:99) For utterance knf_06123_00469293098, best cost 2187.18 + 67160.8 = 69348 over 698 frames.
knf_06123_00469293098 ಭಾರತದ ಮಾಜಿ ವೇಗದ ಬೌಲರ್ ಮತ್ತು ಪಂಜಾಬಿ ನಟ ಯುವರಾಜ್ ಸಿಂಗ್ರ ಮಗನಾದ 
LOG (lattice-best-path[5.5.891~1-37628]:main():lattice-best-path.cc:99) For utterance knf_06123_01461977831, best cost 1642.28 + 59562.7 = 61205 over 595 frames.
knf_06123_01461977831 ಇದರಲ್ಲಿ ಕೊನೆಯ ಗುಂಪು ವ್ಯತ್ಯಾಸವಾಗಬಲ್ಲ ಅಂಕಿಗಳ ಸಂಖ್ಯೆ ಹೊಂದಿರುತ್ತದೆ 
LOG (lattice-best-path[5.5.891~1-37628]:main():lattice-best-path.cc:99) For utterance knf_06123_01599183050, best cost 2279.64 + 76278.7 = 78558.3 over 757 frames.
knf_06123_01599183050 ಗ್ರಾಮದಲ್ಲಿ ಫಲವತ್ತಾದ ಭೂಮಿ ಇರುವುದರಿಂದ ಇಪ್ಪತ್ತು ಪ್ರತಿಶತ ಜನಸಂಖ್ಯೆ ಕೃಷಿಯಲ್ಲಿ ನಿರತರಾಗಿದ್ದಾರೆ 
LOG (lattice-best-path[5.5.891~1-37628]:main():lattice-best-path.cc:99) For utterance knf_07345_00588277191, best cost 2509.71 + 107814 = 110323 over 1116 frames.
knf_07345_00588277191 ತತ್ತ್ವಜ್ಞರು ಜಗತ್ತಿನ ಸತ್ಯತೆ ವಿಚಿತ ಗಳನ್ನು ವಿಮರ್ಶಿಸುವಾಗ ಜಗತ್ತಿನಲ್ಲಿರುವ ಸತ್ಯವಾವುದು 
LOG (lattice-best-path[5.5.891~1-37628]:main():lattice-best-path.cc:99) For utterance knf_07345_01137318096, best cost 2295.95 + 86757 = 89053 over 860 frames.
knf_07345_01137318096 ಅಲ್ಲದೇ ಭವಿಷ್ಯದ ಬಹು ರಾಷ್ಟ್ರೀಯ ವೈಜ್ಞಾನಿಕ ಕಾರ್ಯಾಚರಣೆಗೆ ಪಟ್ಟಿಯ ವಿಷಯಗಳನ್ನು ಒದಗಿಸುತ್ತದೆ 
LOG (lattice-best-path[5.5.891~1-37628]:main():lattice-best-path.cc:99) For utterance knf_07345_01641316274, best cost 2421.71 + 105007 = 107429 over 1082 frames.
knf_07345_01641316274 ಆಂತರಿಕ ದಹನಕಾರಿ ಇಂಜಿನ್ ಎಂದರೆ ಸಾಮಾನ್ಯವಾಗಿ ದಹನ ಅಂತರಿಕವಾಗಿರುವ ಒಂದು ಇಂಜಿನ್ 
LOG (lattice-best-path[5.5.891~1-37628]:main():lattice-best-path.cc:99) For utterance knf_07345_01995564245, best cost 1912.91 + 73390.5 = 75303.4 over 757 frames.
knf_07345_01995564245 ಇದೇ ರೀತಿ ಚಳಿಗಾಲದ ಜವೆಗೋದಿಯ ತಳಿಯ ಮೊಳೆಯುತ್ತಿರುವ ಬೀಜಗಳನ್ನು 
LOG (lattice-best-path[5.5.891~1-37628]:main():lattice-best-path.cc:99) For utterance knf_07598_00253012742, best cost 1602.19 + 58374.1 = 59976.2 over 587 frames.
knf_07598_00253012742 ಗುರುತ್ವಾಕರ್ಷಣಾ ಮಾದರಿಯು ಮೂಲಭೂತವಾಗಿ ಆಮದಿಗೆ ಗಮನ ಕೊಡುತ್ತದೆ 
LOG (lattice-best-path[5.5.891~1-37628]:main():lattice-best-path.cc:99) For utterance knf_07598_01631680169, best cost 1273.83 + 48356.1 = 49630 over 493 frames.
knf_07598_01631680169 ಅಲ್ಲದೇ ಇದರ ಕಾಯಿಗಳಿಗಾಗಿ ಗ್ರಾಮಾಂತರ ಪ್ರದೇಶಗಳಲ್ಲಿ 
LOG (lattice-best-path[5.5.891~1-37628]:main():lattice-best-path.cc:99) For utterance knf_08476_00023010443, best cost 2344.88 + 93196.9 = 95541.8 over 945 frames.
knf_08476_00023010443 ತನ್ನ ವ್ಯವಹಾರದಿಂದ ಸಂಭವಿಸಬಹುದಾದ ಎಲ್ಲಾ ಲಾಭನಷ್ಟಗಳಿಗೂ ಈ ಸಂಸ್ಥೆಯ ಪೂರ್ಣವಾಗಿ ಹೊಣೆಯಾಗಿದೆ 
LOG (lattice-best-path[5.5.891~1-37628]:main():lattice-best-path.cc:99) For utterance knf_08476_00919951349, best cost 454.621 + 27063 = 27517.6 over 297 frames.
knf_08476_00919951349 ಪ್ರಯೋಗಶೀಲತೆ 
LOG (lattice-best-path[5.5.891~1-37628]:main():lattice-best-path.cc:99) For utterance knf_08476_01140084904, best cost 3559.01 + 142677 = 146236 over 1432 frames.
knf_08476_01140084904 ಪರಿಸ್ಥಿತಿಯ ಹೇಗೆ ದರ ದ್ವಿತೀಯ ಅಂತಾರಾಷ್ಟ್ರೀಯವು ಶ್ರಮಜೀವಿಗಳ ಅನೇಕ ಹೋರಾಟಗಳಲ್ಲಿ ಜಯಗಳಿಸಿ ಕಾರ್ಮಿಕರ ಚಳವಳಿಯನ್ನು ಪ್ರಭಾವಶಾಲಿಯನ್ನಾಗಿ ಮಾಡಿತು 
LOG (lattice-best-path[5.5.891~1-37628]:main():lattice-best-path.cc:99) For utterance knf_09123_01087915920, best cost 3773.69 + 168064 = 171837 over 1747 frames.
knf_09123_01087915920 ಭಾರತೀಯ ಬಾಂಧವರನ್ನು ಮತ್ತು ಪೋರ್ಚುಗೀಸರ ವಶದಲ್ಲಿದ್ದ ಇನ್ನುಳಿದ ವಸಾಹತುಗಳನ್ನು ಭಾರತ ಹೇಗೆ ಮುಕ್ತಿಗೊಳಿಸಿತೆಂಬುದು ಇಂದಿನ ಇತಿಹಾಸಕ್ಕೆ ಸೇರಿಕೊಂಡಿರುವ ವಿಷಯ 
LOG (lattice-best-path[5.5.891~1-37628]:main():lattice-best-path.cc:99) For utterance knf_09123_01402865830, best cost 3919.73 + 156088 = 160007 over 1619 frames.
knf_09123_01402865830 ಪಟ್ಟಿಯ ಮಾನದಂಡ ಅಂಕ ಅಂಗೀಕೃತ ಪದ್ದತಿಯಲ್ಲಿ ಬಳಸಲಾಗುತ್ತದೆ ಮತ್ತು ಗುಣಮಟ್ಟದ ಕೆಲಸದ ಎಂದು ವೇಳೆ ಕಾಮನ್ ಏನು ಚರ್ಚೆಗೆ ಅವಕಾಶ ಎಂದು 
LOG (lattice-best-path[5.5.891~1-37628]:main():lattice-best-path.cc:99) For utterance knf_09696_00069342685, best cost 2490.83 + 79650.1 = 82141 over 783 frames.
knf_09696_00069342685 ಮಾಗಿದ ಹಣ್ಣುಗಳನ್ನು ಕಿತ್ತು ಹಣ್ಣಿನಮೇಲೆ ಹಣ್ಣು ಬೀಳದಂತೆ ಇತರ ಕೇಂದ್ರ ಮರದ ತಟ್ಟೆಯಲ್ಲಿಡುತ್ತಾರೆ 
LOG (lattice-best-path[5.5.891~1-37628]:main():lattice-best-path.cc:99) For utterance knf_09696_00132652399, best cost 2874.42 + 93405.4 = 96279.8 over 903 frames.
knf_09696_00132652399 ಪ್ರಪಂಚದಲ್ಲಿ ಪದೇ ಪದೇ ಸಂಭವಿಸುವ ಬಿಕ್ಕಟ್ಟುಗಳಿಗೂ ಯುದ್ಧಗಳಿಗೂ ರಾಷ್ಟ್ರಗಳ ನಡುವೆ ಸಹಕಾರ ಇಲ್ಲದಿರುವುದೇ ಕಾರಣ 
LOG (lattice-best-path[5.5.891~1-37628]:main():lattice-best-path.cc:99) For utterance knf_09696_00309359849, best cost 1847.06 + 64091 = 65938.1 over 621 frames.
knf_09696_00309359849 ಪಾತ್ರ ಹಾಗು ಜವಾಬ್ದಾರಿಗಳಿಗೆ ಅನುಸಾರವಾಗಿ ಅನ್ವಯಗಳನ್ನು ಬಳಕೆ ಮಾಡಬಹುದು 
LOG (lattice-best-path[5.5.891~1-37628]:main():lattice-best-path.cc:99) For utterance knf_09696_00375999980, best cost 2373.53 + 80820.6 = 83194.2 over 783 frames.
knf_09696_00375999980 ಒಂದು ದೇಶದ ಅಂತರಿಕ್ಷ ಪ್ರದೇಶದಲ್ಲಿ ಯಾವ ಬಗ್ಗೆ ವಿಮಾನಗಳು ಹಾರಾಡಬಹುದೆಂಬುದನ್ನು ನಿಗದಿ ಮಾಡಿದ್ದಾರೆ 
LOG (lattice-best-path[5.5.891~1-37628]:main():lattice-best-path.cc:99) For utterance knf_09696_00657972668, best cost 2965.72 + 91002.4 = 93968.1 over 885 frames.
knf_09696_00657972668 ಅಂಗಾಂಶ ಇಂಜಿನಿಯರಿಂಗ್ ಈಗ ಎದುರಿಸುತ್ತಿರುವ ಮುಖ್ಯ ಸವಾಲು ಏನೆಂದರೆ ಇದು ಇನ್ನೂ ಹೆಚ್ಚಿನ ಕಾರ್ಯನಿರ್ವಹಣೆಯನ್ನು ಹೊಂದುವಂತಹುದ್ದಾಗಬೇಕಾಗಿದೆ 
LOG (lattice-best-path[5.5.891~1-37628]:main():lattice-best-path.cc:99) For utterance knf_09696_00779393186, best cost 2008.04 + 59529.8 = 61537.9 over 587 frames.
knf_09696_00779393186 ಈ ವ್ಯವಹಾರ ಶಿಕ್ಷಣ ವಂತರಿಗೆ ಮಾತ್ರ ಸಾಧ್ಯ ಅವಿದ್ಯಾವಂತರಿಗೆ ಇದು ಸೂಕ್ತವಲ್ಲ 
LOG (lattice-best-path[5.5.891~1-37628]:main():lattice-best-path.cc:99) For utterance knf_09696_01661748829, best cost 2867.01 + 84214.4 = 87081.4 over 817 frames.
knf_09696_01661748829 ಭೌಗೋಳಿಕ ವಿಶೇಷತೆ ಮತ್ತು ಕ್ರಮ ವಿಭಜನೆ ಎಲ್ಲಾ ದೇಶಗಳು ಒಂದೇ ರೀತಿಯ ಹವಗುಣ ಮತ್ತು ವಾಯುಗುಣ ಹೊಂದಿರುವುದಿಲ್ಲ 
LOG (lattice-best-path[5.5.891~1-37628]:main():lattice-best-path.cc:99) For utterance knf_09696_02009165869, best cost 1687.67 + 65031.9 = 66719.5 over 647 frames.
knf_09696_02009165869 ಹವಾಮಾನ ಅನನಕೂಲವಾಗಿದ್ದರೆ ಇವುಗಳನ್ನು ಒಂದು ದಿನದಲ್ಲಿ ಪೂರ್ಣಗೊಳಿಸುವುದಿಲ್ಲ 
LOG (lattice-best-path[5.5.891~1-37628]:main():lattice-best-path.cc:99) For utterance knm_00180_00250075112, best cost 886.614 + 56791.1 = 57677.7 over 647 frames.
knm_00180_00250075112 ಇದೊಂದು ಪೌಷ್ಟಿಕವಾದ ಹಣ್ಣು 
LOG (lattice-best-path[5.5.891~1-37628]:main():lattice-best-path.cc:99) For utterance knm_00180_00297370869, best cost 2031.52 + 94400.8 = 96432.3 over 1031 frames.
knm_00180_00297370869 ಈ ಬಗೆಯ ಚಿಲುಮೆಗಳು ತಮಿಳುನಾಡಿನ ನೈವೇಲಿಯ ಸುತ್ತಮುತ್ತ ಹೆಚ್ಚು ಕಂಡುಬರುತ್ತದೆ 
LOG (lattice-best-path[5.5.891~1-37628]:main():lattice-best-path.cc:99) For utterance knm_00180_01032527602, best cost 662.038 + 47490.8 = 48152.8 over 570 frames.
knm_00180_01032527602 ತಾರ್ಕಿಕ ಸಿದ್ಧಾಂತ 
LOG (lattice-best-path[5.5.891~1-37628]:main():lattice-best-path.cc:99) For utterance knm_00180_01188180749, best cost 1011.56 + 60484.4 = 61495.9 over 706 frames.
knm_00180_01188180749 ಹನ್ನೆರಡು ಇಂಚುಗಳಿಗೆ ಒಂದು ಮಾಡಿ 
LOG (lattice-best-path[5.5.891~1-37628]:main():lattice-best-path.cc:99) For utterance knm_00180_01979139119, best cost 1820.78 + 87661.2 = 89481.9 over 988 frames.
knm_00180_01979139119 ಅಂಜೂರದ ವ್ಯವಸಾಯಕ್ಕೆ ಅಕ್ಕಿ ಫಲವತ್ತಾದ ಮಣ್ಣು ಬೇಕಾಗಿಲ್ಲ 
LOG (lattice-best-path[5.5.891~1-37628]:main():lattice-best-path.cc:99) For utterance knm_00180_01994023075, best cost 2229.87 + 107520 = 109750 over 1167 frames.
knm_00180_01994023075 ಈ ಚಿತ್ರಗಳ ಆಸೆಯಿಂದಾಗಿ ಇಂತಹ ಚೀಟಿಗಳನ್ನು ಸಂಗ್ರಹಿಸುವುದೇ ಅನೇಕರ ಹವ್ಯಾಸವಾಗಿದೆ 
LOG (lattice-best-path[5.5.891~1-37628]:main():lattice-best-path.cc:99) For utterance knm_00271_00413960012, best cost 2169.8 + 70731.3 = 72901.1 over 698 frames.
knm_00271_00413960012 ಈ ಸಮ್ಮೇಳನ ಕೇಂದ್ರ ಬ್ಯಾಂಕುಗಳೊಳಗೆ ಬೆಳೆಯಬೇಕಾದ ಸಹಕಾರದ ಆವಶ್ಯಕತೆಯನ್ನು ಒತ್ತಿ ಹೇಳಿತು 
LOG (lattice-best-path[5.5.891~1-37628]:main():lattice-best-path.cc:99) For utterance knm_00271_00720410666, best cost 1148.19 + 43552.7 = 44700.9 over 433 frames.
knm_00271_00720410666 ನಿಯೋಗವು ನಿಮ್ಮ ಗಮ್ಯಸ್ಥಾನವನ್ನು ತಲುಪುತ್ತೀರಿ 
LOG (lattice-best-path[5.5.891~1-37628]:main():lattice-best-path.cc:99) For utterance knm_00271_01073654763, best cost 2507.43 + 90669.9 = 93177.4 over 903 frames.
knm_00271_01073654763 ಶಸ್ತ್ರ ಚಿಕಿತ್ಸೆಯಲ್ಲಿ ಕತ್ತಿ ಮುಂತಾದ ಶಲ್ಯಗಳು ಇವನ್ನು ಸೋಕಿದರೆ ಅಪಾಯ ಎಂದು ಹೇಳಲಾಗಿದೆ 
LOG (lattice-best-path[5.5.891~1-37628]:main():lattice-best-path.cc:99) For utterance knm_00271_01157281735, best cost 982.826 + 41399.1 = 42381.9 over 450 frames.
knm_00271_01157281735 ಈ ನಿಮ್ಮ ಗಮ್ಯಸ್ಥಾನ ಎಡಕ್ಕಿದೆ 
LOG (lattice-best-path[5.5.891~1-37628]:main():lattice-best-path.cc:99) For utterance knm_00271_01689467106, best cost 1763.95 + 73778.6 = 75542.5 over 749 frames.
knm_00271_01689467106 ಎಳೆಯುವುದನ್ನು ಬಿಟ್ಟರೆ ಶಕ್ತಿಯು ಚಲನಾತ್ಮಕ ಶಕ್ತಿಯಾಗಿ ಪರಿವರ್ತನೆಯಾಗುತ್ತದೆ 
LOG (lattice-best-path[5.5.891~1-37628]:main():lattice-best-path.cc:99) For utterance knm_00378_01481393426, best cost 2593.5 + 97867.5 = 100461 over 1013 frames.
knm_00378_01481393426 ಕೆಲವು ರಾಜ್ಯಗಳು ಇಂತಹ ಪ್ರಕರಣಗಳು ಇತ್ಯರ್ಥಕ್ಕೆ ನ್ಯಾಯಾಲಯವನ್ನು ಅವಲಂಬಿಸದೇ ಅದರ ತೀರ್ಪನ್ನೂ ಕೂಡ ತಿರಸ್ಕರಿಸಬಹುದಾಗಿದೆ 
LOG (lattice-best-path[5.5.891~1-37628]:main():lattice-best-path.cc:99) For utterance knm_00378_02016627830, best cost 1780.19 + 59438.4 = 61218.6 over 621 frames.
knm_00378_02016627830 ಶಾತವಾಹನರ ಕಾಲದಲ್ಲಿ ಐದು ಎಂಬ ಅಂಕಿ ಎರಡು ರೂಪಗಳಲ್ಲಿ ದೊರೆಯುತ್ತವೆ 
LOG (lattice-best-path[5.5.891~1-37628]:main():lattice-best-path.cc:99) For utterance knm_00417_00447310727, best cost 571.216 + 49279 = 49850.2 over 587 frames.
knm_00417_00447310727 ನೇರವಾಗಿ ಮುಂದುವರಿ 
LOG (lattice-best-path[5.5.891~1-37628]:main():lattice-best-path.cc:99) For utterance knm_00417_00700549465, best cost 1054.79 + 49628.5 = 50683.3 over 553 frames.
knm_00417_00700549465 ನೀವು ನಿಮ್ಮ ಗಮ್ಯಸ್ಥಾನವನ್ನು ತಲುಪುತ್ತೀರಿ 
LOG (lattice-best-path[5.5.891~1-37628]:main():lattice-best-path.cc:99) For utterance knm_00417_00709181952, best cost 895.593 + 43651.9 = 44547.5 over 484 frames.
knm_00417_00709181952 ವೃತ್ತಾಕಾರದಲ್ಲಿ ರಾಂಪ್‌ನಲ್ಲಿಗೆ ನಿರ್ಗಮಿಸಿ 
LOG (lattice-best-path[5.5.891~1-37628]:main():lattice-best-path.cc:99) For utterance knm_00417_01029527050, best cost 636.344 + 30142.8 = 30779.2 over 339 frames.
knm_00417_01029527050 ಇಳಿಜಾರಿನಲ್ಲಿ ಮುಂದುವರಿಸಿ 
LOG (lattice-best-path[5.5.891~1-37628]:main():lattice-best-path.cc:99) For utterance knm_00417_01444549725, best cost 554.212 + 28080.9 = 28635.1 over 331 frames.
knm_00417_01444549725 ನೇರವಾಗಿ ಮುಂದುವರಿ 
LOG (lattice-best-path[5.5.891~1-37628]:main():lattice-best-path.cc:99) For utterance knm_00574_00067666596, best cost 528.555 + 22257.5 = 22786 over 245 frames.
knm_00574_00067666596 ಮುನ್ನೂರು ಅಡಿಗಳಲ್ಲಿ 
LOG (lattice-best-path[5.5.891~1-37628]:main():lattice-best-path.cc:99) For utterance knm_00574_01153125164, best cost 1209.82 + 44448.4 = 45658.2 over 459 frames.
knm_00574_01153125164 ನಿಲ್ದಾಣದ ಮೂಲಕ ಮುಕ್ತವಾಗಿ ತೇಲಾಡುತ್ತ ಮಲಗಬಹುದು 
LOG (lattice-best-path[5.5.891~1-37628]:main():lattice-best-path.cc:99) For utterance knm_00574_01541345543, best cost 2986.3 + 88761.2 = 91747.5 over 903 frames.
knm_00574_01541345543 ಇದಾದಮೇಲೆ ವಿಯೆನ್ನಾದಲ್ಲಿ ಸಾವಿರದೊಂಬೈನೂರ ಹದಿನಾಲ್ಕರಲ್ಲಿ ಸೇರಿದ ಸಮ್ಮೇಳನದಲ್ಲಿಯೂ ಈ ಪ್ರಶ್ನೆಯ ಚರ್ಚೆಗೆ ಇನ್ನೂ ಹೆಚ್ಚು ಪ್ರಾಶಸ್ತ್ಯ ದೊರೆಯಿತು 
LOG (lattice-best-path[5.5.891~1-37628]:main():lattice-best-path.cc:99) For utterance knm_00574_01758939200, best cost 556.285 + 22429.7 = 22986 over 237 frames.
knm_00574_01758939200 ಮುನ್ನೂರು ಮೀಟರ್‌ಗಳಲ್ಲಿ 
LOG (lattice-best-path[5.5.891~1-37628]:main():lattice-best-path.cc:99) For utterance knm_00811_00180081283, best cost 1676.76 + 60260.9 = 61937.6 over 595 frames.
knm_00811_00180081283 ಅದರಲ್ಲೂ ವಿಶೇಷವಾಗಿ ಅವರಿರುವ ಸ್ಥಳದಲ್ಲಿ ಸಂಕೀರ್ಣ ಬಹುದು 
LOG (lattice-best-path[5.5.891~1-37628]:main():lattice-best-path.cc:99) For utterance knm_00811_00286463587, best cost 2323.67 + 78957.3 = 81280.9 over 809 frames.
knm_00811_00286463587 ಪ್ರತಿಯನ್ನು ವ್ಯಾಪಾರ ಘಟಕವು ತನ್ನ ದಾಖಲೆಗಳ ಆಧಾರದ ಆನ್ಲೈನ್ ಪ್ರತಿಯನ್ನು ನವೀಕರಿಸಿಕೊಳ್ಳಬಹುದು 
LOG (lattice-best-path[5.5.891~1-37628]:main():lattice-best-path.cc:99) For utterance knm_00811_01884768925, best cost 2781.39 + 85570.7 = 88352.1 over 826 frames.
knm_00811_01884768925 ಅಲ್ಲದೇ ಲಾಂಗ್ ಮತ್ತು ಹೈಜಂಪ್ ಕಡೆಗಳಲ್ಲಿ ಎರಡನೇ ಸ್ಥಾನ ಪಡೆದುಕೊಳ್ಳುವ ಮೂಲಕ ಮಹಿಳಾ ಚಾಂಪಿಯನ್ ಅವರು 
LOG (lattice-best-path[5.5.891~1-37628]:main():lattice-best-path.cc:99) For utterance knm_01099_01948197248, best cost 1657.13 + 47455.5 = 49112.6 over 484 frames.
knm_01099_01948197248 ಕೇಶವ ದೇವಾಲಯದ ಮೂರ್ತಿ ಒಂದು ಉತ್ತಮ ಗ್ರಹಿಸಲು ಶಿಲ್ಪ 
LOG (lattice-best-path[5.5.891~1-37628]:main():lattice-best-path.cc:99) For utterance knm_01114_00206224816, best cost 3977.18 + 141725 = 145703 over 1423 frames.
knm_01114_00206224816 ಮೊದಲನೆಯದಾಗಿ ಹೊರದೇಶದ ಬೇಡಿಕೆಯ ಅಥವಾ ನೀಡಿಕೆಯ ಆಧಾರದ ಮೇಲೆ ಉದ್ದೇಶದ ಉತ್ಪನ್ನ ವ್ಯವಸ್ಥೆಯನ್ನು ರಚಿಸುವಲ್ಲಿ ಒಂದು ದೇಶದ ಉದ್ಯಮಿಗಳು ವಿಶೇಷವಾದ ಹೊಣೆಗಾರಿಕೆ ವಹಿಸಬೇಕಾಗುವುದು 
LOG (lattice-best-path[5.5.891~1-37628]:main():lattice-best-path.cc:99) For utterance knm_01114_01558059071, best cost 2407.89 + 86114.2 = 88522.1 over 885 frames.
knm_01114_01558059071 ಅಂಡಮಾನಿನ ಪುಲಗ ಹಾಗೂ ಪ್ರಾಚೀನ ಭಾರತದ ವರುಣ ಅಂತರಿಕ್ಷದೇವತೆಯ ರೂಪವೆಂದು ತಿಳಿದುಬಂದಿದೆ 
LOG (lattice-best-path[5.5.891~1-37628]:main():lattice-best-path.cc:99) For utterance knm_01114_01733197529, best cost 1083.19 + 54674.4 = 55757.6 over 604 frames.
knm_01114_01733197529 ಇದರೊಂದಿಗೆ ಹೈನುಗಾರಿಕೆಯು ಪ್ರಮುಖ ಉದ್ಯೋಗವಾಗಿದೆ 
LOG (lattice-best-path[5.5.891~1-37628]:main():lattice-best-path.cc:99) For utterance knm_01114_01785099367, best cost 1432.65 + 63728.9 = 65161.6 over 664 frames.
knm_01114_01785099367 ನಿಲ್ದಾಣಕ್ಕೆ ಯಾವುದೇ ನಷ್ಟವಾಗಿಲ್ಲವೆಂದು ತಕ್ಷಣವೇ ವರದಿಮಾಡಲಾಗಿತ್ತು 
LOG (lattice-best-path[5.5.891~1-37628]:main():lattice-best-path.cc:99) For utterance knm_01114_01952481449, best cost 2494.97 + 90442.2 = 92937.2 over 903 frames.
knm_01114_01952481449 ಅಂಚೆ ಸೇವೆಯು ಪ್ರತಿಯೊಂದು ಸಂಕೇತಕ್ಕೆ ಸಂಬಂಧಿಸಿದಂತೆ ಒಂದು ಪೂರ್ವನಿಶ್ಚಿತ ಏಕ ಸ್ಥಳನಾಮವನ್ನು ನಿಗದಿಪಡಿಸುತ್ತದೆ 
LOG (lattice-best-path[5.5.891~1-37628]:main():lattice-best-path.cc:99) For utterance knm_01114_02131004156, best cost 2067.26 + 99289.6 = 101357 over 1056 frames.
knm_01114_02131004156 ವಿಳಂಬಗಳಿಂದಾಗಿ ಎರಡುಸಾವಿರದ ಹನ್ನೊಂದನೇ ವರ್ಷದಲ್ಲಿ ಸಂಪೂರ್ಣಗೊಳ್ಳುವುದೆಂದು ಪುನಃ ಅಂದಾಜುಮಾಡಲಾಯಿತು 
LOG (lattice-best-path[5.5.891~1-37628]:main():lattice-best-path.cc:99) For utterance knm_01402_00421338272, best cost 1077.9 + 43163.4 = 44241.3 over 450 frames.
knm_01402_00421338272 ಸಂಚಿತ ಠೇವಣಿ ಮೊತ್ತ ರೂಪಾಯಿಗಳು 
LOG (lattice-best-path[5.5.891~1-37628]:main():lattice-best-path.cc:99) For utterance knm_01672_01257232352, best cost 2036.4 + 72670.3 = 74706.7 over 740 frames.
knm_01672_01257232352 ಹಿಮದ ರೂಪದಲ್ಲಿರುವ ನೀರು ಪ್ರಮುಖವಾಗಿ ಭೂಮಿಯ ಉತ್ತಮ ದೂರದರ್ಶನ ಅವುಗಳಲ್ಲಿ ಕಂಡುಬರುತ್ತದೆ 
LOG (lattice-best-path[5.5.891~1-37628]:main():lattice-best-path.cc:99) For utterance knm_02352_00284551281, best cost 2154.22 + 64075.5 = 66229.7 over 638 frames.
knm_02352_00284551281 ಗಿಡದ ಕಾಂಡವನ್ನು ಕಾಯಂ ಮಾಡಿದಾಗ ಜಿನುಗುವ ಒಂದು ಹೋಗಿ ಗುಂಪಿಗೆ ಸೇದು 
LOG (lattice-best-path[5.5.891~1-37628]:main():lattice-best-path.cc:99) For utterance knm_02352_00695383559, best cost 1083.53 + 30654.7 = 31738.2 over 305 frames.
knm_02352_00695383559 ಇದನ್ನು ಮೂಲ ಎಸೆದರು ಎನ್ನುವರು 
LOG (lattice-best-path[5.5.891~1-37628]:main():lattice-best-path.cc:99) For utterance knm_02533_01391504435, best cost 633.637 + 35563.8 = 36197.5 over 416 frames.
knm_02533_01391504435 ನೀವು ತಲುಪಿದ್ದೀರಿ 
LOG (lattice-best-path[5.5.891~1-37628]:main():lattice-best-path.cc:99) For utterance knm_02533_01776562000, best cost 618.39 + 34151.3 = 34769.7 over 395 frames.
knm_02533_01776562000 ಎಡದಲ್ಲಿ ನಿರ್ಗಮಿಸಿ 
LOG (lattice-best-path[5.5.891~1-37628]:main():lattice-best-path.cc:99) For utterance knm_02894_00066960331, best cost 1903.63 + 61790.6 = 63694.2 over 629 frames.
knm_02894_00066960331 ಬಾವಿಯಿಂದ ನೀರನ್ನು ಪಂಪು ಮಾಡುವವ ನೀರಿನ ಮಟ್ಟ ಕಡಿಮೆಯಾಗುತ್ತ ಹೋಗುತ್ತದೆ 
LOG (lattice-best-path[5.5.891~1-37628]:main():lattice-best-path.cc:99) For utterance knm_02894_00268521638, best cost 1964.35 + 74511.1 = 76475.4 over 749 frames.
knm_02894_00268521638 ಒಂದು ಕಾಲದಲ್ಲಿ ಈ ದೇವತೆಯ ಒಳಗಾಗಿ ತುಂಬ ಉದಾತ್ತನಾಗಿ ಕಾಣಿಸುತ್ತಾನೆ 
LOG (lattice-best-path[5.5.891~1-37628]:main():lattice-best-path.cc:99) For utterance knm_02894_00579278647, best cost 1087.34 + 47350.4 = 48437.7 over 484 frames.
knm_02894_00579278647 ಅವರು ಪ್ರಕೃತಿಗಿಂತ ಹೆಚ್ಚು ಸ್ವತಂತ್ರರು 
LOG (lattice-best-path[5.5.891~1-37628]:main():lattice-best-path.cc:99) For utterance knm_02894_00791849142, best cost 1936.72 + 68713.8 = 70650.5 over 672 frames.
knm_02894_00791849142 ಅಲ್ಲದೆ ಕೆಲವು ವ್ಯವಸ್ಥೆಗಳಲ್ಲಿ ಅಗತ್ಯಕ್ಕಿಂತ ಹೆಚ್ಚು ಕ್ಷೇತ್ರವನ್ನು ಅಂಟು ಮಾಡಿತು 
LOG (lattice-best-path[5.5.891~1-37628]:main():lattice-best-path.cc:99) For utterance knm_02894_00839207207, best cost 966.212 + 48357.3 = 49323.5 over 510 frames.
knm_02894_00839207207 ಅಂತರಿಕ್ಷದೇವತೆಗಳಲ್ಲಿ ರುದ್ರನೂ ಸೇರಿದ್ದಾನೆ 
LOG (lattice-best-path[5.5.891~1-37628]:main():lattice-best-path.cc:99) For utterance knm_02910_00134838960, best cost 4634.96 + 135448 = 140083 over 1338 frames.
knm_02910_00134838960 ಬಾಲಕ ಬಿದ್ದಿದೆ ಬಳಸಲಾಗುತ್ತದೆ ಬಿಗ್ ಡೀಸಲ್ ಜನರೇಟರ್ ಕಂಬೈನ್ಡ್ ಆವರ್ತನ ಶಕ್ತಿ ಸ್ಥಾವರವು ಅಳಿಸಿ ಈ ಎಸ್ ದೊಡ್ಡ ವಿದ್ಯುತ್ ಉತ್ಪಾದಕಗಳ ಕೆಲವು ಶಕ್ತಿ ವಿದ್ಯುತ್ ಗ್ರಿಡ್ ಚಾಲನೆ 
LOG (lattice-best-path[5.5.891~1-37628]:main():lattice-best-path.cc:99) For utterance knm_02910_00861523707, best cost 2088.53 + 78270.3 = 80358.8 over 792 frames.
knm_02910_00861523707 ಕೇವಲ ರಾಜ್ಯಗಳು ಮಾತ್ರ ಇಂತಹ ಕಲಹಗಳ ಬಗೆಹರಿಸುವ ಪ್ರಕರಣದಲ್ಲಿ ಪಕ್ಷಗಾರರಾಗಿರುತ್ತವೆ 
LOG (lattice-best-path[5.5.891~1-37628]:main():lattice-best-path.cc:99) For utterance knm_02910_01319353513, best cost 1781.05 + 57567.2 = 59348.2 over 570 frames.
knm_02910_01319353513 ಕೆಲವು ಜಾಗಗಳಲ್ಲಂತೂ ಅಲ್ಲಿನ ಸುಣ್ಣಕಲ್ಲುಗಳ ತುಂಬ ಇವೆ ತುಂಬಿಕೊಂಡಿವೆ 
LOG (lattice-best-path[5.5.891~1-37628]:main():lattice-best-path.cc:99) For utterance knm_02910_01881379738, best cost 2154.49 + 69968.5 = 72123 over 698 frames.
knm_02910_01881379738 ಈ ಈ ಅಂಟು ಪದಾರ್ಥಗಳನ್ನು ದ್ರಾವಣಗಳ ರೂಪದಲ್ಲಿ ಬಳಸುವುದಾದರೆ ದ್ರಾವಕವನ್ನು ಆವಿಯಾಗಿಸಬೇಕು 
LOG (lattice-best-path[5.5.891~1-37628]:main():lattice-best-path.cc:99) For utterance knm_03197_00092877894, best cost 2291.93 + 75072.6 = 77364.5 over 757 frames.
knm_03197_00092877894 ಅಂಟು ಚಿತ್ರಣ ಕಲೆ ಎನ್ನುವುದು ಪ್ರಮುಖವಾಗಿ ದೃಗ್ಗೋಚರ ಕಲೆಗಳಲ್ಲಿನ ವ್ಯವಸ್ಥಿತ ಕಲೆ 
LOG (lattice-best-path[5.5.891~1-37628]:main():lattice-best-path.cc:99) For utterance knm_03197_00565590958, best cost 1277.88 + 40707.6 = 41985.5 over 399 frames.
knm_03197_00565590958 ವಿದೇಶಿ ವ್ಯವಹಾರವು ತೀವ್ರ ಪೈಪೋಟಿ ಸೃಷ್ಟಿಸುತ್ತದೆ 
LOG (lattice-best-path[5.5.891~1-37628]:main():lattice-best-path.cc:99) For utterance knm_03197_01853506118, best cost 1107.36 + 40644 = 41751.4 over 416 frames.
knm_03197_01853506118 ಅಂಕೋಲ ನಂಬುವುದು ಮಲೆಯಾಳಮ್ ಭಾಷೆ 
LOG (lattice-best-path[5.5.891~1-37628]:main():lattice-best-path.cc:99) For utterance knm_04526_00306702177, best cost 2659.73 + 121254 = 123914 over 1227 frames.
knm_04526_00306702177 ಗಗನಯಾತ್ರೆ ಇಪ್ಪತ್ತರ ಸಿಬ್ಬಂದಿಯನ್ನು ಎರಡು ಪ್ರತ್ಯೇಕ ಸೊಯುಜ್ ವಿಮಾನಗಳ ಮೂಲಕ ನಿಲ್ದಾಣಕ್ಕೆ ಕಳುಹಿಸಲಾಯಿತು 
LOG (lattice-best-path[5.5.891~1-37628]:main():lattice-best-path.cc:99) For utterance knm_04526_01423735476, best cost 1845.77 + 70531.9 = 72377.7 over 775 frames.
knm_04526_01423735476 ಆ ಚಿಕಿತ್ಸೆ ಮಾಡಿದರೆ ತಗ್ಗಿದ ಉಷ್ಣತೆಯ ಪ್ರಭಾವ ತಪ್ಪಿ ಹೋಗುತ್ತದೆ 
LOG (lattice-best-path[5.5.891~1-37628]:main():lattice-best-path.cc:99) For utterance knm_04526_01784604936, best cost 982.982 + 44342.4 = 45325.4 over 493 frames.
knm_04526_01784604936 ಈ ದೊಡ್ಡ ನಾಡಿಗಳು ಧಮನಿಗಳು 
LOG (lattice-best-path[5.5.891~1-37628]:main():lattice-best-path.cc:99) For utterance knm_04689_00182748448, best cost 1550.91 + 56086.4 = 57637.3 over 544 frames.
knm_04689_00182748448 ಎರಡು ಚಿಹ್ನೆಗಳನ್ನು ಕೂಡಿಸಿ ದೊಡ್ಡ ದೊಡ್ಡ ಸಂಖ್ಯೆಗಳನ್ನು ಬರೆಯುತ್ತಿದ್ದರು 
LOG (lattice-best-path[5.5.891~1-37628]:main():lattice-best-path.cc:99) For utterance knm_04689_01225384356, best cost 2647.52 + 91449.3 = 94096.8 over 885 frames.
knm_04689_01225384356 ಅಂಡಾಶಯದಲ್ಲಿ ತರಗತಿ ಬೆಳೆಯುವ ಅಂತ ದಲ್ಲಿ ಅನೇಕ ಜೀವಕಣಗಳು ಗ್ರಾಫಿಯನ್ ಫಾಲಿಕಲ್ ರಚನೆಯಲ್ಲಿ ಪಾಲ್ಗೊಳ್ಳುತ್ತವೆ 
LOG (lattice-best-path[5.5.891~1-37628]:main():lattice-best-path.cc:99) For utterance knm_04689_01301971750, best cost 2034.37 + 67809 = 69843.4 over 638 frames.
knm_04689_01301971750 ಮನೋವಿಜ್ಞಾನ ರಂಗದಲ್ಲಿ ಸ್ವರೂಪಾತ್ಮಕ ಸಿದ್ಧಾಂತ ಕೇಳುವ ಒಂದು ಪಂಥವನ್ನೇ ಸ್ಥಾಪಿಸಿದ 
LOG (lattice-best-path[5.5.891~1-37628]:main():lattice-best-path.cc:99) For utterance knm_04689_01510178774, best cost 3124.73 + 131224 = 134349 over 1278 frames.
knm_04689_01510178774 ಮೊದಲನೆಯ ಮಹಾಯುದ್ಧದ ಅನಂತರ ದ್ವಿತೀಯ ಅಂತಾರಾಷ್ಟ್ರೀಯವು ಪ್ರಪಂಚದ ಶ್ರಮಜೀವಿಗಳ ಮುನ್ನಡೆಗೆ ಕಂಟಕವಾಯಿತಲ್ಲದೆ ಸಮಾಜವಾದದ ಗುರಿಯಿಂದಲೂ ಹಿಮ್ಮೆಟ್ಟಿತು 
LOG (lattice-best-path[5.5.891~1-37628]:main():lattice-best-path.cc:99) For utterance knm_04689_01549231729, best cost 290.396 + 22338.8 = 22629.2 over 254 frames.
knm_04689_01549231729 ನೀರು 
LOG (lattice-best-path[5.5.891~1-37628]:main():lattice-best-path.cc:99) For utterance knm_04689_01551799385, best cost 943.923 + 39309.8 = 40253.7 over 416 frames.
knm_04689_01551799385 ಯುದ್ಧೋಪಕರಣಗಳು ಮತ್ತು ಎಲ್ಲಾ ಪಡೆಗಳು 
LOG (lattice-best-path[5.5.891~1-37628]:main():lattice-best-path.cc:99) For utterance knm_04689_01975694503, best cost 1898.99 + 79902.5 = 81801.5 over 809 frames.
knm_04689_01975694503 ಪ್ರಕೃತಿಯ ಮಹತ್ಕಾರ್ಯಗಳನ್ನೆಲ್ಲ ಆಕಾಶ ದೇವತೆಗೆ ಹೇಳಿರುವುದರ ಅಕ್ಕ ಸ್ಪಷ್ಟವಾಗುವುದು 
LOG (lattice-best-path[5.5.891~1-37628]:main():lattice-best-path.cc:99) For utterance knm_04705_01063045145, best cost 1271.89 + 57194.2 = 58466.1 over 621 frames.
knm_04705_01063045145 ವಿಷಯವನ್ನು ಸಂಗ್ರಹಿಸಿ ಒಂದು ನಕ್ಷೆಯನ್ನು ತಯಾರಿಸಬಹುದು 
LOG (lattice-best-path[5.5.891~1-37628]:main():lattice-best-path.cc:99) For utterance knm_04705_01735869449, best cost 1431.12 + 63237.9 = 64669 over 723 frames.
knm_04705_01735869449 ಈ ಪನ್ನಾ ಎಂಬ ಜಿಲ್ಲೆಯಲ್ಲಿ ವೈದ್ಯರಲ್ಲಿ ಗಣಿಗಳಿವೆ 
LOG (lattice-best-path[5.5.891~1-37628]:main():lattice-best-path.cc:99) For utterance knm_04992_00776173417, best cost 710.078 + 29270.6 = 29980.7 over 331 frames.
knm_04992_00776173417 ಟಿ ತ್ಯಾಜ್ಯ ಪ್ರಕಾರ 
LOG (lattice-best-path[5.5.891~1-37628]:main():lattice-best-path.cc:99) For utterance knm_04992_00895591669, best cost 485.95 + 34580 = 35066 over 391 frames.
knm_04992_00895591669 ವಿಶಿಷ್ಟವೆನಿಸುವಂತೆ 
LOG (lattice-best-path[5.5.891~1-37628]:main():lattice-best-path.cc:99) For utterance knm_04992_01012029824, best cost 1004.81 + 47773.1 = 48777.9 over 527 frames.
knm_04992_01012029824 ಸರ್ಕಾರಿ ಮತ್ತು ಖಾಸಗಿ ಆಸ್ಪತ್ರೆಗಳು 
LOG (lattice-best-path[5.5.891~1-37628]:main():lattice-best-path.cc:99) For utterance knm_04992_01376466131, best cost 614.22 + 33685.9 = 34300.1 over 373 frames.
knm_04992_01376466131 ಮತಚಲಾಯಿಸುವ ಹಕ್ಕು 
LOG (lattice-best-path[5.5.891~1-37628]:main():lattice-best-path.cc:99) For utterance knm_04992_01988393458, best cost 1173.6 + 47651.4 = 48825 over 501 frames.
knm_04992_01988393458 ತೀರಪ್ರದೇಶ ಹಿತಕರವಾದ ವಾಯುಗುಣವನ್ನು ಒಂದಿಲ್ಲ 
LOG (lattice-best-path[5.5.891~1-37628]:main():lattice-best-path.cc:99) For utterance knm_05066_00884053721, best cost 2566.21 + 95038.5 = 97604.7 over 979 frames.
knm_05066_00884053721 ಬೌದ್ಧರ ಪಾಳಿ ತ್ರಿಪಿಟಕಗಳಲ್ಲಿ ಎರಡನೆಯದಾದ ಸುತ್ತಪಿಟಕದಲ್ಲಿ ಸೇರಿರುವ ಐದು ನಿಕಾಯಗಳಲ್ಲಿ ನಾಲ್ಕನೆಯದು 
LOG (lattice-best-path[5.5.891~1-37628]:main():lattice-best-path.cc:99) For utterance knm_05066_01394733757, best cost 318.201 + 16537.3 = 16855.5 over 194 frames.
knm_05066_01394733757 ಅಲ್ಲದೆ 
LOG (lattice-best-path[5.5.891~1-37628]:main():lattice-best-path.cc:99) For utterance knm_05927_01284176879, best cost 351.095 + 22269.9 = 22621 over 263 frames.
knm_05927_01284176879 ಪ್ರಾಣ 
LOG (lattice-best-path[5.5.891~1-37628]:main():lattice-best-path.cc:99) For utterance knm_05927_01695983387, best cost 2555.62 + 91566 = 94121.7 over 920 frames.
knm_05927_01695983387 ಇಂತಹ ಘಟನೆಗಳಲ್ಲಿ ನಾಗರಿಕರೂ ಭಾಗವಹಿಸುವುದರಿಂದ ಮತ್ತು ಹಿಂಸಾಕೃತ್ಯಗಳು ನಡೆಯುವುದರಿಂದ ಇವಕ್ಕೆ ಅಂತರ್ಯುದ್ಧಗಳೆಂದು ಹೆಸರಾಗಿದೆ 
LOG (lattice-best-path[5.5.891~1-37628]:main():lattice-best-path.cc:99) For utterance knm_05927_01699170109, best cost 1041.47 + 36376.6 = 37418.1 over 391 frames.
knm_05927_01699170109 ಬಾಗಿಲಿಗೆ ಬಂದದ್ದು ತೀರ ಸ್ವಾಗತಿಸಿ 
LOG (lattice-best-path[5.5.891~1-37628]:main():lattice-best-path.cc:99) For utterance knm_05927_01879350384, best cost 2420.08 + 79897.1 = 82317.2 over 792 frames.
knm_05927_01879350384 ಗೂಟ ಮತ್ತು ರೆಂಬೆಗಳನ್ನು ತಾಯಿಗಿಡದಿಂದ ಪ್ರತ್ಯೇಕಿಸದೆ ಭೂಮಿಯಲ್ಲಿ ಹೂಳಿ ಹೊಸ ಹೊಸ ಸಸ್ಯಗಳನ್ನೇಳಿಸಬಹುದು 
LOG (lattice-best-path[5.5.891~1-37628]:main():lattice-best-path.cc:99) For utterance knm_06230_00046526226, best cost 1499.53 + 54672.7 = 56172.2 over 536 frames.
knm_06230_00046526226 ಅಂಟಿಸುವ ಪದರಗಳನ್ನು ಹೆಚ್ಚು ಒತ್ತಡಕ್ಕೆ ಒಳಪಡಿಸುವುದು ಅವಶ್ಯಕ 
LOG (lattice-best-path[5.5.891~1-37628]:main():lattice-best-path.cc:99) For utterance knm_06230_00132339674, best cost 934.832 + 48543 = 49477.9 over 561 frames.
knm_06230_00132339674 ಇದು ಒಂದು ಪೊದೆ ಸಸ್ಯ 
LOG (lattice-best-path[5.5.891~1-37628]:main():lattice-best-path.cc:99) For utterance knm_06230_01024713546, best cost 1795.66 + 68314.9 = 70110.6 over 698 frames.
knm_06230_01024713546 ಹಳೆಯ ಎಲೆಗಳು ಉದುರುವುದಕ್ಕಿಂತ ಮುಂಚಿತವಾಗಿಯೇ ಅಂಗಸಂಸ್ಥೆಗಳ ಎಸ್ ಕಾಣಿಸಿಕೊಳ್ಳುತ್ತದೆ 
LOG (lattice-best-path[5.5.891~1-37628]:main():lattice-best-path.cc:99) For utterance knm_06230_01354268124, best cost 996.497 + 49676.5 = 50673 over 510 frames.
knm_06230_01354268124 ಆದ್ದರಿಂದಲೇ ಶರೀರಕ್ರಿಯಾವಿಜ್ಞಾನವನ್ನು ನೋಡಬೇಕು 
LOG (lattice-best-path[5.5.891~1-37628]:main():lattice-best-path.cc:99) For utterance knm_06230_01433008341, best cost 922.96 + 24794.5 = 25717.4 over 254 frames.
knm_06230_01433008341 ಆಗ ಮಧ್ಯದಲ್ಲಿ ಸೇರುವ ಉಂಟಾಗುತ್ತದೆ 
LOG (lattice-best-path[5.5.891~1-37628]:main():lattice-best-path.cc:99) For utterance knm_06500_00067582165, best cost 1589.15 + 71618.8 = 73207.9 over 740 frames.
knm_06500_00067582165 ನಿಲ್ದಾಣದ ಅವಸಾಧನದಲ್ಲಿ ಅಂತರರಾಷ್ಟ್ರೀಯ ತೀರುವೆ ಬ್ಯಾಂಕಿಗೆ ಸ್ಥಾಪನೆಯಾಯಿತು 
LOG (lattice-best-path[5.5.891~1-37628]:main():lattice-best-path.cc:99) For utterance knm_06681_01385815476, best cost 1737.03 + 89348.1 = 91085.1 over 988 frames.
knm_06681_01385815476 ಹಾರ್ಮೋನ್ ಶತಮಾನದಲ್ಲಿ ಪ್ರವರ್ಧಮಾನಕ್ಕೆ ಬಂತು ಒಂದು ರಾಜ್ಯವಾಗಿತ್ತು 
LOG (lattice-best-path[5.5.891~1-37628]:main():lattice-best-path.cc:99) For utterance knm_06681_02093588741, best cost 2093.04 + 113204 = 115297 over 1244 frames.
knm_06681_02093588741 ಅಂತರರಾಷ್ಟ್ರೀಯ ಉಕ್ಕು ಕಾರ್ಟೆಲ್ಲು ಉತ್ಪನ್ನದ ಮೊತ್ತವನ್ನು ಯಶಸ್ವಿಯಾಗಿ ನಿರ್ಬಂಧಿಸಿತ್ತು 
LOG (lattice-best-path[5.5.891~1-37628]:main():lattice-best-path.cc:99) For utterance knm_06788_00979870381, best cost 593.745 + 37455.5 = 38049.2 over 433 frames.
knm_06788_00979870381 ರಾಕೆಟ್ ವಿಜ್ಞಾನ 
LOG (lattice-best-path[5.5.891~1-37628]:main():lattice-best-path.cc:99) For utterance knm_06984_00866400530, best cost 515.976 + 24295.7 = 24811.7 over 263 frames.
knm_06984_00866400530 ಇವೆ ಅಲ್ಲದೆ 
LOG (lattice-best-path[5.5.891~1-37628]:main():lattice-best-path.cc:99) For utterance knm_06984_01792045590, best cost 1675.25 + 65993.4 = 67668.7 over 655 frames.
knm_06984_01792045590 ಯುರೋಪಿನ ಅನೇಕ ರಾಷ್ಟ್ರಗಳಲ್ಲಿ ಇದರ ಅಂಗಸಂಸ್ಥೆಗಳ ಸಂಖ್ಯೆ ಹೆಚ್ಚಿತು 
LOG (lattice-best-path[5.5.891~1-37628]:main():lattice-best-path.cc:99) For utterance knm_07221_00758933658, best cost 1023.83 + 37477.2 = 38501 over 391 frames.
knm_07221_00758933658 ಚರಕಸಂಹಿತೆಯಲ್ಲೇ ಈ ವಿಧಾನ ಹೇಳಿಲ್ಲ 
LOG (lattice-best-path[5.5.891~1-37628]:main():lattice-best-path.cc:99) For utterance knm_07524_00031785805, best cost 2056.57 + 84796.8 = 86853.4 over 894 frames.
knm_07524_00031785805 ಯಾಕೆಂದರೆ ಅದರ ಗೋಡೆಗಳು ಆಯಾ ರಾಜ್ಯಗಳು ಸ್ವಯಂ ಪ್ರೇರಣೆಯಿಂದ ಒಪ್ಪಲ್ಪಡುತ್ತವೆ 
LOG (lattice-best-path[5.5.891~1-37628]:main():lattice-best-path.cc:99) For utterance knm_07524_00050245068, best cost 589.544 + 39490.8 = 40080.3 over 450 frames.
knm_07524_00050245068 ಧಾರ್ಮಿಕ ಚಿತ್ರಗಳು 
LOG (lattice-best-path[5.5.891~1-37628]:main():lattice-best-path.cc:99) For utterance knm_07524_00318896617, best cost 1604.15 + 58567.5 = 60171.6 over 612 frames.
knm_07524_00318896617 ಮಲಗಿದವರು ಕೊರತೆ ಶಬ್ದ ಮಾಡುವಾಗ ಕಿರುನಾಲಿಗೆ ಕಂಪಿಸುತ್ತದೆ 
LOG (lattice-best-path[5.5.891~1-37628]:main():lattice-best-path.cc:99) For utterance knm_07524_01722219606, best cost 2330.05 + 83424.5 = 85754.6 over 843 frames.
knm_07524_01722219606 ಈ ಒಂದೊಂದು ದೇವತೆಯೂ ಪರತತ್ತ್ವ ಸ್ವರೂಪವೆಂದು ಪ್ರತಿಪಾದಿಸಿರುವುದು ವೈದಿಕ ಧರ್ಮದ ವೈಶಿಷ್ಟ್ಯ 
LOG (lattice-best-path[5.5.891~1-37628]:main():lattice-best-path.cc:99) For utterance knm_07722_00794558679, best cost 696.808 + 38899.9 = 39596.7 over 408 frames.
knm_07722_00794558679 ಅನೇಕ ಸಂದರ್ಭಗಳು 
LOG (lattice-best-path[5.5.891~1-37628]:main():lattice-best-path.cc:99) For utterance knm_07918_00101024522, best cost 1794.79 + 55325.4 = 57120.2 over 536 frames.
knm_07918_00101024522 ಅಂಟು ಚಿತ್ರಣವು ಈ ಇನ್ನೂ ಗುರುತಿಸಲ್ಪಡುವ ಪ್ರಾಮುಖ್ಯತೆಗಳನ್ನು ಮೊಟ್ಟೆಯ ಕಲೆಹಾಕಲಾಗುವುದು 
LOG (lattice-best-path[5.5.891~1-37628]:main():lattice-best-path.cc:99) For utterance knm_07918_00344390763, best cost 967.401 + 39720.5 = 40687.9 over 416 frames.
knm_07918_00344390763 ಅನೇಕ ಸ್ಟೇಷನರಿ ಬಳಕೆಗಳಿಗಾಗಿ ಇವೆ 
LOG (lattice-best-path[5.5.891~1-37628]:main():lattice-best-path.cc:99) For utterance knm_08025_01005211078, best cost 522.193 + 24715.1 = 25237.3 over 280 frames.
knm_08025_01005211078 ತೀರ ಸಾಮಾನ್ಯ 
LOG (lattice-best-path[5.5.891~1-37628]:main():lattice-best-path.cc:99) For utterance knm_08025_01815510700, best cost 2384.83 + 87225.9 = 89610.7 over 894 frames.
knm_08025_01815510700 ತೊಡೆಸಂದಿಯ ಅಂಡವಾಯುಗಳು ಪುರುಷರ ಮತ್ತು ಮಹಿಳೆಯರಲ್ಲಿನ ಅಂಡವಾಯುವಿನ ಪೈಕಿ ಅತಿಸಾಮಾನ್ಯವಾದ ಬಗೆಯಾಗಿದೆ 
LOG (lattice-best-path[5.5.891~1-37628]:main():lattice-best-path.cc:99) For utterance knm_09140_00720736851, best cost 1441.92 + 57171.2 = 58613.1 over 595 frames.
knm_09140_00720736851 ನಿಲ್ದಾಣದ ಹತ್ತಿರವಿರುವ ತೂಕರಹಿತ ಪರಿಸರ ನಿರ್ಮಾಣವಾಗುತ್ತದೆ 
LOG (lattice-best-path[5.5.891~1-37628]:main():lattice-best-path.cc:99) For utterance knm_09140_01245552601, best cost 375.404 + 20211.9 = 20587.3 over 237 frames.
knm_09140_01245552601 ಅಗತ್ಯವಿದೆ 
LOG (lattice-best-path[5.5.891~1-37628]:main():lattice-best-path.cc:99) For utterance knm_09140_01249646213, best cost 576.048 + 25836.8 = 26412.8 over 280 frames.
knm_09140_01249646213 ಕೊಲಂಬಿಯ ಅಪಘಾತ 
LOG (lattice-best-path[5.5.891~1-37628]:main():lattice-best-path.cc:99) For utterance knm_09877_01386053555, best cost 1224.11 + 40148.8 = 41372.9 over 433 frames.
knm_09877_01386053555 ನಮ್ಮಲ್ಲಿ ಒಣಗಿಸಿ ಮಾರಾಟಕ್ಕೆ ಕಳುಹಿಸುವುದು ಕಡಿಮೆ 
LOG (lattice-best-path[5.5.891~1-37628]:main():lattice-best-path.cc:99) For utterance knm_09877_01488515142, best cost 1061.81 + 42254.7 = 43316.5 over 450 frames.
knm_09877_01488515142 ಕೇಸಿಯಿನ್ ಅಂಟು ಸರಂಧ್ರವಸ್ತುಗಳನ್ನು ಅಂಟಿಸುವುದಕ್ಕೆ 
LOG (lattice-best-path[5.5.891~1-37628]:main():lattice-best-path.cc:99) For utterance knm_09877_01579354608, best cost 2850.61 + 95600.7 = 98451.3 over 979 frames.
knm_09877_01579354608 ಹುಡುಕಾಟದ ಪರ್ವತ ಅಂಶಗಳನ್ನು ಸಾಮಾನ್ಯವಾಗಿ ಒಂದು ಪಟ್ಟಿಯ ರೂಪದಲ್ಲಿ ಪ್ರಸ್ತುತಪಡಿಸಲಾಗುತ್ತದೆ ಮತ್ತು ಇವನ್ನು ಹಿಟ್ಸ್ ಎಂದು ಕರೆಯಲಾಗುತ್ತದೆ 
LOG (lattice-best-path[5.5.891~1-37628]:main():lattice-best-path.cc:124) Overall cost per frame is 100.84 = 2.57942 [graph] + 98.261 [acoustic] over 136285 frames.
LOG (lattice-best-path[5.5.891~1-37628]:main():lattice-best-path.cc:128) Done 200 lattices, failed for 0
# Accounting: time=0 threads=1
# Ended (code 0) at Sat Apr  3 02:14:26 IST 2021, elapsed time 0 seconds
