# gmm-init-model --write-occs=exp/tri1/1.occs exp/tri1/tree exp/tri1/treeacc data/lang/topo exp/tri1/1.mdl 
# Started at Sat Apr  3 02:08:22 IST 2021
#
gmm-init-model --write-occs=exp/tri1/1.occs exp/tri1/tree exp/tri1/treeacc data/lang/topo exp/tri1/1.mdl 
LOG (gmm-init-model[5.5.891~1-37628]:main():gmm-init-model.cc:271) Number of separate statistics is 53736
WARNING (gmm-init-model[5.5.891~1-37628]:InitAmGmm():gmm-init-model.cc:55) Tree has pdf-id 31 with no stats; corresponding phone list: 127 128 129 130 
WARNING (gmm-init-model[5.5.891~1-37628]:InitAmGmm():gmm-init-model.cc:55) Tree has pdf-id 45 with no stats; corresponding phone list: 183 184 185 186 
WARNING (gmm-init-model[5.5.891~1-37628]:InitAmGmm():gmm-init-model.cc:83) Very small count for state 28: 9; corresponding phone list: 115 116 117 118 
WARNING (gmm-init-model[5.5.891~1-37628]:InitAmGmm():gmm-init-model.cc:83) Very small count for state 42: 4; corresponding phone list: 171 172 173 174 
WARNING (gmm-init-model[5.5.891~1-37628]:InitAmGmm():gmm-init-model.cc:83) Very small count for state 50: 9; corresponding phone list: 203 204 205 206 
WARNING (gmm-init-model[5.5.891~1-37628]:InitAmGmm():gmm-init-model.cc:83) Very small count for state 394: 73; corresponding phone list: 51 
WARNING (gmm-init-model[5.5.891~1-37628]:InitAmGmm():gmm-init-model.cc:83) Very small count for state 463: 83; corresponding phone list: 120 
WARNING (gmm-init-model[5.5.891~1-37628]:InitAmGmm():gmm-init-model.cc:83) Very small count for state 747: 66; corresponding phone list: 83 84 85 86 
WARNING (gmm-init-model[5.5.891~1-37628]:InitAmGmm():gmm-init-model.cc:83) Very small count for state 749: 83; corresponding phone list: 191 192 193 194 
WARNING (gmm-init-model[5.5.891~1-37628]:InitAmGmm():gmm-init-model.cc:83) Very small count for state 1027: 82; corresponding phone list: 35 36 38 
WARNING (gmm-init-model[5.5.891~1-37628]:InitAmGmm():gmm-init-model.cc:83) Very small count for state 1223: 62; corresponding phone list: 147 148 149 150 
WARNING (gmm-init-model[5.5.891~1-37628]:InitAmGmm():gmm-init-model.cc:83) Very small count for state 1308: 90; corresponding phone list: 143 145 146 
WARNING (gmm-init-model[5.5.891~1-37628]:InitAmGmm():gmm-init-model.cc:83) Very small count for state 1362: 74; corresponding phone list: 111 112 113 114 
WARNING (gmm-init-model[5.5.891~1-37628]:InitAmGmm():gmm-init-model.cc:83) Very small count for state 1433: 36; corresponding phone list: 52 
WARNING (gmm-init-model[5.5.891~1-37628]:InitAmGmm():gmm-init-model.cc:83) Very small count for state 1535: 67; corresponding phone list: 163 164 165 166 
LOG (gmm-init-model[5.5.891~1-37628]:main():gmm-init-model.cc:306) Wrote model.
# Accounting: time=0 threads=1
# Ended (code 0) at Sat Apr  3 02:08:22 IST 2021, elapsed time 0 seconds
