# build-tree --verbose=1 --max-leaves=2000 --cluster-thresh=-1 exp/tri1/treeacc data/lang/phones/roots.int exp/tri1/questions.qst data/lang/topo exp/tri1/tree 
# Started at Sat Apr  3 02:08:18 IST 2021
#
build-tree --verbose=1 --max-leaves=2000 --cluster-thresh=-1 exp/tri1/treeacc data/lang/phones/roots.int exp/tri1/questions.qst data/lang/topo exp/tri1/tree 
LOG (build-tree[5.5.891~1-37628]:main():build-tree.cc:104) Number of separate statistics is 53736
LOG (build-tree[5.5.891~1-37628]:BuildTree():build-tree.cc:161) BuildTree: before building trees, map has 52 leaves.
LOG (build-tree[5.5.891~1-37628]:SplitDecisionTree():build-tree-utils.cc:577) DoDecisionTreeSplit: split 1948 times, #leaves now 2000
LOG (build-tree[5.5.891~1-37628]:BuildTree():build-tree.cc:187) Setting clustering threshold to smallest split 470.844
VLOG[1] (build-tree[5.5.891~1-37628]:BuildTree():build-tree.cc:196) After decision tree split, num-leaves = 2000, like-impr = 4.57309 per frame over 2.74026e+06 frames.
VLOG[1] (build-tree[5.5.891~1-37628]:BuildTree():build-tree.cc:200) Including just phones that were split, improvement is 4.57309 per frame over 2.74026e+06 frames.
LOG (build-tree[5.5.891~1-37628]:BuildTree():build-tree.cc:215) BuildTree: removed 464 leaves.
VLOG[1] (build-tree[5.5.891~1-37628]:ClusterEventMapToNClustersRestrictedByMap():build-tree-utils.cc:914) Number of non-empty clusters in map = 50
VLOG[1] (build-tree[5.5.891~1-37628]:ClusterEventMapToNClustersRestrictedByMap():build-tree-utils.cc:915) Number of non-empty clusters = 1534
VLOG[1] (build-tree[5.5.891~1-37628]:BuildTree():build-tree.cc:256) Objf change due to clustering -0.0495252 per frame.
VLOG[1] (build-tree[5.5.891~1-37628]:BuildTree():build-tree.cc:259) Normalizing over only split phones, this is: -0.0495252 per frame.
VLOG[1] (build-tree[5.5.891~1-37628]:BuildTree():build-tree.cc:262) Num-leaves is now 1536
VLOG[1] (build-tree[5.5.891~1-37628]:main():build-tree.cc:143) For pdf-id 28, low count 9
VLOG[1] (build-tree[5.5.891~1-37628]:main():build-tree.cc:143) For pdf-id 31, low count 0
VLOG[1] (build-tree[5.5.891~1-37628]:main():build-tree.cc:143) For pdf-id 42, low count 4
VLOG[1] (build-tree[5.5.891~1-37628]:main():build-tree.cc:143) For pdf-id 45, low count 0
VLOG[1] (build-tree[5.5.891~1-37628]:main():build-tree.cc:143) For pdf-id 50, low count 9
VLOG[1] (build-tree[5.5.891~1-37628]:main():build-tree.cc:143) For pdf-id 394, low count 73
VLOG[1] (build-tree[5.5.891~1-37628]:main():build-tree.cc:143) For pdf-id 463, low count 83
VLOG[1] (build-tree[5.5.891~1-37628]:main():build-tree.cc:143) For pdf-id 747, low count 66
VLOG[1] (build-tree[5.5.891~1-37628]:main():build-tree.cc:143) For pdf-id 749, low count 83
VLOG[1] (build-tree[5.5.891~1-37628]:main():build-tree.cc:143) For pdf-id 1027, low count 82
VLOG[1] (build-tree[5.5.891~1-37628]:main():build-tree.cc:143) For pdf-id 1223, low count 62
VLOG[1] (build-tree[5.5.891~1-37628]:main():build-tree.cc:143) For pdf-id 1308, low count 90
VLOG[1] (build-tree[5.5.891~1-37628]:main():build-tree.cc:143) For pdf-id 1362, low count 74
VLOG[1] (build-tree[5.5.891~1-37628]:main():build-tree.cc:143) For pdf-id 1433, low count 36
VLOG[1] (build-tree[5.5.891~1-37628]:main():build-tree.cc:143) For pdf-id 1535, low count 67
WARNING (build-tree[5.5.891~1-37628]:main():build-tree.cc:185) Saw no stats for following phones: 1 5 7 8 9 10 14 18 22 26 30 31 34 42 46 54 58 62 64 66 70 74 86 87 88 90 94 98 106 107 110 114 115 116 118 122 123 126 127 128 129 130 131 134 135 138 142 146 148 155 158 163 166 170 171 172 174 183 184 185 186 190 194 196 198 203 205 206 
LOG (build-tree[5.5.891~1-37628]:main():build-tree.cc:189) Wrote tree
# Accounting: time=4 threads=1
# Ended (code 0) at Sat Apr  3 02:08:22 IST 2021, elapsed time 4 seconds
